{"D:\\esignees-server\\server\\app.js": {"path":"D:\\esignees-server\\server\\app.js","statementMap":{"0":{"start":{"line":1,"column":0},"end":{"line":3,"column":1}},"1":{"start":{"line":2,"column":2},"end":{"line":2,"column":29}},"2":{"start":{"line":4,"column":19},"end":{"line":4,"column":43}},"3":{"start":{"line":5,"column":30},"end":{"line":5,"column":66}},"4":{"start":{"line":6,"column":15},"end":{"line":6,"column":32}},"5":{"start":{"line":8,"column":0},"end":{"line":12,"column":3}},"6":{"start":{"line":14,"column":16},"end":{"line":19,"column":2}},"7":{"start":{"line":20,"column":15},"end":{"line":20,"column":43}},"8":{"start":{"line":22,"column":16},"end":{"line":22,"column":34}},"9":{"start":{"line":23,"column":12},"end":{"line":23,"column":21}},"10":{"start":{"line":24,"column":13},"end":{"line":24,"column":37}},"11":{"start":{"line":25,"column":13},"end":{"line":25,"column":28}},"12":{"start":{"line":26,"column":15},"end":{"line":26,"column":35}},"13":{"start":{"line":27,"column":25},"end":{"line":27,"column":62}},"14":{"start":{"line":38,"column":0},"end":{"line":38,"column":16}},"15":{"start":{"line":39,"column":0},"end":{"line":39,"column":48}},"16":{"start":{"line":40,"column":0},"end":{"line":40,"column":24}},"17":{"start":{"line":41,"column":0},"end":{"line":41,"column":16}},"18":{"start":{"line":42,"column":0},"end":{"line":42,"column":22}},"19":{"start":{"line":50,"column":0},"end":{"line":50,"column":20}}},"fnMap":{},"branchMap":{"0":{"loc":{"start":{"line":1,"column":0},"end":{"line":3,"column":1}},"type":"if","locations":[{"start":{"line":1,"column":0},"end":{"line":3,"column":1}},{"start":{},"end":{}}],"line":1},"1":{"loc":{"start":{"line":24,"column":13},"end":{"line":24,"column":37}},"type":"binary-expr","locations":[{"start":{"line":24,"column":13},"end":{"line":24,"column":29}},{"start":{"line":24,"column":33},"end":{"line":24,"column":37}}],"line":24}},"s":{"0":2,"1":2,"2":2,"3":2,"4":2,"5":2,"6":2,"7":2,"8":2,"9":2,"10":2,"11":2,"12":2,"13":2,"14":2,"15":2,"16":2,"17":2,"18":2,"19":2},"f":{},"b":{"0":[2,0],"1":[2,2]},"_coverageSchema":"1a1c01bbd47fc00a2c39e90264f33305004495a9","hash":"6824552f79d6b58f950cdc3c941a60c81e255e4e"}
,"D:\\esignees-server\\server\\controllers\\controllerCMSAdmin.js": {"path":"D:\\esignees-server\\server\\controllers\\controllerCMSAdmin.js","statementMap":{"0":{"start":{"line":1,"column":42},"end":{"line":1,"column":70}},"1":{"start":{"line":2,"column":24},"end":{"line":2,"column":49}},"2":{"start":{"line":3,"column":33},"end":{"line":3,"column":53}},"3":{"start":{"line":7,"column":4},"end":{"line":32,"column":5}},"4":{"start":{"line":8,"column":32},"end":{"line":8,"column":40}},"5":{"start":{"line":9,"column":6},"end":{"line":11,"column":7}},"6":{"start":{"line":10,"column":8},"end":{"line":10,"column":37}},"7":{"start":{"line":12,"column":18},"end":{"line":12,"column":59}},"8":{"start":{"line":13,"column":6},"end":{"line":15,"column":7}},"9":{"start":{"line":14,"column":8},"end":{"line":14,"column":45}},"10":{"start":{"line":17,"column":21},"end":{"line":17,"column":62}},"11":{"start":{"line":18,"column":6},"end":{"line":20,"column":7}},"12":{"start":{"line":19,"column":8},"end":{"line":19,"column":45}},"13":{"start":{"line":22,"column":20},"end":{"line":25,"column":7}},"14":{"start":{"line":27,"column":25},"end":{"line":27,"column":45}},"15":{"start":{"line":28,"column":6},"end":{"line":28,"column":65}},"16":{"start":{"line":30,"column":6},"end":{"line":30,"column":25}},"17":{"start":{"line":31,"column":6},"end":{"line":31,"column":18}},"18":{"start":{"line":36,"column":4},"end":{"line":52,"column":5}},"19":{"start":{"line":37,"column":45},"end":{"line":37,"column":53}},"20":{"start":{"line":38,"column":6},"end":{"line":38,"column":28}},"21":{"start":{"line":39,"column":18},"end":{"line":44,"column":8}},"22":{"start":{"line":45,"column":6},"end":{"line":49,"column":9}},"23":{"start":{"line":51,"column":6},"end":{"line":51,"column":17}},"24":{"start":{"line":56,"column":4},"end":{"line":69,"column":5}},"25":{"start":{"line":57,"column":17},"end":{"line":65,"column":8}},"26":{"start":{"line":66,"column":6},"end":{"line":66,"column":33}},"27":{"start":{"line":68,"column":6},"end":{"line":68,"column":18}},"28":{"start":{"line":73,"column":4},"end":{"line":90,"column":5}},"29":{"start":{"line":74,"column":19},"end":{"line":74,"column":29}},"30":{"start":{"line":75,"column":23},"end":{"line":75,"column":31}},"31":{"start":{"line":77,"column":17},"end":{"line":77,"column":40}},"32":{"start":{"line":79,"column":6},"end":{"line":84,"column":8}},"33":{"start":{"line":85,"column":6},"end":{"line":87,"column":9}},"34":{"start":{"line":89,"column":6},"end":{"line":89,"column":18}},"35":{"start":{"line":94,"column":4},"end":{"line":111,"column":5}},"36":{"start":{"line":95,"column":19},"end":{"line":95,"column":29}},"37":{"start":{"line":96,"column":17},"end":{"line":96,"column":40}},"38":{"start":{"line":98,"column":6},"end":{"line":100,"column":7}},"39":{"start":{"line":99,"column":8},"end":{"line":99,"column":35}},"40":{"start":{"line":102,"column":6},"end":{"line":104,"column":9}},"41":{"start":{"line":106,"column":6},"end":{"line":108,"column":9}},"42":{"start":{"line":110,"column":6},"end":{"line":110,"column":18}},"43":{"start":{"line":115,"column":0},"end":{"line":115,"column":33}}},"fnMap":{"0":{"name":"(anonymous_0)","decl":{"start":{"line":6,"column":2},"end":{"line":6,"column":3}},"loc":{"start":{"line":6,"column":42},"end":{"line":33,"column":3}},"line":6},"1":{"name":"(anonymous_1)","decl":{"start":{"line":35,"column":2},"end":{"line":35,"column":3}},"loc":{"start":{"line":35,"column":45},"end":{"line":53,"column":3}},"line":35},"2":{"name":"(anonymous_2)","decl":{"start":{"line":55,"column":2},"end":{"line":55,"column":3}},"loc":{"start":{"line":55,"column":41},"end":{"line":70,"column":3}},"line":55},"3":{"name":"(anonymous_3)","decl":{"start":{"line":72,"column":2},"end":{"line":72,"column":3}},"loc":{"start":{"line":72,"column":43},"end":{"line":91,"column":3}},"line":72},"4":{"name":"(anonymous_4)","decl":{"start":{"line":93,"column":2},"end":{"line":93,"column":3}},"loc":{"start":{"line":93,"column":42},"end":{"line":112,"column":3}},"line":93}},"branchMap":{"0":{"loc":{"start":{"line":9,"column":6},"end":{"line":11,"column":7}},"type":"if","locations":[{"start":{"line":9,"column":6},"end":{"line":11,"column":7}},{"start":{},"end":{}}],"line":9},"1":{"loc":{"start":{"line":9,"column":10},"end":{"line":9,"column":29}},"type":"binary-expr","locations":[{"start":{"line":9,"column":10},"end":{"line":9,"column":16}},{"start":{"line":9,"column":20},"end":{"line":9,"column":29}}],"line":9},"2":{"loc":{"start":{"line":13,"column":6},"end":{"line":15,"column":7}},"type":"if","locations":[{"start":{"line":13,"column":6},"end":{"line":15,"column":7}},{"start":{},"end":{}}],"line":13},"3":{"loc":{"start":{"line":18,"column":6},"end":{"line":20,"column":7}},"type":"if","locations":[{"start":{"line":18,"column":6},"end":{"line":20,"column":7}},{"start":{},"end":{}}],"line":18},"4":{"loc":{"start":{"line":98,"column":6},"end":{"line":100,"column":7}},"type":"if","locations":[{"start":{"line":98,"column":6},"end":{"line":100,"column":7}},{"start":{},"end":{}}],"line":98}},"s":{"0":2,"1":2,"2":2,"3":3,"4":3,"5":3,"6":0,"7":3,"8":3,"9":1,"10":2,"11":2,"12":1,"13":1,"14":1,"15":1,"16":2,"17":2,"18":7,"19":7,"20":7,"21":7,"22":1,"23":6,"24":1,"25":1,"26":1,"27":0,"28":0,"29":0,"30":0,"31":0,"32":0,"33":0,"34":0,"35":0,"36":0,"37":0,"38":0,"39":0,"40":0,"41":0,"42":0,"43":2},"f":{"0":3,"1":7,"2":1,"3":0,"4":0},"b":{"0":[0,3],"1":[3,3],"2":[1,2],"3":[1,1],"4":[0,0]},"_coverageSchema":"1a1c01bbd47fc00a2c39e90264f33305004495a9","hash":"2f4eb7f6c910a0e9677d15dfd89fce971827b5bf"}
,"D:\\esignees-server\\server\\controllers\\controllerContact.js": {"path":"D:\\esignees-server\\server\\controllers\\controllerContact.js","statementMap":{"0":{"start":{"line":1,"column":26},"end":{"line":1,"column":52}},"1":{"start":{"line":7,"column":4},"end":{"line":22,"column":5}},"2":{"start":{"line":8,"column":24},"end":{"line":8,"column":35}},"3":{"start":{"line":9,"column":22},"end":{"line":9,"column":30}},"4":{"start":{"line":10,"column":23},"end":{"line":10,"column":63}},"5":{"start":{"line":11,"column":6},"end":{"line":13,"column":7}},"6":{"start":{"line":12,"column":8},"end":{"line":12,"column":39}},"7":{"start":{"line":14,"column":26},"end":{"line":14,"column":39}},"8":{"start":{"line":15,"column":17},"end":{"line":18,"column":8}},"9":{"start":{"line":19,"column":6},"end":{"line":19,"column":33}},"10":{"start":{"line":21,"column":6},"end":{"line":21,"column":18}},"11":{"start":{"line":27,"column":4},"end":{"line":37,"column":5}},"12":{"start":{"line":28,"column":19},"end":{"line":28,"column":27}},"13":{"start":{"line":29,"column":20},"end":{"line":29,"column":72}},"14":{"start":{"line":30,"column":6},"end":{"line":33,"column":7}},"15":{"start":{"line":31,"column":19},"end":{"line":31,"column":73}},"16":{"start":{"line":32,"column":8},"end":{"line":32,"column":41}},"17":{"start":{"line":34,"column":6},"end":{"line":34,"column":36}},"18":{"start":{"line":36,"column":6},"end":{"line":36,"column":18}},"19":{"start":{"line":42,"column":4},"end":{"line":57,"column":5}},"20":{"start":{"line":43,"column":19},"end":{"line":43,"column":29}},"21":{"start":{"line":44,"column":19},"end":{"line":44,"column":30}},"22":{"start":{"line":45,"column":17},"end":{"line":45,"column":43}},"23":{"start":{"line":46,"column":6},"end":{"line":48,"column":7}},"24":{"start":{"line":47,"column":8},"end":{"line":47,"column":42}},"25":{"start":{"line":49,"column":17},"end":{"line":49,"column":56}},"26":{"start":{"line":50,"column":6},"end":{"line":53,"column":7}},"27":{"start":{"line":51,"column":19},"end":{"line":51,"column":56}},"28":{"start":{"line":52,"column":8},"end":{"line":52,"column":41}},"29":{"start":{"line":54,"column":6},"end":{"line":54,"column":33}},"30":{"start":{"line":56,"column":6},"end":{"line":56,"column":18}},"31":{"start":{"line":62,"column":4},"end":{"line":72,"column":5}},"32":{"start":{"line":63,"column":19},"end":{"line":63,"column":29}},"33":{"start":{"line":64,"column":17},"end":{"line":64,"column":43}},"34":{"start":{"line":65,"column":6},"end":{"line":67,"column":7}},"35":{"start":{"line":66,"column":8},"end":{"line":66,"column":42}},"36":{"start":{"line":68,"column":6},"end":{"line":68,"column":47}},"37":{"start":{"line":69,"column":6},"end":{"line":69,"column":66}},"38":{"start":{"line":71,"column":6},"end":{"line":71,"column":18}},"39":{"start":{"line":76,"column":0},"end":{"line":76,"column":28}}},"fnMap":{"0":{"name":"(anonymous_0)","decl":{"start":{"line":6,"column":2},"end":{"line":6,"column":3}},"loc":{"start":{"line":6,"column":45},"end":{"line":23,"column":3}},"line":6},"1":{"name":"(anonymous_1)","decl":{"start":{"line":26,"column":2},"end":{"line":26,"column":3}},"loc":{"start":{"line":26,"column":46},"end":{"line":38,"column":3}},"line":26},"2":{"name":"(anonymous_2)","decl":{"start":{"line":41,"column":2},"end":{"line":41,"column":3}},"loc":{"start":{"line":41,"column":45},"end":{"line":58,"column":3}},"line":41},"3":{"name":"(anonymous_3)","decl":{"start":{"line":61,"column":2},"end":{"line":61,"column":3}},"loc":{"start":{"line":61,"column":45},"end":{"line":73,"column":3}},"line":61}},"branchMap":{"0":{"loc":{"start":{"line":11,"column":6},"end":{"line":13,"column":7}},"type":"if","locations":[{"start":{"line":11,"column":6},"end":{"line":13,"column":7}},{"start":{},"end":{}}],"line":11},"1":{"loc":{"start":{"line":30,"column":6},"end":{"line":33,"column":7}},"type":"if","locations":[{"start":{"line":30,"column":6},"end":{"line":33,"column":7}},{"start":{},"end":{}}],"line":30},"2":{"loc":{"start":{"line":46,"column":6},"end":{"line":48,"column":7}},"type":"if","locations":[{"start":{"line":46,"column":6},"end":{"line":48,"column":7}},{"start":{},"end":{}}],"line":46},"3":{"loc":{"start":{"line":50,"column":6},"end":{"line":53,"column":7}},"type":"if","locations":[{"start":{"line":50,"column":6},"end":{"line":53,"column":7}},{"start":{},"end":{}}],"line":50},"4":{"loc":{"start":{"line":65,"column":6},"end":{"line":67,"column":7}},"type":"if","locations":[{"start":{"line":65,"column":6},"end":{"line":67,"column":7}},{"start":{},"end":{}}],"line":65}},"s":{"0":2,"1":0,"2":0,"3":0,"4":0,"5":0,"6":0,"7":0,"8":0,"9":0,"10":0,"11":0,"12":0,"13":0,"14":0,"15":0,"16":0,"17":0,"18":0,"19":0,"20":0,"21":0,"22":0,"23":0,"24":0,"25":0,"26":0,"27":0,"28":0,"29":0,"30":0,"31":0,"32":0,"33":0,"34":0,"35":0,"36":0,"37":0,"38":0,"39":2},"f":{"0":0,"1":0,"2":0,"3":0},"b":{"0":[0,0],"1":[0,0],"2":[0,0],"3":[0,0],"4":[0,0]},"_coverageSchema":"1a1c01bbd47fc00a2c39e90264f33305004495a9","hash":"23f58e4c98ce0d79cfc6c8de75204956998f4280"}
,"D:\\esignees-server\\server\\controllers\\controllerMessage.js": {"path":"D:\\esignees-server\\server\\controllers\\controllerMessage.js","statementMap":{"0":{"start":{"line":7,"column":4},"end":{"line":7,"column":30}},"1":{"start":{"line":8,"column":49},"end":{"line":8,"column":77}},"2":{"start":{"line":9,"column":17},"end":{"line":9,"column":41}},"3":{"start":{"line":10,"column":20},"end":{"line":10,"column":44}},"4":{"start":{"line":11,"column":11},"end":{"line":11,"column":52}},"5":{"start":{"line":17,"column":4},"end":{"line":100,"column":5}},"6":{"start":{"line":21,"column":62},"end":{"line":21,"column":70}},"7":{"start":{"line":23,"column":27},"end":{"line":23,"column":38}},"8":{"start":{"line":24,"column":26},"end":{"line":24,"column":39}},"9":{"start":{"line":27,"column":19},"end":{"line":27,"column":29}},"10":{"start":{"line":28,"column":24},"end":{"line":28,"column":68}},"11":{"start":{"line":30,"column":6},"end":{"line":47,"column":30}},"12":{"start":{"line":33,"column":10},"end":{"line":41,"column":12}},"13":{"start":{"line":45,"column":20},"end":{"line":45,"column":30}},"14":{"start":{"line":46,"column":20},"end":{"line":46,"column":50}},"15":{"start":{"line":49,"column":21},"end":{"line":53,"column":8}},"16":{"start":{"line":55,"column":32},"end":{"line":58,"column":7}},"17":{"start":{"line":60,"column":6},"end":{"line":62,"column":7}},"18":{"start":{"line":61,"column":8},"end":{"line":61,"column":44}},"19":{"start":{"line":64,"column":23},"end":{"line":64,"column":63}},"20":{"start":{"line":65,"column":6},"end":{"line":67,"column":7}},"21":{"start":{"line":66,"column":8},"end":{"line":66,"column":42}},"22":{"start":{"line":69,"column":21},"end":{"line":93,"column":8}},"23":{"start":{"line":71,"column":27},"end":{"line":79,"column":9}},"24":{"start":{"line":81,"column":33},"end":{"line":81,"column":67}},"25":{"start":{"line":83,"column":8},"end":{"line":92,"column":10}},"26":{"start":{"line":95,"column":6},"end":{"line":97,"column":69}},"27":{"start":{"line":99,"column":6},"end":{"line":99,"column":18}},"28":{"start":{"line":105,"column":4},"end":{"line":125,"column":5}},"29":{"start":{"line":106,"column":25},"end":{"line":106,"column":36}},"30":{"start":{"line":107,"column":24},"end":{"line":107,"column":37}},"31":{"start":{"line":108,"column":31},"end":{"line":108,"column":39}},"32":{"start":{"line":109,"column":17},"end":{"line":109,"column":57}},"33":{"start":{"line":110,"column":6},"end":{"line":112,"column":7}},"34":{"start":{"line":111,"column":8},"end":{"line":111,"column":42}},"35":{"start":{"line":113,"column":17},"end":{"line":117,"column":8}},"36":{"start":{"line":118,"column":25},"end":{"line":121,"column":8}},"37":{"start":{"line":122,"column":6},"end":{"line":122,"column":33}},"38":{"start":{"line":124,"column":6},"end":{"line":124,"column":18}},"39":{"start":{"line":130,"column":4},"end":{"line":144,"column":5}},"40":{"start":{"line":131,"column":15},"end":{"line":131,"column":26}},"41":{"start":{"line":132,"column":28},"end":{"line":135,"column":8}},"42":{"start":{"line":136,"column":26},"end":{"line":139,"column":8}},"43":{"start":{"line":140,"column":20},"end":{"line":140,"column":54}},"44":{"start":{"line":141,"column":6},"end":{"line":141,"column":36}},"45":{"start":{"line":143,"column":6},"end":{"line":143,"column":18}},"46":{"start":{"line":149,"column":4},"end":{"line":157,"column":5}},"47":{"start":{"line":150,"column":19},"end":{"line":150,"column":29}},"48":{"start":{"line":151,"column":17},"end":{"line":151,"column":43}},"49":{"start":{"line":152,"column":23},"end":{"line":152,"column":61}},"50":{"start":{"line":154,"column":6},"end":{"line":154,"column":49}},"51":{"start":{"line":156,"column":6},"end":{"line":156,"column":18}},"52":{"start":{"line":161,"column":4},"end":{"line":183,"column":5}},"53":{"start":{"line":162,"column":19},"end":{"line":162,"column":29}},"54":{"start":{"line":163,"column":24},"end":{"line":163,"column":37}},"55":{"start":{"line":164,"column":26},"end":{"line":164,"column":42}},"56":{"start":{"line":165,"column":24},"end":{"line":165,"column":50}},"57":{"start":{"line":166,"column":6},"end":{"line":168,"column":7}},"58":{"start":{"line":167,"column":8},"end":{"line":167,"column":42}},"59":{"start":{"line":169,"column":6},"end":{"line":175,"column":8}},"60":{"start":{"line":176,"column":6},"end":{"line":179,"column":9}},"61":{"start":{"line":180,"column":6},"end":{"line":180,"column":64}},"62":{"start":{"line":182,"column":6},"end":{"line":182,"column":18}},"63":{"start":{"line":187,"column":0},"end":{"line":187,"column":28}}},"fnMap":{"0":{"name":"(anonymous_0)","decl":{"start":{"line":16,"column":2},"end":{"line":16,"column":3}},"loc":{"start":{"line":16,"column":43},"end":{"line":101,"column":3}},"line":16},"1":{"name":"(anonymous_1)","decl":{"start":{"line":32,"column":14},"end":{"line":32,"column":15}},"loc":{"start":{"line":32,"column":20},"end":{"line":42,"column":9}},"line":32},"2":{"name":"(anonymous_2)","decl":{"start":{"line":45,"column":14},"end":{"line":45,"column":15}},"loc":{"start":{"line":45,"column":20},"end":{"line":45,"column":30}},"line":45},"3":{"name":"(anonymous_3)","decl":{"start":{"line":46,"column":14},"end":{"line":46,"column":15}},"loc":{"start":{"line":46,"column":20},"end":{"line":46,"column":50}},"line":46},"4":{"name":"(anonymous_4)","decl":{"start":{"line":69,"column":49},"end":{"line":69,"column":50}},"loc":{"start":{"line":69,"column":62},"end":{"line":93,"column":7}},"line":69},"5":{"name":"(anonymous_5)","decl":{"start":{"line":104,"column":2},"end":{"line":104,"column":3}},"loc":{"start":{"line":104,"column":44},"end":{"line":126,"column":3}},"line":104},"6":{"name":"(anonymous_6)","decl":{"start":{"line":129,"column":2},"end":{"line":129,"column":3}},"loc":{"start":{"line":129,"column":46},"end":{"line":145,"column":3}},"line":129},"7":{"name":"(anonymous_7)","decl":{"start":{"line":148,"column":2},"end":{"line":148,"column":3}},"loc":{"start":{"line":148,"column":43},"end":{"line":158,"column":3}},"line":148},"8":{"name":"(anonymous_8)","decl":{"start":{"line":160,"column":2},"end":{"line":160,"column":3}},"loc":{"start":{"line":160,"column":45},"end":{"line":184,"column":3}},"line":160}},"branchMap":{"0":{"loc":{"start":{"line":60,"column":6},"end":{"line":62,"column":7}},"type":"if","locations":[{"start":{"line":60,"column":6},"end":{"line":62,"column":7}},{"start":{},"end":{}}],"line":60},"1":{"loc":{"start":{"line":65,"column":6},"end":{"line":67,"column":7}},"type":"if","locations":[{"start":{"line":65,"column":6},"end":{"line":67,"column":7}},{"start":{},"end":{}}],"line":65},"2":{"loc":{"start":{"line":110,"column":6},"end":{"line":112,"column":7}},"type":"if","locations":[{"start":{"line":110,"column":6},"end":{"line":112,"column":7}},{"start":{},"end":{}}],"line":110},"3":{"loc":{"start":{"line":166,"column":6},"end":{"line":168,"column":7}},"type":"if","locations":[{"start":{"line":166,"column":6},"end":{"line":168,"column":7}},{"start":{},"end":{}}],"line":166}},"s":{"0":2,"1":2,"2":2,"3":2,"4":2,"5":0,"6":0,"7":0,"8":0,"9":0,"10":0,"11":0,"12":0,"13":0,"14":0,"15":0,"16":0,"17":0,"18":0,"19":0,"20":0,"21":0,"22":0,"23":0,"24":0,"25":0,"26":0,"27":0,"28":0,"29":0,"30":0,"31":0,"32":0,"33":0,"34":0,"35":0,"36":0,"37":0,"38":0,"39":0,"40":0,"41":0,"42":0,"43":0,"44":0,"45":0,"46":0,"47":0,"48":0,"49":0,"50":0,"51":0,"52":0,"53":0,"54":0,"55":0,"56":0,"57":0,"58":0,"59":0,"60":0,"61":0,"62":0,"63":2},"f":{"0":0,"1":0,"2":0,"3":0,"4":0,"5":0,"6":0,"7":0,"8":0},"b":{"0":[0,0],"1":[0,0],"2":[0,0],"3":[0,0]},"_coverageSchema":"1a1c01bbd47fc00a2c39e90264f33305004495a9","hash":"7d09eaae6ba9cdf360a7d607c50961bc651cdb41"}
,"D:\\esignees-server\\server\\controllers\\controllerNotification.js": {"path":"D:\\esignees-server\\server\\controllers\\controllerNotification.js","statementMap":{"0":{"start":{"line":1,"column":40},"end":{"line":1,"column":66}},"1":{"start":{"line":7,"column":8},"end":{"line":13,"column":9}},"2":{"start":{"line":8,"column":23},"end":{"line":8,"column":31}},"3":{"start":{"line":9,"column":23},"end":{"line":9,"column":73}},"4":{"start":{"line":10,"column":12},"end":{"line":10,"column":38}},"5":{"start":{"line":12,"column":12},"end":{"line":12,"column":23}},"6":{"start":{"line":18,"column":8},"end":{"line":24,"column":9}},"7":{"start":{"line":19,"column":23},"end":{"line":19,"column":33}},"8":{"start":{"line":20,"column":23},"end":{"line":20,"column":54}},"9":{"start":{"line":21,"column":12},"end":{"line":21,"column":38}},"10":{"start":{"line":23,"column":12},"end":{"line":23,"column":23}},"11":{"start":{"line":29,"column":8},"end":{"line":37,"column":9}},"12":{"start":{"line":30,"column":23},"end":{"line":30,"column":33}},"13":{"start":{"line":31,"column":23},"end":{"line":33,"column":30}},"14":{"start":{"line":34,"column":12},"end":{"line":34,"column":62}},"15":{"start":{"line":36,"column":12},"end":{"line":36,"column":23}},"16":{"start":{"line":41,"column":0},"end":{"line":41,"column":27}}},"fnMap":{"0":{"name":"(anonymous_0)","decl":{"start":{"line":6,"column":4},"end":{"line":6,"column":5}},"loc":{"start":{"line":6,"column":52},"end":{"line":14,"column":5}},"line":6},"1":{"name":"(anonymous_1)","decl":{"start":{"line":17,"column":4},"end":{"line":17,"column":5}},"loc":{"start":{"line":17,"column":51},"end":{"line":25,"column":5}},"line":17},"2":{"name":"(anonymous_2)","decl":{"start":{"line":28,"column":4},"end":{"line":28,"column":5}},"loc":{"start":{"line":28,"column":47},"end":{"line":38,"column":5}},"line":28}},"branchMap":{},"s":{"0":2,"1":0,"2":0,"3":0,"4":0,"5":0,"6":0,"7":0,"8":0,"9":0,"10":0,"11":0,"12":0,"13":0,"14":0,"15":0,"16":2},"f":{"0":0,"1":0,"2":0},"b":{},"_coverageSchema":"1a1c01bbd47fc00a2c39e90264f33305004495a9","hash":"85d83e274d1fa5c34aa1c1aa3cff72f0fa56dc42"}
,"D:\\esignees-server\\server\\controllers\\controllerSignature.js": {"path":"D:\\esignees-server\\server\\controllers\\controllerSignature.js","statementMap":{"0":{"start":{"line":1,"column":48},"end":{"line":1,"column":74}},"1":{"start":{"line":2,"column":38},"end":{"line":2,"column":63}},"2":{"start":{"line":3,"column":19},"end":{"line":3,"column":43}},"3":{"start":{"line":5,"column":0},"end":{"line":9,"column":3}},"4":{"start":{"line":13,"column":4},"end":{"line":39,"column":5}},"5":{"start":{"line":14,"column":29},"end":{"line":14,"column":40}},"6":{"start":{"line":15,"column":31},"end":{"line":15,"column":39}},"7":{"start":{"line":16,"column":19},"end":{"line":16,"column":45}},"8":{"start":{"line":17,"column":17},"end":{"line":17,"column":47}},"9":{"start":{"line":18,"column":6},"end":{"line":20,"column":7}},"10":{"start":{"line":19,"column":8},"end":{"line":19,"column":39}},"11":{"start":{"line":22,"column":21},"end":{"line":26,"column":8}},"12":{"start":{"line":27,"column":6},"end":{"line":27,"column":30}},"13":{"start":{"line":29,"column":28},"end":{"line":32,"column":8}},"14":{"start":{"line":34,"column":6},"end":{"line":34,"column":33}},"15":{"start":{"line":36,"column":6},"end":{"line":36,"column":73}},"16":{"start":{"line":38,"column":6},"end":{"line":38,"column":18}},"17":{"start":{"line":43,"column":4},"end":{"line":60,"column":5}},"18":{"start":{"line":44,"column":29},"end":{"line":44,"column":40}},"19":{"start":{"line":45,"column":19},"end":{"line":45,"column":45}},"20":{"start":{"line":46,"column":17},"end":{"line":46,"column":47}},"21":{"start":{"line":47,"column":6},"end":{"line":49,"column":7}},"22":{"start":{"line":48,"column":8},"end":{"line":48,"column":39}},"23":{"start":{"line":51,"column":24},"end":{"line":55,"column":8}},"24":{"start":{"line":57,"column":6},"end":{"line":57,"column":68}},"25":{"start":{"line":59,"column":6},"end":{"line":59,"column":18}},"26":{"start":{"line":68,"column":0},"end":{"line":68,"column":28}}},"fnMap":{"0":{"name":"(anonymous_0)","decl":{"start":{"line":12,"column":2},"end":{"line":12,"column":3}},"loc":{"start":{"line":12,"column":47},"end":{"line":40,"column":3}},"line":12},"1":{"name":"(anonymous_1)","decl":{"start":{"line":42,"column":2},"end":{"line":42,"column":3}},"loc":{"start":{"line":42,"column":44},"end":{"line":61,"column":3}},"line":42},"2":{"name":"(anonymous_2)","decl":{"start":{"line":63,"column":2},"end":{"line":63,"column":3}},"loc":{"start":{"line":63,"column":31},"end":{"line":63,"column":33}},"line":63},"3":{"name":"(anonymous_3)","decl":{"start":{"line":65,"column":2},"end":{"line":65,"column":3}},"loc":{"start":{"line":65,"column":33},"end":{"line":65,"column":35}},"line":65}},"branchMap":{"0":{"loc":{"start":{"line":18,"column":6},"end":{"line":20,"column":7}},"type":"if","locations":[{"start":{"line":18,"column":6},"end":{"line":20,"column":7}},{"start":{},"end":{}}],"line":18},"1":{"loc":{"start":{"line":47,"column":6},"end":{"line":49,"column":7}},"type":"if","locations":[{"start":{"line":47,"column":6},"end":{"line":49,"column":7}},{"start":{},"end":{}}],"line":47}},"s":{"0":2,"1":2,"2":2,"3":2,"4":0,"5":0,"6":0,"7":0,"8":0,"9":0,"10":0,"11":0,"12":0,"13":0,"14":0,"15":0,"16":0,"17":0,"18":0,"19":0,"20":0,"21":0,"22":0,"23":0,"24":0,"25":0,"26":2},"f":{"0":0,"1":0,"2":0,"3":0},"b":{"0":[0,0],"1":[0,0]},"_coverageSchema":"1a1c01bbd47fc00a2c39e90264f33305004495a9","hash":"f529908f34d864784852053c9595dc4a51f68054"}
,"D:\\esignees-server\\server\\controllers\\controllerUser.js": {"path":"D:\\esignees-server\\server\\controllers\\controllerUser.js","statementMap":{"0":{"start":{"line":1,"column":37},"end":{"line":1,"column":63}},"1":{"start":{"line":2,"column":38},"end":{"line":2,"column":63}},"2":{"start":{"line":3,"column":42},"end":{"line":3,"column":70}},"3":{"start":{"line":4,"column":28},"end":{"line":4,"column":56}},"4":{"start":{"line":9,"column":4},"end":{"line":89,"column":5}},"5":{"start":{"line":26,"column":10},"end":{"line":26,"column":18}},"6":{"start":{"line":28,"column":38},"end":{"line":28,"column":55}},"7":{"start":{"line":30,"column":6},"end":{"line":65,"column":7}},"8":{"start":{"line":31,"column":21},"end":{"line":59,"column":10}},"9":{"start":{"line":32,"column":21},"end":{"line":43,"column":11}},"10":{"start":{"line":44,"column":28},"end":{"line":58,"column":11}},"11":{"start":{"line":60,"column":8},"end":{"line":64,"column":11}},"12":{"start":{"line":66,"column":24},"end":{"line":66,"column":79}},"13":{"start":{"line":67,"column":6},"end":{"line":69,"column":7}},"14":{"start":{"line":68,"column":8},"end":{"line":68,"column":42}},"15":{"start":{"line":70,"column":17},"end":{"line":80,"column":8}},"16":{"start":{"line":81,"column":6},"end":{"line":86,"column":9}},"17":{"start":{"line":88,"column":6},"end":{"line":88,"column":18}},"18":{"start":{"line":94,"column":4},"end":{"line":122,"column":5}},"19":{"start":{"line":95,"column":32},"end":{"line":95,"column":40}},"20":{"start":{"line":96,"column":6},"end":{"line":98,"column":7}},"21":{"start":{"line":97,"column":8},"end":{"line":97,"column":37}},"22":{"start":{"line":100,"column":17},"end":{"line":100,"column":57}},"23":{"start":{"line":101,"column":6},"end":{"line":103,"column":7}},"24":{"start":{"line":102,"column":8},"end":{"line":102,"column":45}},"25":{"start":{"line":108,"column":20},"end":{"line":108,"column":60}},"26":{"start":{"line":109,"column":6},"end":{"line":111,"column":7}},"27":{"start":{"line":110,"column":8},"end":{"line":110,"column":45}},"28":{"start":{"line":112,"column":20},"end":{"line":114,"column":7}},"29":{"start":{"line":116,"column":25},"end":{"line":116,"column":45}},"30":{"start":{"line":117,"column":6},"end":{"line":119,"column":68}},"31":{"start":{"line":121,"column":6},"end":{"line":121,"column":18}},"32":{"start":{"line":127,"column":4},"end":{"line":139,"column":5}},"33":{"start":{"line":128,"column":29},"end":{"line":128,"column":40}},"34":{"start":{"line":129,"column":19},"end":{"line":129,"column":45}},"35":{"start":{"line":130,"column":17},"end":{"line":130,"column":47}},"36":{"start":{"line":131,"column":6},"end":{"line":136,"column":9}},"37":{"start":{"line":138,"column":6},"end":{"line":138,"column":18}},"38":{"start":{"line":144,"column":4},"end":{"line":167,"column":5}},"39":{"start":{"line":145,"column":29},"end":{"line":145,"column":40}},"40":{"start":{"line":146,"column":55},"end":{"line":146,"column":63}},"41":{"start":{"line":147,"column":19},"end":{"line":147,"column":45}},"42":{"start":{"line":148,"column":17},"end":{"line":148,"column":47}},"43":{"start":{"line":149,"column":6},"end":{"line":151,"column":7}},"44":{"start":{"line":150,"column":8},"end":{"line":150,"column":39}},"45":{"start":{"line":152,"column":17},"end":{"line":161,"column":7}},"46":{"start":{"line":162,"column":6},"end":{"line":164,"column":69}},"47":{"start":{"line":166,"column":6},"end":{"line":166,"column":18}},"48":{"start":{"line":171,"column":0},"end":{"line":171,"column":28}}},"fnMap":{"0":{"name":"(anonymous_0)","decl":{"start":{"line":8,"column":2},"end":{"line":8,"column":3}},"loc":{"start":{"line":8,"column":47},"end":{"line":90,"column":3}},"line":8},"1":{"name":"(anonymous_1)","decl":{"start":{"line":31,"column":49},"end":{"line":31,"column":50}},"loc":{"start":{"line":31,"column":62},"end":{"line":59,"column":9}},"line":31},"2":{"name":"(anonymous_2)","decl":{"start":{"line":93,"column":2},"end":{"line":93,"column":3}},"loc":{"start":{"line":93,"column":37},"end":{"line":123,"column":3}},"line":93},"3":{"name":"(anonymous_3)","decl":{"start":{"line":126,"column":2},"end":{"line":126,"column":3}},"loc":{"start":{"line":126,"column":45},"end":{"line":140,"column":3}},"line":126},"4":{"name":"(anonymous_4)","decl":{"start":{"line":143,"column":2},"end":{"line":143,"column":3}},"loc":{"start":{"line":143,"column":43},"end":{"line":168,"column":3}},"line":143}},"branchMap":{"0":{"loc":{"start":{"line":30,"column":6},"end":{"line":65,"column":7}},"type":"if","locations":[{"start":{"line":30,"column":6},"end":{"line":65,"column":7}},{"start":{},"end":{}}],"line":30},"1":{"loc":{"start":{"line":67,"column":6},"end":{"line":69,"column":7}},"type":"if","locations":[{"start":{"line":67,"column":6},"end":{"line":69,"column":7}},{"start":{},"end":{}}],"line":67},"2":{"loc":{"start":{"line":96,"column":6},"end":{"line":98,"column":7}},"type":"if","locations":[{"start":{"line":96,"column":6},"end":{"line":98,"column":7}},{"start":{},"end":{}}],"line":96},"3":{"loc":{"start":{"line":96,"column":10},"end":{"line":96,"column":29}},"type":"binary-expr","locations":[{"start":{"line":96,"column":10},"end":{"line":96,"column":16}},{"start":{"line":96,"column":20},"end":{"line":96,"column":29}}],"line":96},"4":{"loc":{"start":{"line":101,"column":6},"end":{"line":103,"column":7}},"type":"if","locations":[{"start":{"line":101,"column":6},"end":{"line":103,"column":7}},{"start":{},"end":{}}],"line":101},"5":{"loc":{"start":{"line":109,"column":6},"end":{"line":111,"column":7}},"type":"if","locations":[{"start":{"line":109,"column":6},"end":{"line":111,"column":7}},{"start":{},"end":{}}],"line":109},"6":{"loc":{"start":{"line":149,"column":6},"end":{"line":151,"column":7}},"type":"if","locations":[{"start":{"line":149,"column":6},"end":{"line":151,"column":7}},{"start":{},"end":{}}],"line":149}},"s":{"0":2,"1":2,"2":2,"3":2,"4":0,"5":0,"6":0,"7":0,"8":0,"9":0,"10":0,"11":0,"12":0,"13":0,"14":0,"15":0,"16":0,"17":0,"18":0,"19":0,"20":0,"21":0,"22":0,"23":0,"24":0,"25":0,"26":0,"27":0,"28":0,"29":0,"30":0,"31":0,"32":0,"33":0,"34":0,"35":0,"36":0,"37":0,"38":0,"39":0,"40":0,"41":0,"42":0,"43":0,"44":0,"45":0,"46":0,"47":0,"48":2},"f":{"0":0,"1":0,"2":0,"3":0,"4":0},"b":{"0":[0,0],"1":[0,0],"2":[0,0],"3":[0,0],"4":[0,0],"5":[0,0],"6":[0,0]},"_coverageSchema":"1a1c01bbd47fc00a2c39e90264f33305004495a9","hash":"f5897472994b9d00bc728133531bfd01e33efb68"}
,"D:\\esignees-server\\server\\helpers\\bcrypt.js": {"path":"D:\\esignees-server\\server\\helpers\\bcrypt.js","statementMap":{"0":{"start":{"line":1,"column":15},"end":{"line":1,"column":34}},"1":{"start":{"line":3,"column":21},"end":{"line":6,"column":1}},"2":{"start":{"line":4,"column":15},"end":{"line":4,"column":43}},"3":{"start":{"line":5,"column":2},"end":{"line":5,"column":14}},"4":{"start":{"line":8,"column":24},"end":{"line":11,"column":1}},"5":{"start":{"line":9,"column":18},"end":{"line":9,"column":52}},"6":{"start":{"line":10,"column":2},"end":{"line":10,"column":17}},"7":{"start":{"line":13,"column":0},"end":{"line":13,"column":51}}},"fnMap":{"0":{"name":"(anonymous_0)","decl":{"start":{"line":3,"column":21},"end":{"line":3,"column":22}},"loc":{"start":{"line":3,"column":35},"end":{"line":6,"column":1}},"line":3},"1":{"name":"(anonymous_1)","decl":{"start":{"line":8,"column":24},"end":{"line":8,"column":25}},"loc":{"start":{"line":8,"column":44},"end":{"line":11,"column":1}},"line":8}},"branchMap":{},"s":{"0":2,"1":2,"2":7,"3":7,"4":2,"5":2,"6":2,"7":2},"f":{"0":7,"1":2},"b":{},"_coverageSchema":"1a1c01bbd47fc00a2c39e90264f33305004495a9","hash":"aee40b704ca1ebc12cae289eaf5fec9af1598275"}
,"D:\\esignees-server\\server\\helpers\\crypto.js": {"path":"D:\\esignees-server\\server\\helpers\\crypto.js","statementMap":{"0":{"start":{"line":1,"column":15},"end":{"line":1,"column":32}},"1":{"start":{"line":2,"column":11},"end":{"line":2,"column":24}},"2":{"start":{"line":4,"column":24},"end":{"line":21,"column":1}},"3":{"start":{"line":5,"column":36},"end":{"line":15,"column":4}},"4":{"start":{"line":17,"column":2},"end":{"line":17,"column":49}},"5":{"start":{"line":18,"column":2},"end":{"line":18,"column":51}},"6":{"start":{"line":20,"column":2},"end":{"line":20,"column":45}},"7":{"start":{"line":23,"column":25},"end":{"line":49,"column":1}},"8":{"start":{"line":24,"column":2},"end":{"line":48,"column":3}},"9":{"start":{"line":25,"column":23},"end":{"line":29,"column":6}},"10":{"start":{"line":31,"column":25},"end":{"line":34,"column":6}},"11":{"start":{"line":36,"column":22},"end":{"line":39,"column":6}},"12":{"start":{"line":41,"column":35},"end":{"line":41,"column":63}},"13":{"start":{"line":43,"column":19},"end":{"line":43,"column":76}},"14":{"start":{"line":45,"column":4},"end":{"line":45,"column":18}},"15":{"start":{"line":47,"column":4},"end":{"line":47,"column":17}},"16":{"start":{"line":51,"column":16},"end":{"line":64,"column":1}},"17":{"start":{"line":52,"column":21},"end":{"line":56,"column":4}},"18":{"start":{"line":57,"column":15},"end":{"line":57,"column":42}},"19":{"start":{"line":58,"column":21},"end":{"line":58,"column":45}},"20":{"start":{"line":59,"column":2},"end":{"line":59,"column":26}},"21":{"start":{"line":60,"column":2},"end":{"line":60,"column":13}},"22":{"start":{"line":62,"column":26},"end":{"line":62,"column":66}},"23":{"start":{"line":63,"column":2},"end":{"line":63,"column":25}},"24":{"start":{"line":66,"column":18},"end":{"line":85,"column":1}},"25":{"start":{"line":67,"column":20},"end":{"line":67,"column":44}},"26":{"start":{"line":69,"column":20},"end":{"line":73,"column":4}},"27":{"start":{"line":75,"column":17},"end":{"line":75,"column":46}},"28":{"start":{"line":76,"column":2},"end":{"line":76,"column":27}},"29":{"start":{"line":77,"column":2},"end":{"line":77,"column":15}},"30":{"start":{"line":79,"column":17},"end":{"line":82,"column":3}},"31":{"start":{"line":84,"column":2},"end":{"line":84,"column":16}},"32":{"start":{"line":87,"column":0},"end":{"line":92,"column":2}}},"fnMap":{"0":{"name":"(anonymous_0)","decl":{"start":{"line":4,"column":24},"end":{"line":4,"column":25}},"loc":{"start":{"line":4,"column":30},"end":{"line":21,"column":1}},"line":4},"1":{"name":"(anonymous_1)","decl":{"start":{"line":23,"column":25},"end":{"line":23,"column":26}},"loc":{"start":{"line":23,"column":70},"end":{"line":49,"column":1}},"line":23},"2":{"name":"(anonymous_2)","decl":{"start":{"line":51,"column":16},"end":{"line":51,"column":17}},"loc":{"start":{"line":51,"column":47},"end":{"line":64,"column":1}},"line":51},"3":{"name":"(anonymous_3)","decl":{"start":{"line":66,"column":18},"end":{"line":66,"column":19}},"loc":{"start":{"line":66,"column":65},"end":{"line":85,"column":1}},"line":66}},"branchMap":{"0":{"loc":{"start":{"line":43,"column":19},"end":{"line":43,"column":76}},"type":"cond-expr","locations":[{"start":{"line":43,"column":64},"end":{"line":43,"column":68}},{"start":{"line":43,"column":71},"end":{"line":43,"column":76}}],"line":43}},"s":{"0":2,"1":2,"2":2,"3":0,"4":0,"5":0,"6":0,"7":2,"8":0,"9":0,"10":0,"11":0,"12":0,"13":0,"14":0,"15":0,"16":2,"17":0,"18":0,"19":0,"20":0,"21":0,"22":0,"23":0,"24":2,"25":0,"26":0,"27":0,"28":0,"29":0,"30":0,"31":0,"32":2},"f":{"0":0,"1":0,"2":0,"3":0},"b":{"0":[0,0]},"_coverageSchema":"1a1c01bbd47fc00a2c39e90264f33305004495a9","hash":"8fd9872ec9479eaaead150b43fade3634588f614"}
,"D:\\esignees-server\\server\\helpers\\jwt.js": {"path":"D:\\esignees-server\\server\\helpers\\jwt.js","statementMap":{"0":{"start":{"line":1,"column":12},"end":{"line":1,"column":35}},"1":{"start":{"line":2,"column":15},"end":{"line":2,"column":24}},"2":{"start":{"line":4,"column":20},"end":{"line":6,"column":1}},"3":{"start":{"line":5,"column":2},"end":{"line":5,"column":35}},"4":{"start":{"line":8,"column":21},"end":{"line":10,"column":1}},"5":{"start":{"line":9,"column":2},"end":{"line":9,"column":35}},"6":{"start":{"line":12,"column":0},"end":{"line":12,"column":47}}},"fnMap":{"0":{"name":"(anonymous_0)","decl":{"start":{"line":4,"column":20},"end":{"line":4,"column":21}},"loc":{"start":{"line":4,"column":33},"end":{"line":6,"column":1}},"line":4},"1":{"name":"(anonymous_1)","decl":{"start":{"line":8,"column":21},"end":{"line":8,"column":22}},"loc":{"start":{"line":8,"column":32},"end":{"line":10,"column":1}},"line":8}},"branchMap":{},"s":{"0":2,"1":2,"2":2,"3":2,"4":2,"5":4,"6":2},"f":{"0":2,"1":4},"b":{},"_coverageSchema":"1a1c01bbd47fc00a2c39e90264f33305004495a9","hash":"88559a49f3daa7e6b5e7d883b411f64922b61058"}
,"D:\\esignees-server\\server\\middlewares\\authetication.js": {"path":"D:\\esignees-server\\server\\middlewares\\authetication.js","statementMap":{"0":{"start":{"line":1,"column":24},"end":{"line":1,"column":50}},"1":{"start":{"line":2,"column":25},"end":{"line":2,"column":50}},"2":{"start":{"line":5,"column":2},"end":{"line":21,"column":3}},"3":{"start":{"line":6,"column":23},"end":{"line":6,"column":47}},"4":{"start":{"line":7,"column":4},"end":{"line":9,"column":5}},"5":{"start":{"line":8,"column":6},"end":{"line":8,"column":37}},"6":{"start":{"line":11,"column":18},"end":{"line":11,"column":44}},"7":{"start":{"line":12,"column":19},"end":{"line":12,"column":50}},"8":{"start":{"line":13,"column":4},"end":{"line":15,"column":5}},"9":{"start":{"line":14,"column":6},"end":{"line":14,"column":37}},"10":{"start":{"line":17,"column":4},"end":{"line":17,"column":56}},"11":{"start":{"line":18,"column":4},"end":{"line":18,"column":11}},"12":{"start":{"line":20,"column":4},"end":{"line":20,"column":16}},"13":{"start":{"line":25,"column":2},"end":{"line":41,"column":3}},"14":{"start":{"line":26,"column":23},"end":{"line":26,"column":47}},"15":{"start":{"line":27,"column":4},"end":{"line":29,"column":5}},"16":{"start":{"line":28,"column":6},"end":{"line":28,"column":37}},"17":{"start":{"line":31,"column":18},"end":{"line":31,"column":44}},"18":{"start":{"line":32,"column":19},"end":{"line":32,"column":51}},"19":{"start":{"line":33,"column":4},"end":{"line":35,"column":5}},"20":{"start":{"line":34,"column":6},"end":{"line":34,"column":37}},"21":{"start":{"line":37,"column":4},"end":{"line":37,"column":56}},"22":{"start":{"line":38,"column":4},"end":{"line":38,"column":11}},"23":{"start":{"line":40,"column":4},"end":{"line":40,"column":16}},"24":{"start":{"line":44,"column":0},"end":{"line":44,"column":50}}},"fnMap":{"0":{"name":"authetication","decl":{"start":{"line":4,"column":15},"end":{"line":4,"column":28}},"loc":{"start":{"line":4,"column":45},"end":{"line":22,"column":1}},"line":4},"1":{"name":"autheticationAdm","decl":{"start":{"line":24,"column":15},"end":{"line":24,"column":31}},"loc":{"start":{"line":24,"column":48},"end":{"line":42,"column":1}},"line":24}},"branchMap":{"0":{"loc":{"start":{"line":7,"column":4},"end":{"line":9,"column":5}},"type":"if","locations":[{"start":{"line":7,"column":4},"end":{"line":9,"column":5}},{"start":{},"end":{}}],"line":7},"1":{"loc":{"start":{"line":13,"column":4},"end":{"line":15,"column":5}},"type":"if","locations":[{"start":{"line":13,"column":4},"end":{"line":15,"column":5}},{"start":{},"end":{}}],"line":13},"2":{"loc":{"start":{"line":27,"column":4},"end":{"line":29,"column":5}},"type":"if","locations":[{"start":{"line":27,"column":4},"end":{"line":29,"column":5}},{"start":{},"end":{}}],"line":27},"3":{"loc":{"start":{"line":33,"column":4},"end":{"line":35,"column":5}},"type":"if","locations":[{"start":{"line":33,"column":4},"end":{"line":35,"column":5}},{"start":{},"end":{}}],"line":33}},"s":{"0":2,"1":2,"2":0,"3":0,"4":0,"5":0,"6":0,"7":0,"8":0,"9":0,"10":0,"11":0,"12":0,"13":7,"14":7,"15":7,"16":3,"17":4,"18":4,"19":4,"20":3,"21":1,"22":1,"23":6,"24":2},"f":{"0":0,"1":7},"b":{"0":[0,0],"1":[0,0],"2":[3,4],"3":[3,1]},"_coverageSchema":"1a1c01bbd47fc00a2c39e90264f33305004495a9","hash":"999943ab2b2661f1e5d14294bcdc2e4e1f7a6a2c"}
,"D:\\esignees-server\\server\\middlewares\\errorHandler.js": {"path":"D:\\esignees-server\\server\\middlewares\\errorHandler.js","statementMap":{"0":{"start":{"line":1,"column":21},"end":{"line":49,"column":1}},"1":{"start":{"line":2,"column":2},"end":{"line":2,"column":21}},"2":{"start":{"line":3,"column":15},"end":{"line":3,"column":18}},"3":{"start":{"line":4,"column":16},"end":{"line":4,"column":39}},"4":{"start":{"line":6,"column":2},"end":{"line":46,"column":3}},"5":{"start":{"line":10,"column":4},"end":{"line":10,"column":17}},"6":{"start":{"line":11,"column":4},"end":{"line":11,"column":38}},"7":{"start":{"line":12,"column":9},"end":{"line":46,"column":3}},"8":{"start":{"line":13,"column":4},"end":{"line":13,"column":17}},"9":{"start":{"line":14,"column":4},"end":{"line":14,"column":46}},"10":{"start":{"line":15,"column":9},"end":{"line":46,"column":3}},"11":{"start":{"line":16,"column":4},"end":{"line":16,"column":17}},"12":{"start":{"line":17,"column":4},"end":{"line":17,"column":64}},"13":{"start":{"line":18,"column":9},"end":{"line":46,"column":3}},"14":{"start":{"line":22,"column":4},"end":{"line":22,"column":17}},"15":{"start":{"line":23,"column":4},"end":{"line":23,"column":32}},"16":{"start":{"line":24,"column":9},"end":{"line":46,"column":3}},"17":{"start":{"line":25,"column":4},"end":{"line":25,"column":17}},"18":{"start":{"line":26,"column":4},"end":{"line":26,"column":42}},"19":{"start":{"line":27,"column":9},"end":{"line":46,"column":3}},"20":{"start":{"line":28,"column":4},"end":{"line":28,"column":17}},"21":{"start":{"line":29,"column":4},"end":{"line":30,"column":105}},"22":{"start":{"line":31,"column":9},"end":{"line":46,"column":3}},"23":{"start":{"line":32,"column":4},"end":{"line":32,"column":17}},"24":{"start":{"line":33,"column":4},"end":{"line":33,"column":79}},"25":{"start":{"line":34,"column":9},"end":{"line":46,"column":3}},"26":{"start":{"line":35,"column":4},"end":{"line":35,"column":17}},"27":{"start":{"line":36,"column":4},"end":{"line":36,"column":31}},"28":{"start":{"line":37,"column":9},"end":{"line":46,"column":3}},"29":{"start":{"line":38,"column":4},"end":{"line":38,"column":17}},"30":{"start":{"line":39,"column":4},"end":{"line":39,"column":34}},"31":{"start":{"line":40,"column":9},"end":{"line":46,"column":3}},"32":{"start":{"line":41,"column":4},"end":{"line":41,"column":17}},"33":{"start":{"line":42,"column":4},"end":{"line":42,"column":34}},"34":{"start":{"line":43,"column":9},"end":{"line":46,"column":3}},"35":{"start":{"line":44,"column":4},"end":{"line":44,"column":17}},"36":{"start":{"line":45,"column":4},"end":{"line":45,"column":49}},"37":{"start":{"line":48,"column":2},"end":{"line":48,"column":46}},"38":{"start":{"line":51,"column":0},"end":{"line":51,"column":34}}},"fnMap":{"0":{"name":"(anonymous_0)","decl":{"start":{"line":1,"column":21},"end":{"line":1,"column":22}},"loc":{"start":{"line":1,"column":48},"end":{"line":49,"column":1}},"line":1}},"branchMap":{"0":{"loc":{"start":{"line":6,"column":2},"end":{"line":46,"column":3}},"type":"if","locations":[{"start":{"line":6,"column":2},"end":{"line":46,"column":3}},{"start":{"line":12,"column":9},"end":{"line":46,"column":3}}],"line":6},"1":{"loc":{"start":{"line":7,"column":4},"end":{"line":8,"column":51}},"type":"binary-expr","locations":[{"start":{"line":7,"column":4},"end":{"line":7,"column":45}},{"start":{"line":8,"column":4},"end":{"line":8,"column":51}}],"line":7},"2":{"loc":{"start":{"line":12,"column":9},"end":{"line":46,"column":3}},"type":"if","locations":[{"start":{"line":12,"column":9},"end":{"line":46,"column":3}},{"start":{"line":15,"column":9},"end":{"line":46,"column":3}}],"line":12},"3":{"loc":{"start":{"line":15,"column":9},"end":{"line":46,"column":3}},"type":"if","locations":[{"start":{"line":15,"column":9},"end":{"line":46,"column":3}},{"start":{"line":18,"column":9},"end":{"line":46,"column":3}}],"line":15},"4":{"loc":{"start":{"line":18,"column":9},"end":{"line":46,"column":3}},"type":"if","locations":[{"start":{"line":18,"column":9},"end":{"line":46,"column":3}},{"start":{"line":24,"column":9},"end":{"line":46,"column":3}}],"line":18},"5":{"loc":{"start":{"line":19,"column":4},"end":{"line":20,"column":38}},"type":"binary-expr","locations":[{"start":{"line":19,"column":4},"end":{"line":19,"column":33}},{"start":{"line":20,"column":4},"end":{"line":20,"column":38}}],"line":19},"6":{"loc":{"start":{"line":24,"column":9},"end":{"line":46,"column":3}},"type":"if","locations":[{"start":{"line":24,"column":9},"end":{"line":46,"column":3}},{"start":{"line":27,"column":9},"end":{"line":46,"column":3}}],"line":24},"7":{"loc":{"start":{"line":27,"column":9},"end":{"line":46,"column":3}},"type":"if","locations":[{"start":{"line":27,"column":9},"end":{"line":46,"column":3}},{"start":{"line":31,"column":9},"end":{"line":46,"column":3}}],"line":27},"8":{"loc":{"start":{"line":31,"column":9},"end":{"line":46,"column":3}},"type":"if","locations":[{"start":{"line":31,"column":9},"end":{"line":46,"column":3}},{"start":{"line":34,"column":9},"end":{"line":46,"column":3}}],"line":31},"9":{"loc":{"start":{"line":34,"column":9},"end":{"line":46,"column":3}},"type":"if","locations":[{"start":{"line":34,"column":9},"end":{"line":46,"column":3}},{"start":{"line":37,"column":9},"end":{"line":46,"column":3}}],"line":34},"10":{"loc":{"start":{"line":37,"column":9},"end":{"line":46,"column":3}},"type":"if","locations":[{"start":{"line":37,"column":9},"end":{"line":46,"column":3}},{"start":{"line":40,"column":9},"end":{"line":46,"column":3}}],"line":37},"11":{"loc":{"start":{"line":40,"column":9},"end":{"line":46,"column":3}},"type":"if","locations":[{"start":{"line":40,"column":9},"end":{"line":46,"column":3}},{"start":{"line":43,"column":9},"end":{"line":46,"column":3}}],"line":40},"12":{"loc":{"start":{"line":43,"column":9},"end":{"line":46,"column":3}},"type":"if","locations":[{"start":{"line":43,"column":9},"end":{"line":46,"column":3}},{"start":{},"end":{}}],"line":43}},"s":{"0":2,"1":14,"2":14,"3":14,"4":14,"5":6,"6":6,"7":8,"8":0,"9":0,"10":8,"11":0,"12":0,"13":8,"14":6,"15":6,"16":2,"17":2,"18":2,"19":0,"20":0,"21":0,"22":0,"23":0,"24":0,"25":0,"26":0,"27":0,"28":0,"29":0,"30":0,"31":0,"32":0,"33":0,"34":0,"35":0,"36":0,"37":14,"38":2},"f":{"0":14},"b":{"0":[6,8],"1":[14,9],"2":[0,8],"3":[0,8],"4":[6,2],"5":[8,2],"6":[2,0],"7":[0,0],"8":[0,0],"9":[0,0],"10":[0,0],"11":[0,0],"12":[0,0]},"_coverageSchema":"1a1c01bbd47fc00a2c39e90264f33305004495a9","hash":"15b2c9c2e750bd6e3948a48fe1c6e98883273b12"}
,"D:\\esignees-server\\server\\models\\admin.js": {"path":"D:\\esignees-server\\server\\models\\admin.js","statementMap":{"0":{"start":{"line":4,"column":4},"end":{"line":4,"column":24}},"1":{"start":{"line":5,"column":0},"end":{"line":58,"column":2}},"2":{"start":{"line":16,"column":2},"end":{"line":56,"column":5}},"3":{"start":{"line":57,"column":2},"end":{"line":57,"column":15}}},"fnMap":{"0":{"name":"(anonymous_0)","decl":{"start":{"line":5,"column":17},"end":{"line":5,"column":18}},"loc":{"start":{"line":5,"column":43},"end":{"line":58,"column":1}},"line":5},"1":{"name":"(anonymous_1)","decl":{"start":{"line":12,"column":4},"end":{"line":12,"column":5}},"loc":{"start":{"line":12,"column":29},"end":{"line":14,"column":5}},"line":12}},"branchMap":{},"s":{"0":2,"1":2,"2":2,"3":2},"f":{"0":2,"1":2},"b":{},"_coverageSchema":"1a1c01bbd47fc00a2c39e90264f33305004495a9","hash":"766217e0aaa49d8a7cd04397ca0b0c2eaff5d735"}
,"D:\\esignees-server\\server\\models\\company.js": {"path":"D:\\esignees-server\\server\\models\\company.js","statementMap":{"0":{"start":{"line":4,"column":4},"end":{"line":4,"column":24}},"1":{"start":{"line":5,"column":0},"end":{"line":99,"column":2}},"2":{"start":{"line":14,"column":6},"end":{"line":14,"column":61}},"3":{"start":{"line":17,"column":2},"end":{"line":92,"column":5}},"4":{"start":{"line":93,"column":2},"end":{"line":97,"column":4}},"5":{"start":{"line":94,"column":4},"end":{"line":94,"column":20}},"6":{"start":{"line":95,"column":4},"end":{"line":95,"column":87}},"7":{"start":{"line":96,"column":4},"end":{"line":96,"column":15}},"8":{"start":{"line":98,"column":2},"end":{"line":98,"column":17}}},"fnMap":{"0":{"name":"(anonymous_0)","decl":{"start":{"line":5,"column":17},"end":{"line":5,"column":18}},"loc":{"start":{"line":5,"column":43},"end":{"line":99,"column":1}},"line":5},"1":{"name":"(anonymous_1)","decl":{"start":{"line":12,"column":4},"end":{"line":12,"column":5}},"loc":{"start":{"line":12,"column":29},"end":{"line":15,"column":5}},"line":12},"2":{"name":"(anonymous_2)","decl":{"start":{"line":93,"column":23},"end":{"line":93,"column":24}},"loc":{"start":{"line":93,"column":31},"end":{"line":97,"column":3}},"line":93}},"branchMap":{},"s":{"0":2,"1":2,"2":2,"3":2,"4":2,"5":0,"6":0,"7":0,"8":2},"f":{"0":2,"1":2,"2":0},"b":{},"_coverageSchema":"1a1c01bbd47fc00a2c39e90264f33305004495a9","hash":"7da4b2c9714a1cd615cf5574a2a0ee8cd493a9f0"}
,"D:\\esignees-server\\server\\models\\contact.js": {"path":"D:\\esignees-server\\server\\models\\contact.js","statementMap":{"0":{"start":{"line":4,"column":4},"end":{"line":4,"column":24}},"1":{"start":{"line":5,"column":0},"end":{"line":37,"column":2}},"2":{"start":{"line":14,"column":6},"end":{"line":14,"column":65}},"3":{"start":{"line":15,"column":6},"end":{"line":15,"column":67}},"4":{"start":{"line":18,"column":2},"end":{"line":35,"column":5}},"5":{"start":{"line":36,"column":2},"end":{"line":36,"column":17}}},"fnMap":{"0":{"name":"(anonymous_0)","decl":{"start":{"line":5,"column":17},"end":{"line":5,"column":18}},"loc":{"start":{"line":5,"column":43},"end":{"line":37,"column":1}},"line":5},"1":{"name":"(anonymous_1)","decl":{"start":{"line":12,"column":4},"end":{"line":12,"column":5}},"loc":{"start":{"line":12,"column":29},"end":{"line":16,"column":5}},"line":12}},"branchMap":{},"s":{"0":2,"1":2,"2":2,"3":2,"4":2,"5":2},"f":{"0":2,"1":2},"b":{},"_coverageSchema":"1a1c01bbd47fc00a2c39e90264f33305004495a9","hash":"e86eb528f60fbb62401bd1d8c2ba3ae92ea08227"}
,"D:\\esignees-server\\server\\models\\document.js": {"path":"D:\\esignees-server\\server\\models\\document.js","statementMap":{"0":{"start":{"line":2,"column":18},"end":{"line":2,"column":38}},"1":{"start":{"line":3,"column":0},"end":{"line":30,"column":2}},"2":{"start":{"line":12,"column":6},"end":{"line":12,"column":38}},"3":{"start":{"line":13,"column":6},"end":{"line":13,"column":41}},"4":{"start":{"line":16,"column":2},"end":{"line":28,"column":4}},"5":{"start":{"line":29,"column":2},"end":{"line":29,"column":18}}},"fnMap":{"0":{"name":"(anonymous_0)","decl":{"start":{"line":3,"column":17},"end":{"line":3,"column":18}},"loc":{"start":{"line":3,"column":43},"end":{"line":30,"column":1}},"line":3},"1":{"name":"(anonymous_1)","decl":{"start":{"line":10,"column":4},"end":{"line":10,"column":5}},"loc":{"start":{"line":10,"column":29},"end":{"line":14,"column":5}},"line":10}},"branchMap":{},"s":{"0":2,"1":2,"2":2,"3":2,"4":2,"5":2},"f":{"0":2,"1":2},"b":{},"_coverageSchema":"1a1c01bbd47fc00a2c39e90264f33305004495a9","hash":"e4addd0c28ee41ca3f2f3229b477709e73a2994d"}
,"D:\\esignees-server\\server\\models\\index.js": {"path":"D:\\esignees-server\\server\\models\\index.js","statementMap":{"0":{"start":{"line":3,"column":11},"end":{"line":3,"column":24}},"1":{"start":{"line":4,"column":13},"end":{"line":4,"column":28}},"2":{"start":{"line":5,"column":18},"end":{"line":5,"column":38}},"3":{"start":{"line":6,"column":16},"end":{"line":6,"column":34}},"4":{"start":{"line":7,"column":17},"end":{"line":7,"column":42}},"5":{"start":{"line":8,"column":12},"end":{"line":8,"column":49}},"6":{"start":{"line":9,"column":15},"end":{"line":9,"column":65}},"7":{"start":{"line":10,"column":11},"end":{"line":10,"column":13}},"8":{"start":{"line":13,"column":0},"end":{"line":17,"column":1}},"9":{"start":{"line":14,"column":2},"end":{"line":14,"column":74}},"10":{"start":{"line":16,"column":2},"end":{"line":16,"column":87}},"11":{"start":{"line":19,"column":0},"end":{"line":27,"column":5}},"12":{"start":{"line":22,"column":4},"end":{"line":22,"column":90}},"13":{"start":{"line":25,"column":18},"end":{"line":25,"column":85}},"14":{"start":{"line":26,"column":4},"end":{"line":26,"column":27}},"15":{"start":{"line":29,"column":0},"end":{"line":33,"column":3}},"16":{"start":{"line":30,"column":2},"end":{"line":32,"column":3}},"17":{"start":{"line":31,"column":4},"end":{"line":31,"column":32}},"18":{"start":{"line":35,"column":0},"end":{"line":35,"column":25}},"19":{"start":{"line":36,"column":0},"end":{"line":36,"column":25}},"20":{"start":{"line":38,"column":0},"end":{"line":38,"column":20}}},"fnMap":{"0":{"name":"(anonymous_0)","decl":{"start":{"line":21,"column":10},"end":{"line":21,"column":11}},"loc":{"start":{"line":21,"column":18},"end":{"line":23,"column":3}},"line":21},"1":{"name":"(anonymous_1)","decl":{"start":{"line":24,"column":11},"end":{"line":24,"column":12}},"loc":{"start":{"line":24,"column":19},"end":{"line":27,"column":3}},"line":24},"2":{"name":"(anonymous_2)","decl":{"start":{"line":29,"column":24},"end":{"line":29,"column":25}},"loc":{"start":{"line":29,"column":37},"end":{"line":33,"column":1}},"line":29}},"branchMap":{"0":{"loc":{"start":{"line":8,"column":12},"end":{"line":8,"column":49}},"type":"binary-expr","locations":[{"start":{"line":8,"column":12},"end":{"line":8,"column":32}},{"start":{"line":8,"column":36},"end":{"line":8,"column":49}}],"line":8},"1":{"loc":{"start":{"line":13,"column":0},"end":{"line":17,"column":1}},"type":"if","locations":[{"start":{"line":13,"column":0},"end":{"line":17,"column":1}},{"start":{"line":15,"column":7},"end":{"line":17,"column":1}}],"line":13},"2":{"loc":{"start":{"line":22,"column":11},"end":{"line":22,"column":89}},"type":"binary-expr","locations":[{"start":{"line":22,"column":12},"end":{"line":22,"column":35}},{"start":{"line":22,"column":41},"end":{"line":22,"column":58}},{"start":{"line":22,"column":64},"end":{"line":22,"column":88}}],"line":22},"3":{"loc":{"start":{"line":30,"column":2},"end":{"line":32,"column":3}},"type":"if","locations":[{"start":{"line":30,"column":2},"end":{"line":32,"column":3}},{"start":{},"end":{}}],"line":30}},"s":{"0":2,"1":2,"2":2,"3":2,"4":2,"5":2,"6":2,"7":2,"8":2,"9":0,"10":2,"11":2,"12":18,"13":16,"14":16,"15":2,"16":16,"17":16,"18":2,"19":2,"20":2},"f":{"0":18,"1":16,"2":16},"b":{"0":[2,0],"1":[0,2],"2":[18,18,16],"3":[16,0]},"_coverageSchema":"1a1c01bbd47fc00a2c39e90264f33305004495a9","hash":"1dbb52d657474284dc34b894e7884116b29c3387"}
,"D:\\esignees-server\\server\\models\\message.js": {"path":"D:\\esignees-server\\server\\models\\message.js","statementMap":{"0":{"start":{"line":2,"column":18},"end":{"line":2,"column":38}},"1":{"start":{"line":3,"column":0},"end":{"line":55,"column":2}},"2":{"start":{"line":12,"column":6},"end":{"line":12,"column":69}},"3":{"start":{"line":13,"column":6},"end":{"line":13,"column":71}},"4":{"start":{"line":14,"column":6},"end":{"line":14,"column":39}},"5":{"start":{"line":17,"column":2},"end":{"line":50,"column":4}},"6":{"start":{"line":54,"column":2},"end":{"line":54,"column":17}}},"fnMap":{"0":{"name":"(anonymous_0)","decl":{"start":{"line":3,"column":17},"end":{"line":3,"column":18}},"loc":{"start":{"line":3,"column":43},"end":{"line":55,"column":1}},"line":3},"1":{"name":"(anonymous_1)","decl":{"start":{"line":10,"column":4},"end":{"line":10,"column":5}},"loc":{"start":{"line":10,"column":29},"end":{"line":15,"column":5}},"line":10}},"branchMap":{},"s":{"0":2,"1":2,"2":2,"3":2,"4":2,"5":2,"6":2},"f":{"0":2,"1":2},"b":{},"_coverageSchema":"1a1c01bbd47fc00a2c39e90264f33305004495a9","hash":"88447904929216dacba41005767490950e8a49fd"}
,"D:\\esignees-server\\server\\models\\notification.js": {"path":"D:\\esignees-server\\server\\models\\notification.js","statementMap":{"0":{"start":{"line":4,"column":4},"end":{"line":4,"column":24}},"1":{"start":{"line":5,"column":0},"end":{"line":29,"column":2}},"2":{"start":{"line":14,"column":6},"end":{"line":14,"column":66}},"3":{"start":{"line":17,"column":2},"end":{"line":24,"column":5}},"4":{"start":{"line":25,"column":2},"end":{"line":27,"column":4}},"5":{"start":{"line":26,"column":4},"end":{"line":26,"column":33}},"6":{"start":{"line":28,"column":2},"end":{"line":28,"column":22}}},"fnMap":{"0":{"name":"(anonymous_0)","decl":{"start":{"line":5,"column":17},"end":{"line":5,"column":18}},"loc":{"start":{"line":5,"column":43},"end":{"line":29,"column":1}},"line":5},"1":{"name":"(anonymous_1)","decl":{"start":{"line":12,"column":4},"end":{"line":12,"column":5}},"loc":{"start":{"line":12,"column":29},"end":{"line":15,"column":5}},"line":12},"2":{"name":"(anonymous_2)","decl":{"start":{"line":25,"column":28},"end":{"line":25,"column":29}},"loc":{"start":{"line":25,"column":36},"end":{"line":27,"column":3}},"line":25}},"branchMap":{},"s":{"0":2,"1":2,"2":2,"3":2,"4":2,"5":0,"6":2},"f":{"0":2,"1":2,"2":0},"b":{},"_coverageSchema":"1a1c01bbd47fc00a2c39e90264f33305004495a9","hash":"800a8fd86db16e3f9ae4a669180d5ec9a0f414bc"}
,"D:\\esignees-server\\server\\models\\signature.js": {"path":"D:\\esignees-server\\server\\models\\signature.js","statementMap":{"0":{"start":{"line":2,"column":18},"end":{"line":2,"column":38}},"1":{"start":{"line":3,"column":0},"end":{"line":26,"column":2}},"2":{"start":{"line":12,"column":6},"end":{"line":12,"column":39}},"3":{"start":{"line":15,"column":2},"end":{"line":24,"column":4}},"4":{"start":{"line":25,"column":2},"end":{"line":25,"column":19}}},"fnMap":{"0":{"name":"(anonymous_0)","decl":{"start":{"line":3,"column":17},"end":{"line":3,"column":18}},"loc":{"start":{"line":3,"column":43},"end":{"line":26,"column":1}},"line":3},"1":{"name":"(anonymous_1)","decl":{"start":{"line":10,"column":4},"end":{"line":10,"column":5}},"loc":{"start":{"line":10,"column":29},"end":{"line":13,"column":5}},"line":10}},"branchMap":{},"s":{"0":2,"1":2,"2":2,"3":2,"4":2},"f":{"0":2,"1":2},"b":{},"_coverageSchema":"1a1c01bbd47fc00a2c39e90264f33305004495a9","hash":"9a6c3ca669629be5cc4a349fd8f5189bbf9b208f"}
,"D:\\esignees-server\\server\\models\\user.js": {"path":"D:\\esignees-server\\server\\models\\user.js","statementMap":{"0":{"start":{"line":2,"column":18},"end":{"line":2,"column":38}},"1":{"start":{"line":3,"column":25},"end":{"line":3,"column":53}},"2":{"start":{"line":4,"column":0},"end":{"line":132,"column":2}},"3":{"start":{"line":13,"column":6},"end":{"line":13,"column":66}},"4":{"start":{"line":14,"column":6},"end":{"line":14,"column":66}},"5":{"start":{"line":15,"column":6},"end":{"line":15,"column":68}},"6":{"start":{"line":16,"column":6},"end":{"line":16,"column":66}},"7":{"start":{"line":17,"column":6},"end":{"line":17,"column":67}},"8":{"start":{"line":18,"column":6},"end":{"line":18,"column":69}},"9":{"start":{"line":19,"column":6},"end":{"line":19,"column":36}},"10":{"start":{"line":20,"column":6},"end":{"line":20,"column":36}},"11":{"start":{"line":23,"column":2},"end":{"line":125,"column":4}},"12":{"start":{"line":126,"column":2},"end":{"line":130,"column":5}},"13":{"start":{"line":127,"column":4},"end":{"line":127,"column":48}},"14":{"start":{"line":128,"column":4},"end":{"line":128,"column":31}},"15":{"start":{"line":129,"column":4},"end":{"line":129,"column":16}},"16":{"start":{"line":131,"column":2},"end":{"line":131,"column":14}}},"fnMap":{"0":{"name":"(anonymous_0)","decl":{"start":{"line":4,"column":17},"end":{"line":4,"column":18}},"loc":{"start":{"line":4,"column":43},"end":{"line":132,"column":1}},"line":4},"1":{"name":"(anonymous_1)","decl":{"start":{"line":11,"column":4},"end":{"line":11,"column":5}},"loc":{"start":{"line":11,"column":29},"end":{"line":21,"column":5}},"line":11},"2":{"name":"(anonymous_2)","decl":{"start":{"line":126,"column":20},"end":{"line":126,"column":21}},"loc":{"start":{"line":126,"column":30},"end":{"line":130,"column":3}},"line":126}},"branchMap":{},"s":{"0":2,"1":2,"2":2,"3":2,"4":2,"5":2,"6":2,"7":2,"8":2,"9":2,"10":2,"11":2,"12":2,"13":0,"14":0,"15":0,"16":2},"f":{"0":2,"1":2,"2":0},"b":{},"_coverageSchema":"1a1c01bbd47fc00a2c39e90264f33305004495a9","hash":"350f18f4f20bc24c653a7d983f38bc0de81e324b"}
,"D:\\esignees-server\\server\\routers\\admin.js": {"path":"D:\\esignees-server\\server\\routers\\admin.js","statementMap":{"0":{"start":{"line":1,"column":16},"end":{"line":1,"column":34}},"1":{"start":{"line":2,"column":24},"end":{"line":2,"column":68}},"2":{"start":{"line":3,"column":27},"end":{"line":3,"column":66}},"3":{"start":{"line":4,"column":15},"end":{"line":4,"column":31}},"4":{"start":{"line":6,"column":0},"end":{"line":6,"column":49}},"5":{"start":{"line":7,"column":0},"end":{"line":7,"column":55}},"6":{"start":{"line":10,"column":0},"end":{"line":10,"column":65}},"7":{"start":{"line":11,"column":0},"end":{"line":11,"column":73}},"8":{"start":{"line":12,"column":0},"end":{"line":12,"column":73}},"9":{"start":{"line":14,"column":0},"end":{"line":14,"column":23}}},"fnMap":{},"branchMap":{},"s":{"0":2,"1":2,"2":2,"3":2,"4":2,"5":2,"6":2,"7":2,"8":2,"9":2},"f":{},"b":{},"_coverageSchema":"1a1c01bbd47fc00a2c39e90264f33305004495a9","hash":"8f83780d14512a53ab4299a1c1a76e8f4a5dcac4"}
,"D:\\esignees-server\\server\\routers\\contact.js": {"path":"D:\\esignees-server\\server\\routers\\contact.js","statementMap":{"0":{"start":{"line":1,"column":16},"end":{"line":1,"column":34}},"1":{"start":{"line":2,"column":15},"end":{"line":2,"column":31}},"2":{"start":{"line":3,"column":26},"end":{"line":3,"column":69}},"3":{"start":{"line":5,"column":0},"end":{"line":5,"column":49}},"4":{"start":{"line":6,"column":0},"end":{"line":6,"column":49}},"5":{"start":{"line":7,"column":0},"end":{"line":7,"column":51}},"6":{"start":{"line":8,"column":0},"end":{"line":8,"column":54}},"7":{"start":{"line":10,"column":0},"end":{"line":10,"column":23}}},"fnMap":{},"branchMap":{},"s":{"0":2,"1":2,"2":2,"3":2,"4":2,"5":2,"6":2,"7":2},"f":{},"b":{},"_coverageSchema":"1a1c01bbd47fc00a2c39e90264f33305004495a9","hash":"0e397d5468b6816a1ad4a97b0bb5560152d21448"}
,"D:\\esignees-server\\server\\routers\\index.js": {"path":"D:\\esignees-server\\server\\routers\\index.js","statementMap":{"0":{"start":{"line":1,"column":16},"end":{"line":1,"column":34}},"1":{"start":{"line":2,"column":15},"end":{"line":2,"column":31}},"2":{"start":{"line":5,"column":13},"end":{"line":5,"column":30}},"3":{"start":{"line":6,"column":0},"end":{"line":6,"column":22}},"4":{"start":{"line":8,"column":14},"end":{"line":8,"column":32}},"5":{"start":{"line":9,"column":0},"end":{"line":9,"column":26}},"6":{"start":{"line":13,"column":16},"end":{"line":13,"column":36}},"7":{"start":{"line":14,"column":0},"end":{"line":14,"column":33}},"8":{"start":{"line":16,"column":16},"end":{"line":16,"column":36}},"9":{"start":{"line":17,"column":0},"end":{"line":17,"column":30}},"10":{"start":{"line":19,"column":21},"end":{"line":19,"column":46}},"11":{"start":{"line":20,"column":0},"end":{"line":20,"column":43}},"12":{"start":{"line":22,"column":19},"end":{"line":22,"column":41}},"13":{"start":{"line":23,"column":0},"end":{"line":23,"column":38}},"14":{"start":{"line":25,"column":0},"end":{"line":25,"column":23}}},"fnMap":{},"branchMap":{},"s":{"0":2,"1":2,"2":2,"3":2,"4":2,"5":2,"6":2,"7":2,"8":2,"9":2,"10":2,"11":2,"12":2,"13":2,"14":2},"f":{},"b":{},"_coverageSchema":"1a1c01bbd47fc00a2c39e90264f33305004495a9","hash":"876f39b480ed13be9d27637b8468d1068c8fc2d2"}
,"D:\\esignees-server\\server\\routers\\message.js": {"path":"D:\\esignees-server\\server\\routers\\message.js","statementMap":{"0":{"start":{"line":1,"column":16},"end":{"line":1,"column":34}},"1":{"start":{"line":2,"column":15},"end":{"line":2,"column":31}},"2":{"start":{"line":3,"column":26},"end":{"line":3,"column":69}},"3":{"start":{"line":4,"column":15},"end":{"line":4,"column":32}},"4":{"start":{"line":6,"column":16},"end":{"line":13,"column":2}},"5":{"start":{"line":8,"column":4},"end":{"line":8,"column":27}},"6":{"start":{"line":11,"column":4},"end":{"line":11,"column":60}},"7":{"start":{"line":14,"column":15},"end":{"line":14,"column":43}},"8":{"start":{"line":16,"column":0},"end":{"line":16,"column":71}},"9":{"start":{"line":17,"column":0},"end":{"line":17,"column":50}},"10":{"start":{"line":18,"column":0},"end":{"line":18,"column":50}},"11":{"start":{"line":19,"column":0},"end":{"line":19,"column":52}},"12":{"start":{"line":21,"column":0},"end":{"line":21,"column":24}}},"fnMap":{"0":{"name":"(anonymous_0)","decl":{"start":{"line":7,"column":15},"end":{"line":7,"column":16}},"loc":{"start":{"line":7,"column":34},"end":{"line":9,"column":3}},"line":7},"1":{"name":"(anonymous_1)","decl":{"start":{"line":10,"column":12},"end":{"line":10,"column":13}},"loc":{"start":{"line":10,"column":31},"end":{"line":12,"column":3}},"line":10}},"branchMap":{},"s":{"0":2,"1":2,"2":2,"3":2,"4":2,"5":0,"6":0,"7":2,"8":2,"9":2,"10":2,"11":2,"12":2},"f":{"0":0,"1":0},"b":{},"_coverageSchema":"1a1c01bbd47fc00a2c39e90264f33305004495a9","hash":"b1ab12fb7ef34fff7e33a029e5b4067794941108"}
,"D:\\esignees-server\\server\\routers\\notification.js": {"path":"D:\\esignees-server\\server\\routers\\notification.js","statementMap":{"0":{"start":{"line":1,"column":16},"end":{"line":1,"column":34}},"1":{"start":{"line":2,"column":15},"end":{"line":2,"column":31}},"2":{"start":{"line":3,"column":31},"end":{"line":3,"column":79}},"3":{"start":{"line":5,"column":0},"end":{"line":5,"column":59}},"4":{"start":{"line":6,"column":0},"end":{"line":6,"column":61}},"5":{"start":{"line":7,"column":0},"end":{"line":7,"column":59}},"6":{"start":{"line":9,"column":0},"end":{"line":9,"column":23}}},"fnMap":{},"branchMap":{},"s":{"0":2,"1":2,"2":2,"3":2,"4":2,"5":2,"6":2},"f":{},"b":{},"_coverageSchema":"1a1c01bbd47fc00a2c39e90264f33305004495a9","hash":"457451357c4fd1d1e32f6f7f4eaa76b4c2a17294"}
,"D:\\esignees-server\\server\\routers\\signature.js": {"path":"D:\\esignees-server\\server\\routers\\signature.js","statementMap":{"0":{"start":{"line":1,"column":16},"end":{"line":1,"column":34}},"1":{"start":{"line":2,"column":15},"end":{"line":2,"column":31}},"2":{"start":{"line":3,"column":28},"end":{"line":3,"column":73}},"3":{"start":{"line":5,"column":0},"end":{"line":5,"column":54}},"4":{"start":{"line":6,"column":0},"end":{"line":6,"column":50}},"5":{"start":{"line":7,"column":0},"end":{"line":7,"column":51}},"6":{"start":{"line":8,"column":0},"end":{"line":8,"column":56}},"7":{"start":{"line":10,"column":0},"end":{"line":10,"column":24}}},"fnMap":{},"branchMap":{},"s":{"0":2,"1":2,"2":2,"3":2,"4":2,"5":2,"6":2,"7":2},"f":{},"b":{},"_coverageSchema":"1a1c01bbd47fc00a2c39e90264f33305004495a9","hash":"4b2a0fc414c6933bffc88800d74afac08bae9c23"}
,"D:\\esignees-server\\server\\routers\\user.js": {"path":"D:\\esignees-server\\server\\routers\\user.js","statementMap":{"0":{"start":{"line":1,"column":16},"end":{"line":1,"column":34}},"1":{"start":{"line":2,"column":15},"end":{"line":2,"column":31}},"2":{"start":{"line":3,"column":23},"end":{"line":3,"column":63}},"3":{"start":{"line":4,"column":24},"end":{"line":4,"column":63}},"4":{"start":{"line":6,"column":0},"end":{"line":6,"column":56}},"5":{"start":{"line":7,"column":0},"end":{"line":7,"column":43}},"6":{"start":{"line":9,"column":0},"end":{"line":9,"column":68}},"7":{"start":{"line":10,"column":0},"end":{"line":10,"column":66}},"8":{"start":{"line":12,"column":0},"end":{"line":12,"column":23}}},"fnMap":{},"branchMap":{},"s":{"0":2,"1":2,"2":2,"3":2,"4":2,"5":2,"6":2,"7":2,"8":2},"f":{},"b":{},"_coverageSchema":"1a1c01bbd47fc00a2c39e90264f33305004495a9","hash":"45d67fc0b9cd410453b22a0a6425c15cde5bddb1"}
}
