{"D:\\esignees-server\\server\\app.js": {"path":"D:\\esignees-server\\server\\app.js","statementMap":{"0":{"start":{"line":1,"column":0},"end":{"line":3,"column":1}},"1":{"start":{"line":2,"column":2},"end":{"line":2,"column":29}},"2":{"start":{"line":4,"column":19},"end":{"line":4,"column":43}},"3":{"start":{"line":5,"column":30},"end":{"line":5,"column":66}},"4":{"start":{"line":6,"column":15},"end":{"line":6,"column":32}},"5":{"start":{"line":8,"column":0},"end":{"line":12,"column":3}},"6":{"start":{"line":14,"column":16},"end":{"line":19,"column":2}},"7":{"start":{"line":20,"column":15},"end":{"line":20,"column":43}},"8":{"start":{"line":22,"column":16},"end":{"line":22,"column":34}},"9":{"start":{"line":23,"column":12},"end":{"line":23,"column":21}},"10":{"start":{"line":24,"column":13},"end":{"line":24,"column":37}},"11":{"start":{"line":25,"column":13},"end":{"line":25,"column":28}},"12":{"start":{"line":26,"column":15},"end":{"line":26,"column":35}},"13":{"start":{"line":27,"column":25},"end":{"line":27,"column":62}},"14":{"start":{"line":38,"column":0},"end":{"line":38,"column":16}},"15":{"start":{"line":39,"column":0},"end":{"line":39,"column":48}},"16":{"start":{"line":40,"column":0},"end":{"line":40,"column":24}},"17":{"start":{"line":41,"column":0},"end":{"line":41,"column":16}},"18":{"start":{"line":42,"column":0},"end":{"line":42,"column":22}},"19":{"start":{"line":48,"column":0},"end":{"line":48,"column":21}},"20":{"start":{"line":52,"column":0},"end":{"line":52,"column":20}}},"fnMap":{},"branchMap":{"0":{"loc":{"start":{"line":1,"column":0},"end":{"line":3,"column":1}},"type":"if","locations":[{"start":{"line":1,"column":0},"end":{"line":3,"column":1}},{"start":{},"end":{}}],"line":1},"1":{"loc":{"start":{"line":24,"column":13},"end":{"line":24,"column":37}},"type":"binary-expr","locations":[{"start":{"line":24,"column":13},"end":{"line":24,"column":29}},{"start":{"line":24,"column":33},"end":{"line":24,"column":37}}],"line":24}},"s":{"0":4,"1":4,"2":4,"3":4,"4":4,"5":4,"6":4,"7":4,"8":4,"9":4,"10":4,"11":4,"12":4,"13":4,"14":4,"15":4,"16":4,"17":4,"18":4,"19":4,"20":4},"f":{},"b":{"0":[4,0],"1":[4,4]},"_coverageSchema":"1a1c01bbd47fc00a2c39e90264f33305004495a9","hash":"3e0a97f7e6cec9beffe96e2298765216ccaca8df"}
,"D:\\esignees-server\\server\\controllers\\controllerCMSAdmin.js": {"path":"D:\\esignees-server\\server\\controllers\\controllerCMSAdmin.js","statementMap":{"0":{"start":{"line":1,"column":42},"end":{"line":1,"column":70}},"1":{"start":{"line":2,"column":24},"end":{"line":2,"column":49}},"2":{"start":{"line":3,"column":33},"end":{"line":3,"column":53}},"3":{"start":{"line":4,"column":15},"end":{"line":4,"column":35}},"4":{"start":{"line":5,"column":28},"end":{"line":5,"column":56}},"5":{"start":{"line":6,"column":22},"end":{"line":6,"column":54}},"6":{"start":{"line":10,"column":4},"end":{"line":35,"column":5}},"7":{"start":{"line":11,"column":32},"end":{"line":11,"column":40}},"8":{"start":{"line":12,"column":6},"end":{"line":14,"column":7}},"9":{"start":{"line":13,"column":8},"end":{"line":13,"column":37}},"10":{"start":{"line":15,"column":18},"end":{"line":15,"column":59}},"11":{"start":{"line":16,"column":6},"end":{"line":18,"column":7}},"12":{"start":{"line":17,"column":8},"end":{"line":17,"column":45}},"13":{"start":{"line":20,"column":21},"end":{"line":20,"column":62}},"14":{"start":{"line":21,"column":6},"end":{"line":23,"column":7}},"15":{"start":{"line":22,"column":8},"end":{"line":22,"column":45}},"16":{"start":{"line":25,"column":20},"end":{"line":28,"column":7}},"17":{"start":{"line":30,"column":25},"end":{"line":30,"column":45}},"18":{"start":{"line":31,"column":6},"end":{"line":31,"column":65}},"19":{"start":{"line":33,"column":6},"end":{"line":33,"column":25}},"20":{"start":{"line":34,"column":6},"end":{"line":34,"column":18}},"21":{"start":{"line":39,"column":4},"end":{"line":55,"column":5}},"22":{"start":{"line":40,"column":45},"end":{"line":40,"column":53}},"23":{"start":{"line":41,"column":6},"end":{"line":41,"column":28}},"24":{"start":{"line":42,"column":18},"end":{"line":47,"column":8}},"25":{"start":{"line":48,"column":6},"end":{"line":52,"column":9}},"26":{"start":{"line":54,"column":6},"end":{"line":54,"column":18}},"27":{"start":{"line":59,"column":4},"end":{"line":82,"column":5}},"28":{"start":{"line":60,"column":23},"end":{"line":60,"column":32}},"29":{"start":{"line":61,"column":28},"end":{"line":70,"column":7}},"30":{"start":{"line":72,"column":6},"end":{"line":76,"column":7}},"31":{"start":{"line":73,"column":8},"end":{"line":75,"column":10}},"32":{"start":{"line":78,"column":17},"end":{"line":78,"column":50}},"33":{"start":{"line":79,"column":6},"end":{"line":79,"column":33}},"34":{"start":{"line":81,"column":6},"end":{"line":81,"column":18}},"35":{"start":{"line":86,"column":4},"end":{"line":94,"column":5}},"36":{"start":{"line":87,"column":19},"end":{"line":87,"column":29}},"37":{"start":{"line":88,"column":17},"end":{"line":90,"column":8}},"38":{"start":{"line":91,"column":6},"end":{"line":91,"column":33}},"39":{"start":{"line":93,"column":6},"end":{"line":93,"column":18}},"40":{"start":{"line":98,"column":4},"end":{"line":118,"column":5}},"41":{"start":{"line":99,"column":19},"end":{"line":99,"column":29}},"42":{"start":{"line":100,"column":23},"end":{"line":100,"column":31}},"43":{"start":{"line":102,"column":17},"end":{"line":102,"column":40}},"44":{"start":{"line":103,"column":38},"end":{"line":103,"column":55}},"45":{"start":{"line":105,"column":6},"end":{"line":110,"column":8}},"46":{"start":{"line":112,"column":6},"end":{"line":112,"column":50}},"47":{"start":{"line":113,"column":6},"end":{"line":115,"column":9}},"48":{"start":{"line":117,"column":6},"end":{"line":117,"column":18}},"49":{"start":{"line":122,"column":4},"end":{"line":139,"column":5}},"50":{"start":{"line":123,"column":19},"end":{"line":123,"column":29}},"51":{"start":{"line":124,"column":17},"end":{"line":124,"column":40}},"52":{"start":{"line":126,"column":6},"end":{"line":128,"column":7}},"53":{"start":{"line":127,"column":8},"end":{"line":127,"column":35}},"54":{"start":{"line":130,"column":6},"end":{"line":132,"column":9}},"55":{"start":{"line":134,"column":6},"end":{"line":136,"column":9}},"56":{"start":{"line":138,"column":6},"end":{"line":138,"column":18}},"57":{"start":{"line":143,"column":0},"end":{"line":143,"column":33}}},"fnMap":{"0":{"name":"(anonymous_0)","decl":{"start":{"line":9,"column":2},"end":{"line":9,"column":3}},"loc":{"start":{"line":9,"column":42},"end":{"line":36,"column":3}},"line":9},"1":{"name":"(anonymous_1)","decl":{"start":{"line":38,"column":2},"end":{"line":38,"column":3}},"loc":{"start":{"line":38,"column":45},"end":{"line":56,"column":3}},"line":38},"2":{"name":"(anonymous_2)","decl":{"start":{"line":58,"column":2},"end":{"line":58,"column":3}},"loc":{"start":{"line":58,"column":41},"end":{"line":83,"column":3}},"line":58},"3":{"name":"(anonymous_3)","decl":{"start":{"line":85,"column":2},"end":{"line":85,"column":3}},"loc":{"start":{"line":85,"column":42},"end":{"line":95,"column":3}},"line":85},"4":{"name":"(anonymous_4)","decl":{"start":{"line":97,"column":2},"end":{"line":97,"column":3}},"loc":{"start":{"line":97,"column":43},"end":{"line":119,"column":3}},"line":97},"5":{"name":"(anonymous_5)","decl":{"start":{"line":121,"column":2},"end":{"line":121,"column":3}},"loc":{"start":{"line":121,"column":42},"end":{"line":140,"column":3}},"line":121}},"branchMap":{"0":{"loc":{"start":{"line":12,"column":6},"end":{"line":14,"column":7}},"type":"if","locations":[{"start":{"line":12,"column":6},"end":{"line":14,"column":7}},{"start":{},"end":{}}],"line":12},"1":{"loc":{"start":{"line":12,"column":10},"end":{"line":12,"column":29}},"type":"binary-expr","locations":[{"start":{"line":12,"column":10},"end":{"line":12,"column":16}},{"start":{"line":12,"column":20},"end":{"line":12,"column":29}}],"line":12},"2":{"loc":{"start":{"line":16,"column":6},"end":{"line":18,"column":7}},"type":"if","locations":[{"start":{"line":16,"column":6},"end":{"line":18,"column":7}},{"start":{},"end":{}}],"line":16},"3":{"loc":{"start":{"line":21,"column":6},"end":{"line":23,"column":7}},"type":"if","locations":[{"start":{"line":21,"column":6},"end":{"line":23,"column":7}},{"start":{},"end":{}}],"line":21},"4":{"loc":{"start":{"line":72,"column":6},"end":{"line":76,"column":7}},"type":"if","locations":[{"start":{"line":72,"column":6},"end":{"line":76,"column":7}},{"start":{},"end":{}}],"line":72},"5":{"loc":{"start":{"line":126,"column":6},"end":{"line":128,"column":7}},"type":"if","locations":[{"start":{"line":126,"column":6},"end":{"line":128,"column":7}},{"start":{},"end":{}}],"line":126}},"s":{"0":4,"1":4,"2":4,"3":4,"4":4,"5":4,"6":3,"7":3,"8":3,"9":0,"10":3,"11":3,"12":1,"13":2,"14":2,"15":1,"16":1,"17":1,"18":1,"19":2,"20":2,"21":7,"22":7,"23":7,"24":7,"25":1,"26":6,"27":1,"28":1,"29":1,"30":1,"31":0,"32":1,"33":1,"34":0,"35":0,"36":0,"37":0,"38":0,"39":0,"40":0,"41":0,"42":0,"43":0,"44":0,"45":0,"46":0,"47":0,"48":0,"49":0,"50":0,"51":0,"52":0,"53":0,"54":0,"55":0,"56":0,"57":4},"f":{"0":3,"1":7,"2":1,"3":0,"4":0,"5":0},"b":{"0":[0,3],"1":[3,3],"2":[1,2],"3":[1,1],"4":[0,1],"5":[0,0]},"_coverageSchema":"1a1c01bbd47fc00a2c39e90264f33305004495a9","hash":"2600b3070e245aecc18a59e4f2d4e3662f84b38e"}
,"D:\\esignees-server\\server\\controllers\\controllerCompany.js": {"path":"D:\\esignees-server\\server\\controllers\\controllerCompany.js","statementMap":{"0":{"start":{"line":1,"column":26},"end":{"line":1,"column":52}},"1":{"start":{"line":2,"column":23},"end":{"line":2,"column":49}},"2":{"start":{"line":6,"column":8},"end":{"line":12,"column":9}},"3":{"start":{"line":7,"column":21},"end":{"line":7,"column":39}},"4":{"start":{"line":8,"column":26},"end":{"line":8,"column":52}},"5":{"start":{"line":9,"column":12},"end":{"line":9,"column":41}},"6":{"start":{"line":11,"column":12},"end":{"line":11,"column":23}},"7":{"start":{"line":17,"column":4},"end":{"line":45,"column":5}},"8":{"start":{"line":18,"column":17},"end":{"line":18,"column":29}},"9":{"start":{"line":19,"column":20},"end":{"line":19,"column":33}},"10":{"start":{"line":20,"column":20},"end":{"line":20,"column":37}},"11":{"start":{"line":22,"column":17},"end":{"line":25,"column":6}},"12":{"start":{"line":27,"column":17},"end":{"line":27,"column":40}},"13":{"start":{"line":29,"column":20},"end":{"line":40,"column":3}},"14":{"start":{"line":41,"column":24},"end":{"line":41,"column":63}},"15":{"start":{"line":42,"column":2},"end":{"line":42,"column":38}},"16":{"start":{"line":44,"column":6},"end":{"line":44,"column":17}},"17":{"start":{"line":50,"column":4},"end":{"line":60,"column":5}},"18":{"start":{"line":51,"column":15},"end":{"line":51,"column":33}},"19":{"start":{"line":52,"column":22},"end":{"line":52,"column":32}},"20":{"start":{"line":53,"column":17},"end":{"line":56,"column":26}},"21":{"start":{"line":57,"column":6},"end":{"line":57,"column":87}},"22":{"start":{"line":59,"column":6},"end":{"line":59,"column":17}},"23":{"start":{"line":64,"column":4},"end":{"line":76,"column":5}},"24":{"start":{"line":65,"column":17},"end":{"line":65,"column":35}},"25":{"start":{"line":66,"column":19},"end":{"line":66,"column":45}},"26":{"start":{"line":67,"column":8},"end":{"line":73,"column":9}},"27":{"start":{"line":68,"column":12},"end":{"line":71,"column":30}},"28":{"start":{"line":72,"column":12},"end":{"line":72,"column":109}},"29":{"start":{"line":75,"column":8},"end":{"line":75,"column":19}},"30":{"start":{"line":80,"column":0},"end":{"line":80,"column":27}}},"fnMap":{"0":{"name":"(anonymous_0)","decl":{"start":{"line":5,"column":4},"end":{"line":5,"column":5}},"loc":{"start":{"line":5,"column":45},"end":{"line":13,"column":5}},"line":5},"1":{"name":"(anonymous_1)","decl":{"start":{"line":16,"column":2},"end":{"line":16,"column":3}},"loc":{"start":{"line":16,"column":50},"end":{"line":46,"column":3}},"line":16},"2":{"name":"(anonymous_2)","decl":{"start":{"line":49,"column":2},"end":{"line":49,"column":3}},"loc":{"start":{"line":49,"column":42},"end":{"line":61,"column":3}},"line":49},"3":{"name":"(anonymous_3)","decl":{"start":{"line":63,"column":2},"end":{"line":63,"column":3}},"loc":{"start":{"line":63,"column":40},"end":{"line":77,"column":3}},"line":63}},"branchMap":{"0":{"loc":{"start":{"line":67,"column":8},"end":{"line":73,"column":9}},"type":"if","locations":[{"start":{"line":67,"column":8},"end":{"line":73,"column":9}},{"start":{},"end":{}}],"line":67}},"s":{"0":4,"1":4,"2":0,"3":0,"4":0,"5":0,"6":0,"7":0,"8":0,"9":0,"10":0,"11":0,"12":0,"13":0,"14":0,"15":0,"16":0,"17":0,"18":0,"19":0,"20":0,"21":0,"22":0,"23":0,"24":0,"25":0,"26":0,"27":0,"28":0,"29":0,"30":4},"f":{"0":0,"1":0,"2":0,"3":0},"b":{"0":[0,0]},"_coverageSchema":"1a1c01bbd47fc00a2c39e90264f33305004495a9","hash":"fcc441dbf0c807dd3b7c62ae36b30cf551f8c242"}
,"D:\\esignees-server\\server\\controllers\\controllerContact.js": {"path":"D:\\esignees-server\\server\\controllers\\controllerContact.js","statementMap":{"0":{"start":{"line":1,"column":26},"end":{"line":1,"column":52}},"1":{"start":{"line":7,"column":4},"end":{"line":22,"column":5}},"2":{"start":{"line":8,"column":24},"end":{"line":8,"column":35}},"3":{"start":{"line":9,"column":22},"end":{"line":9,"column":30}},"4":{"start":{"line":10,"column":23},"end":{"line":10,"column":63}},"5":{"start":{"line":11,"column":6},"end":{"line":13,"column":7}},"6":{"start":{"line":12,"column":8},"end":{"line":12,"column":39}},"7":{"start":{"line":14,"column":26},"end":{"line":14,"column":39}},"8":{"start":{"line":15,"column":17},"end":{"line":18,"column":8}},"9":{"start":{"line":19,"column":6},"end":{"line":19,"column":33}},"10":{"start":{"line":21,"column":6},"end":{"line":21,"column":18}},"11":{"start":{"line":27,"column":4},"end":{"line":37,"column":5}},"12":{"start":{"line":28,"column":19},"end":{"line":28,"column":27}},"13":{"start":{"line":29,"column":20},"end":{"line":29,"column":72}},"14":{"start":{"line":30,"column":6},"end":{"line":33,"column":7}},"15":{"start":{"line":31,"column":19},"end":{"line":31,"column":73}},"16":{"start":{"line":32,"column":8},"end":{"line":32,"column":41}},"17":{"start":{"line":34,"column":6},"end":{"line":34,"column":36}},"18":{"start":{"line":36,"column":6},"end":{"line":36,"column":18}},"19":{"start":{"line":42,"column":4},"end":{"line":57,"column":5}},"20":{"start":{"line":43,"column":19},"end":{"line":43,"column":29}},"21":{"start":{"line":44,"column":19},"end":{"line":44,"column":30}},"22":{"start":{"line":45,"column":17},"end":{"line":45,"column":43}},"23":{"start":{"line":46,"column":6},"end":{"line":48,"column":7}},"24":{"start":{"line":47,"column":8},"end":{"line":47,"column":42}},"25":{"start":{"line":49,"column":17},"end":{"line":49,"column":56}},"26":{"start":{"line":50,"column":6},"end":{"line":53,"column":7}},"27":{"start":{"line":51,"column":19},"end":{"line":51,"column":56}},"28":{"start":{"line":52,"column":8},"end":{"line":52,"column":41}},"29":{"start":{"line":54,"column":6},"end":{"line":54,"column":33}},"30":{"start":{"line":56,"column":6},"end":{"line":56,"column":18}},"31":{"start":{"line":62,"column":4},"end":{"line":72,"column":5}},"32":{"start":{"line":63,"column":19},"end":{"line":63,"column":29}},"33":{"start":{"line":64,"column":17},"end":{"line":64,"column":43}},"34":{"start":{"line":65,"column":6},"end":{"line":67,"column":7}},"35":{"start":{"line":66,"column":8},"end":{"line":66,"column":42}},"36":{"start":{"line":68,"column":6},"end":{"line":68,"column":47}},"37":{"start":{"line":69,"column":6},"end":{"line":69,"column":66}},"38":{"start":{"line":71,"column":6},"end":{"line":71,"column":18}},"39":{"start":{"line":76,"column":0},"end":{"line":76,"column":28}}},"fnMap":{"0":{"name":"(anonymous_0)","decl":{"start":{"line":6,"column":2},"end":{"line":6,"column":3}},"loc":{"start":{"line":6,"column":45},"end":{"line":23,"column":3}},"line":6},"1":{"name":"(anonymous_1)","decl":{"start":{"line":26,"column":2},"end":{"line":26,"column":3}},"loc":{"start":{"line":26,"column":46},"end":{"line":38,"column":3}},"line":26},"2":{"name":"(anonymous_2)","decl":{"start":{"line":41,"column":2},"end":{"line":41,"column":3}},"loc":{"start":{"line":41,"column":45},"end":{"line":58,"column":3}},"line":41},"3":{"name":"(anonymous_3)","decl":{"start":{"line":61,"column":2},"end":{"line":61,"column":3}},"loc":{"start":{"line":61,"column":45},"end":{"line":73,"column":3}},"line":61}},"branchMap":{"0":{"loc":{"start":{"line":11,"column":6},"end":{"line":13,"column":7}},"type":"if","locations":[{"start":{"line":11,"column":6},"end":{"line":13,"column":7}},{"start":{},"end":{}}],"line":11},"1":{"loc":{"start":{"line":30,"column":6},"end":{"line":33,"column":7}},"type":"if","locations":[{"start":{"line":30,"column":6},"end":{"line":33,"column":7}},{"start":{},"end":{}}],"line":30},"2":{"loc":{"start":{"line":46,"column":6},"end":{"line":48,"column":7}},"type":"if","locations":[{"start":{"line":46,"column":6},"end":{"line":48,"column":7}},{"start":{},"end":{}}],"line":46},"3":{"loc":{"start":{"line":50,"column":6},"end":{"line":53,"column":7}},"type":"if","locations":[{"start":{"line":50,"column":6},"end":{"line":53,"column":7}},{"start":{},"end":{}}],"line":50},"4":{"loc":{"start":{"line":65,"column":6},"end":{"line":67,"column":7}},"type":"if","locations":[{"start":{"line":65,"column":6},"end":{"line":67,"column":7}},{"start":{},"end":{}}],"line":65}},"s":{"0":4,"1":0,"2":0,"3":0,"4":0,"5":0,"6":0,"7":0,"8":0,"9":0,"10":0,"11":0,"12":0,"13":0,"14":0,"15":0,"16":0,"17":0,"18":0,"19":0,"20":0,"21":0,"22":0,"23":0,"24":0,"25":0,"26":0,"27":0,"28":0,"29":0,"30":0,"31":0,"32":0,"33":0,"34":0,"35":0,"36":0,"37":0,"38":0,"39":4},"f":{"0":0,"1":0,"2":0,"3":0},"b":{"0":[0,0],"1":[0,0],"2":[0,0],"3":[0,0],"4":[0,0]},"_coverageSchema":"1a1c01bbd47fc00a2c39e90264f33305004495a9","hash":"23f58e4c98ce0d79cfc6c8de75204956998f4280"}
,"D:\\esignees-server\\server\\controllers\\controllerDocument.js": {"path":"D:\\esignees-server\\server\\controllers\\controllerDocument.js","statementMap":{"0":{"start":{"line":8,"column":4},"end":{"line":8,"column":30}},"1":{"start":{"line":12,"column":4},"end":{"line":21,"column":5}},"2":{"start":{"line":13,"column":21},"end":{"line":13,"column":31}},"3":{"start":{"line":15,"column":19},"end":{"line":15,"column":46}},"4":{"start":{"line":17,"column":6},"end":{"line":17,"column":45}},"5":{"start":{"line":19,"column":6},"end":{"line":19,"column":25}},"6":{"start":{"line":20,"column":6},"end":{"line":20,"column":18}},"7":{"start":{"line":25,"column":0},"end":{"line":25,"column":28}}},"fnMap":{"0":{"name":"(anonymous_0)","decl":{"start":{"line":11,"column":2},"end":{"line":11,"column":3}},"loc":{"start":{"line":11,"column":47},"end":{"line":22,"column":3}},"line":11}},"branchMap":{},"s":{"0":4,"1":0,"2":0,"3":0,"4":0,"5":0,"6":0,"7":4},"f":{"0":0},"b":{},"_coverageSchema":"1a1c01bbd47fc00a2c39e90264f33305004495a9","hash":"240d0862831985553507fa346d1002c454c3ddcd"}
,"D:\\esignees-server\\server\\controllers\\controllerMessage.js": {"path":"D:\\esignees-server\\server\\controllers\\controllerMessage.js","statementMap":{"0":{"start":{"line":8,"column":4},"end":{"line":8,"column":30}},"1":{"start":{"line":9,"column":49},"end":{"line":9,"column":77}},"2":{"start":{"line":10,"column":17},"end":{"line":10,"column":41}},"3":{"start":{"line":11,"column":20},"end":{"line":11,"column":44}},"4":{"start":{"line":12,"column":11},"end":{"line":12,"column":52}},"5":{"start":{"line":13,"column":22},"end":{"line":13,"column":52}},"6":{"start":{"line":106,"column":4},"end":{"line":199,"column":5}},"7":{"start":{"line":110,"column":62},"end":{"line":110,"column":70}},"8":{"start":{"line":112,"column":27},"end":{"line":112,"column":38}},"9":{"start":{"line":113,"column":26},"end":{"line":113,"column":39}},"10":{"start":{"line":116,"column":19},"end":{"line":116,"column":29}},"11":{"start":{"line":117,"column":24},"end":{"line":117,"column":68}},"12":{"start":{"line":119,"column":6},"end":{"line":136,"column":30}},"13":{"start":{"line":122,"column":10},"end":{"line":130,"column":12}},"14":{"start":{"line":134,"column":20},"end":{"line":134,"column":30}},"15":{"start":{"line":135,"column":20},"end":{"line":135,"column":50}},"16":{"start":{"line":138,"column":21},"end":{"line":142,"column":8}},"17":{"start":{"line":144,"column":23},"end":{"line":144,"column":63}},"18":{"start":{"line":145,"column":6},"end":{"line":147,"column":7}},"19":{"start":{"line":146,"column":8},"end":{"line":146,"column":42}},"20":{"start":{"line":149,"column":6},"end":{"line":159,"column":7}},"21":{"start":{"line":150,"column":8},"end":{"line":150,"column":43}},"22":{"start":{"line":151,"column":34},"end":{"line":154,"column":9}},"23":{"start":{"line":156,"column":8},"end":{"line":158,"column":9}},"24":{"start":{"line":157,"column":10},"end":{"line":157,"column":46}},"25":{"start":{"line":161,"column":21},"end":{"line":194,"column":8}},"26":{"start":{"line":163,"column":27},"end":{"line":171,"column":9}},"27":{"start":{"line":174,"column":30},"end":{"line":174,"column":59}},"28":{"start":{"line":175,"column":8},"end":{"line":179,"column":9}},"29":{"start":{"line":176,"column":28},"end":{"line":176,"column":62}},"30":{"start":{"line":177,"column":10},"end":{"line":177,"column":39}},"31":{"start":{"line":178,"column":10},"end":{"line":178,"column":69}},"32":{"start":{"line":181,"column":8},"end":{"line":191,"column":10}},"33":{"start":{"line":193,"column":8},"end":{"line":193,"column":31}},"34":{"start":{"line":196,"column":6},"end":{"line":196,"column":48}},"35":{"start":{"line":198,"column":6},"end":{"line":198,"column":18}},"36":{"start":{"line":204,"column":4},"end":{"line":258,"column":5}},"37":{"start":{"line":205,"column":21},"end":{"line":205,"column":31}},"38":{"start":{"line":206,"column":54},"end":{"line":206,"column":62}},"39":{"start":{"line":207,"column":6},"end":{"line":207,"column":28}},"40":{"start":{"line":208,"column":6},"end":{"line":208,"column":28}},"41":{"start":{"line":210,"column":28},"end":{"line":214,"column":8}},"42":{"start":{"line":216,"column":32},"end":{"line":216,"column":77}},"43":{"start":{"line":218,"column":6},"end":{"line":220,"column":7}},"44":{"start":{"line":219,"column":8},"end":{"line":219,"column":44}},"45":{"start":{"line":222,"column":19},"end":{"line":222,"column":29}},"46":{"start":{"line":223,"column":24},"end":{"line":223,"column":68}},"47":{"start":{"line":224,"column":6},"end":{"line":224,"column":61}},"48":{"start":{"line":225,"column":31},"end":{"line":225,"column":65}},"49":{"start":{"line":227,"column":21},"end":{"line":252,"column":8}},"50":{"start":{"line":228,"column":8},"end":{"line":239,"column":10}},"51":{"start":{"line":241,"column":8},"end":{"line":251,"column":10}},"52":{"start":{"line":254,"column":6},"end":{"line":254,"column":59}},"53":{"start":{"line":256,"column":6},"end":{"line":256,"column":25}},"54":{"start":{"line":257,"column":6},"end":{"line":257,"column":18}},"55":{"start":{"line":288,"column":4},"end":{"line":325,"column":5}},"56":{"start":{"line":289,"column":15},"end":{"line":289,"column":26}},"57":{"start":{"line":290,"column":28},"end":{"line":304,"column":8}},"58":{"start":{"line":306,"column":26},"end":{"line":320,"column":8}},"59":{"start":{"line":321,"column":20},"end":{"line":321,"column":54}},"60":{"start":{"line":322,"column":6},"end":{"line":322,"column":36}},"61":{"start":{"line":324,"column":6},"end":{"line":324,"column":18}},"62":{"start":{"line":330,"column":4},"end":{"line":357,"column":5}},"63":{"start":{"line":331,"column":19},"end":{"line":331,"column":29}},"64":{"start":{"line":332,"column":17},"end":{"line":349,"column":8}},"65":{"start":{"line":350,"column":23},"end":{"line":352,"column":8}},"66":{"start":{"line":354,"column":6},"end":{"line":354,"column":49}},"67":{"start":{"line":356,"column":6},"end":{"line":356,"column":18}},"68":{"start":{"line":387,"column":0},"end":{"line":387,"column":28}}},"fnMap":{"0":{"name":"(anonymous_0)","decl":{"start":{"line":105,"column":2},"end":{"line":105,"column":3}},"loc":{"start":{"line":105,"column":43},"end":{"line":200,"column":3}},"line":105},"1":{"name":"(anonymous_1)","decl":{"start":{"line":121,"column":14},"end":{"line":121,"column":15}},"loc":{"start":{"line":121,"column":20},"end":{"line":131,"column":9}},"line":121},"2":{"name":"(anonymous_2)","decl":{"start":{"line":134,"column":14},"end":{"line":134,"column":15}},"loc":{"start":{"line":134,"column":20},"end":{"line":134,"column":30}},"line":134},"3":{"name":"(anonymous_3)","decl":{"start":{"line":135,"column":14},"end":{"line":135,"column":15}},"loc":{"start":{"line":135,"column":20},"end":{"line":135,"column":50}},"line":135},"4":{"name":"(anonymous_4)","decl":{"start":{"line":161,"column":49},"end":{"line":161,"column":50}},"loc":{"start":{"line":161,"column":62},"end":{"line":194,"column":7}},"line":161},"5":{"name":"(anonymous_5)","decl":{"start":{"line":203,"column":2},"end":{"line":203,"column":3}},"loc":{"start":{"line":203,"column":45},"end":{"line":259,"column":3}},"line":203},"6":{"name":"(anonymous_6)","decl":{"start":{"line":227,"column":49},"end":{"line":227,"column":50}},"loc":{"start":{"line":227,"column":62},"end":{"line":252,"column":7}},"line":227},"7":{"name":"(anonymous_7)","decl":{"start":{"line":287,"column":2},"end":{"line":287,"column":3}},"loc":{"start":{"line":287,"column":46},"end":{"line":326,"column":3}},"line":287},"8":{"name":"(anonymous_8)","decl":{"start":{"line":329,"column":2},"end":{"line":329,"column":3}},"loc":{"start":{"line":329,"column":43},"end":{"line":358,"column":3}},"line":329}},"branchMap":{"0":{"loc":{"start":{"line":145,"column":6},"end":{"line":147,"column":7}},"type":"if","locations":[{"start":{"line":145,"column":6},"end":{"line":147,"column":7}},{"start":{},"end":{}}],"line":145},"1":{"loc":{"start":{"line":149,"column":6},"end":{"line":159,"column":7}},"type":"if","locations":[{"start":{"line":149,"column":6},"end":{"line":159,"column":7}},{"start":{},"end":{}}],"line":149},"2":{"loc":{"start":{"line":149,"column":10},"end":{"line":149,"column":66}},"type":"binary-expr","locations":[{"start":{"line":149,"column":10},"end":{"line":149,"column":32}},{"start":{"line":149,"column":36},"end":{"line":149,"column":66}}],"line":149},"3":{"loc":{"start":{"line":156,"column":8},"end":{"line":158,"column":9}},"type":"if","locations":[{"start":{"line":156,"column":8},"end":{"line":158,"column":9}},{"start":{},"end":{}}],"line":156},"4":{"loc":{"start":{"line":175,"column":8},"end":{"line":179,"column":9}},"type":"if","locations":[{"start":{"line":175,"column":8},"end":{"line":179,"column":9}},{"start":{},"end":{}}],"line":175},"5":{"loc":{"start":{"line":175,"column":12},"end":{"line":175,"column":68}},"type":"binary-expr","locations":[{"start":{"line":175,"column":12},"end":{"line":175,"column":34}},{"start":{"line":175,"column":38},"end":{"line":175,"column":68}}],"line":175},"6":{"loc":{"start":{"line":218,"column":6},"end":{"line":220,"column":7}},"type":"if","locations":[{"start":{"line":218,"column":6},"end":{"line":220,"column":7}},{"start":{},"end":{}}],"line":218}},"s":{"0":4,"1":4,"2":4,"3":4,"4":4,"5":4,"6":0,"7":0,"8":0,"9":0,"10":0,"11":0,"12":0,"13":0,"14":0,"15":0,"16":0,"17":0,"18":0,"19":0,"20":0,"21":0,"22":0,"23":0,"24":0,"25":0,"26":0,"27":0,"28":0,"29":0,"30":0,"31":0,"32":0,"33":0,"34":0,"35":0,"36":0,"37":0,"38":0,"39":0,"40":0,"41":0,"42":0,"43":0,"44":0,"45":0,"46":0,"47":0,"48":0,"49":0,"50":0,"51":0,"52":0,"53":0,"54":0,"55":0,"56":0,"57":0,"58":0,"59":0,"60":0,"61":0,"62":0,"63":0,"64":0,"65":0,"66":0,"67":0,"68":4},"f":{"0":0,"1":0,"2":0,"3":0,"4":0,"5":0,"6":0,"7":0,"8":0},"b":{"0":[0,0],"1":[0,0],"2":[0,0],"3":[0,0],"4":[0,0],"5":[0,0],"6":[0,0]},"_coverageSchema":"1a1c01bbd47fc00a2c39e90264f33305004495a9","hash":"71884d7e08aa754f4a945bf7e703bd590658272c"}
,"D:\\esignees-server\\server\\controllers\\controllerNotification.js": {"path":"D:\\esignees-server\\server\\controllers\\controllerNotification.js","statementMap":{"0":{"start":{"line":1,"column":40},"end":{"line":1,"column":66}},"1":{"start":{"line":7,"column":8},"end":{"line":13,"column":9}},"2":{"start":{"line":8,"column":23},"end":{"line":8,"column":31}},"3":{"start":{"line":9,"column":23},"end":{"line":9,"column":73}},"4":{"start":{"line":10,"column":12},"end":{"line":10,"column":38}},"5":{"start":{"line":12,"column":12},"end":{"line":12,"column":23}},"6":{"start":{"line":18,"column":8},"end":{"line":24,"column":9}},"7":{"start":{"line":19,"column":23},"end":{"line":19,"column":33}},"8":{"start":{"line":20,"column":23},"end":{"line":20,"column":54}},"9":{"start":{"line":21,"column":12},"end":{"line":21,"column":38}},"10":{"start":{"line":23,"column":12},"end":{"line":23,"column":23}},"11":{"start":{"line":29,"column":8},"end":{"line":37,"column":9}},"12":{"start":{"line":30,"column":23},"end":{"line":30,"column":33}},"13":{"start":{"line":31,"column":23},"end":{"line":33,"column":30}},"14":{"start":{"line":34,"column":12},"end":{"line":34,"column":62}},"15":{"start":{"line":36,"column":12},"end":{"line":36,"column":23}},"16":{"start":{"line":41,"column":0},"end":{"line":41,"column":27}}},"fnMap":{"0":{"name":"(anonymous_0)","decl":{"start":{"line":6,"column":4},"end":{"line":6,"column":5}},"loc":{"start":{"line":6,"column":52},"end":{"line":14,"column":5}},"line":6},"1":{"name":"(anonymous_1)","decl":{"start":{"line":17,"column":4},"end":{"line":17,"column":5}},"loc":{"start":{"line":17,"column":51},"end":{"line":25,"column":5}},"line":17},"2":{"name":"(anonymous_2)","decl":{"start":{"line":28,"column":4},"end":{"line":28,"column":5}},"loc":{"start":{"line":28,"column":47},"end":{"line":38,"column":5}},"line":28}},"branchMap":{},"s":{"0":4,"1":0,"2":0,"3":0,"4":0,"5":0,"6":0,"7":0,"8":0,"9":0,"10":0,"11":0,"12":0,"13":0,"14":0,"15":0,"16":4},"f":{"0":0,"1":0,"2":0},"b":{},"_coverageSchema":"1a1c01bbd47fc00a2c39e90264f33305004495a9","hash":"85d83e274d1fa5c34aa1c1aa3cff72f0fa56dc42"}
,"D:\\esignees-server\\server\\controllers\\controllerSignature.js": {"path":"D:\\esignees-server\\server\\controllers\\controllerSignature.js","statementMap":{"0":{"start":{"line":1,"column":48},"end":{"line":1,"column":74}},"1":{"start":{"line":2,"column":38},"end":{"line":2,"column":63}},"2":{"start":{"line":3,"column":19},"end":{"line":3,"column":43}},"3":{"start":{"line":5,"column":0},"end":{"line":9,"column":3}},"4":{"start":{"line":13,"column":4},"end":{"line":39,"column":5}},"5":{"start":{"line":14,"column":29},"end":{"line":14,"column":40}},"6":{"start":{"line":15,"column":31},"end":{"line":15,"column":39}},"7":{"start":{"line":16,"column":19},"end":{"line":16,"column":45}},"8":{"start":{"line":17,"column":17},"end":{"line":17,"column":47}},"9":{"start":{"line":18,"column":6},"end":{"line":20,"column":7}},"10":{"start":{"line":19,"column":8},"end":{"line":19,"column":39}},"11":{"start":{"line":22,"column":21},"end":{"line":26,"column":8}},"12":{"start":{"line":27,"column":6},"end":{"line":27,"column":30}},"13":{"start":{"line":29,"column":28},"end":{"line":32,"column":8}},"14":{"start":{"line":34,"column":6},"end":{"line":34,"column":33}},"15":{"start":{"line":36,"column":6},"end":{"line":36,"column":73}},"16":{"start":{"line":38,"column":6},"end":{"line":38,"column":18}},"17":{"start":{"line":43,"column":4},"end":{"line":63,"column":5}},"18":{"start":{"line":44,"column":29},"end":{"line":44,"column":40}},"19":{"start":{"line":45,"column":19},"end":{"line":45,"column":45}},"20":{"start":{"line":46,"column":17},"end":{"line":46,"column":47}},"21":{"start":{"line":47,"column":6},"end":{"line":49,"column":7}},"22":{"start":{"line":48,"column":8},"end":{"line":48,"column":39}},"23":{"start":{"line":51,"column":24},"end":{"line":55,"column":8}},"24":{"start":{"line":59,"column":6},"end":{"line":59,"column":68}},"25":{"start":{"line":61,"column":6},"end":{"line":61,"column":25}},"26":{"start":{"line":62,"column":6},"end":{"line":62,"column":18}},"27":{"start":{"line":71,"column":0},"end":{"line":71,"column":28}}},"fnMap":{"0":{"name":"(anonymous_0)","decl":{"start":{"line":12,"column":2},"end":{"line":12,"column":3}},"loc":{"start":{"line":12,"column":47},"end":{"line":40,"column":3}},"line":12},"1":{"name":"(anonymous_1)","decl":{"start":{"line":42,"column":2},"end":{"line":42,"column":3}},"loc":{"start":{"line":42,"column":44},"end":{"line":64,"column":3}},"line":42},"2":{"name":"(anonymous_2)","decl":{"start":{"line":66,"column":2},"end":{"line":66,"column":3}},"loc":{"start":{"line":66,"column":31},"end":{"line":66,"column":33}},"line":66},"3":{"name":"(anonymous_3)","decl":{"start":{"line":68,"column":2},"end":{"line":68,"column":3}},"loc":{"start":{"line":68,"column":33},"end":{"line":68,"column":35}},"line":68}},"branchMap":{"0":{"loc":{"start":{"line":18,"column":6},"end":{"line":20,"column":7}},"type":"if","locations":[{"start":{"line":18,"column":6},"end":{"line":20,"column":7}},{"start":{},"end":{}}],"line":18},"1":{"loc":{"start":{"line":47,"column":6},"end":{"line":49,"column":7}},"type":"if","locations":[{"start":{"line":47,"column":6},"end":{"line":49,"column":7}},{"start":{},"end":{}}],"line":47}},"s":{"0":4,"1":4,"2":4,"3":4,"4":1,"5":1,"6":1,"7":1,"8":1,"9":1,"10":0,"11":1,"12":0,"13":0,"14":0,"15":0,"16":1,"17":0,"18":0,"19":0,"20":0,"21":0,"22":0,"23":0,"24":0,"25":0,"26":0,"27":4},"f":{"0":1,"1":0,"2":0,"3":0},"b":{"0":[0,1],"1":[0,0]},"_coverageSchema":"1a1c01bbd47fc00a2c39e90264f33305004495a9","hash":"4632e7a818a17a38425e17e281a211eb92aa201b"}
,"D:\\esignees-server\\server\\controllers\\controllerUser.js": {"path":"D:\\esignees-server\\server\\controllers\\controllerUser.js","statementMap":{"0":{"start":{"line":1,"column":37},"end":{"line":1,"column":63}},"1":{"start":{"line":2,"column":38},"end":{"line":2,"column":63}},"2":{"start":{"line":3,"column":42},"end":{"line":3,"column":70}},"3":{"start":{"line":4,"column":28},"end":{"line":4,"column":56}},"4":{"start":{"line":10,"column":4},"end":{"line":86,"column":5}},"5":{"start":{"line":27,"column":10},"end":{"line":27,"column":18}},"6":{"start":{"line":29,"column":6},"end":{"line":62,"column":7}},"7":{"start":{"line":30,"column":21},"end":{"line":57,"column":10}},"8":{"start":{"line":31,"column":21},"end":{"line":42,"column":11}},"9":{"start":{"line":43,"column":28},"end":{"line":56,"column":11}},"10":{"start":{"line":58,"column":8},"end":{"line":61,"column":11}},"11":{"start":{"line":63,"column":24},"end":{"line":63,"column":79}},"12":{"start":{"line":64,"column":6},"end":{"line":66,"column":7}},"13":{"start":{"line":65,"column":8},"end":{"line":65,"column":42}},"14":{"start":{"line":67,"column":17},"end":{"line":77,"column":8}},"15":{"start":{"line":78,"column":6},"end":{"line":83,"column":9}},"16":{"start":{"line":85,"column":6},"end":{"line":85,"column":18}},"17":{"start":{"line":91,"column":4},"end":{"line":119,"column":5}},"18":{"start":{"line":92,"column":32},"end":{"line":92,"column":40}},"19":{"start":{"line":93,"column":6},"end":{"line":95,"column":7}},"20":{"start":{"line":94,"column":8},"end":{"line":94,"column":37}},"21":{"start":{"line":97,"column":17},"end":{"line":97,"column":57}},"22":{"start":{"line":98,"column":6},"end":{"line":100,"column":7}},"23":{"start":{"line":99,"column":8},"end":{"line":99,"column":45}},"24":{"start":{"line":105,"column":20},"end":{"line":105,"column":60}},"25":{"start":{"line":106,"column":6},"end":{"line":108,"column":7}},"26":{"start":{"line":107,"column":8},"end":{"line":107,"column":45}},"27":{"start":{"line":109,"column":20},"end":{"line":111,"column":7}},"28":{"start":{"line":113,"column":25},"end":{"line":113,"column":45}},"29":{"start":{"line":114,"column":6},"end":{"line":116,"column":68}},"30":{"start":{"line":118,"column":6},"end":{"line":118,"column":18}},"31":{"start":{"line":124,"column":4},"end":{"line":136,"column":5}},"32":{"start":{"line":125,"column":29},"end":{"line":125,"column":40}},"33":{"start":{"line":126,"column":19},"end":{"line":126,"column":45}},"34":{"start":{"line":127,"column":17},"end":{"line":127,"column":47}},"35":{"start":{"line":128,"column":6},"end":{"line":133,"column":9}},"36":{"start":{"line":135,"column":6},"end":{"line":135,"column":18}},"37":{"start":{"line":141,"column":4},"end":{"line":164,"column":5}},"38":{"start":{"line":142,"column":29},"end":{"line":142,"column":40}},"39":{"start":{"line":143,"column":55},"end":{"line":143,"column":63}},"40":{"start":{"line":144,"column":19},"end":{"line":144,"column":45}},"41":{"start":{"line":145,"column":17},"end":{"line":145,"column":47}},"42":{"start":{"line":146,"column":6},"end":{"line":148,"column":7}},"43":{"start":{"line":147,"column":8},"end":{"line":147,"column":39}},"44":{"start":{"line":149,"column":17},"end":{"line":158,"column":7}},"45":{"start":{"line":159,"column":6},"end":{"line":161,"column":69}},"46":{"start":{"line":163,"column":6},"end":{"line":163,"column":18}},"47":{"start":{"line":170,"column":0},"end":{"line":170,"column":28}}},"fnMap":{"0":{"name":"(anonymous_0)","decl":{"start":{"line":9,"column":2},"end":{"line":9,"column":3}},"loc":{"start":{"line":9,"column":47},"end":{"line":87,"column":3}},"line":9},"1":{"name":"(anonymous_1)","decl":{"start":{"line":30,"column":49},"end":{"line":30,"column":50}},"loc":{"start":{"line":30,"column":62},"end":{"line":57,"column":9}},"line":30},"2":{"name":"(anonymous_2)","decl":{"start":{"line":90,"column":2},"end":{"line":90,"column":3}},"loc":{"start":{"line":90,"column":37},"end":{"line":120,"column":3}},"line":90},"3":{"name":"(anonymous_3)","decl":{"start":{"line":123,"column":2},"end":{"line":123,"column":3}},"loc":{"start":{"line":123,"column":45},"end":{"line":137,"column":3}},"line":123},"4":{"name":"(anonymous_4)","decl":{"start":{"line":140,"column":2},"end":{"line":140,"column":3}},"loc":{"start":{"line":140,"column":43},"end":{"line":165,"column":3}},"line":140}},"branchMap":{"0":{"loc":{"start":{"line":29,"column":6},"end":{"line":62,"column":7}},"type":"if","locations":[{"start":{"line":29,"column":6},"end":{"line":62,"column":7}},{"start":{},"end":{}}],"line":29},"1":{"loc":{"start":{"line":64,"column":6},"end":{"line":66,"column":7}},"type":"if","locations":[{"start":{"line":64,"column":6},"end":{"line":66,"column":7}},{"start":{},"end":{}}],"line":64},"2":{"loc":{"start":{"line":93,"column":6},"end":{"line":95,"column":7}},"type":"if","locations":[{"start":{"line":93,"column":6},"end":{"line":95,"column":7}},{"start":{},"end":{}}],"line":93},"3":{"loc":{"start":{"line":93,"column":10},"end":{"line":93,"column":29}},"type":"binary-expr","locations":[{"start":{"line":93,"column":10},"end":{"line":93,"column":16}},{"start":{"line":93,"column":20},"end":{"line":93,"column":29}}],"line":93},"4":{"loc":{"start":{"line":98,"column":6},"end":{"line":100,"column":7}},"type":"if","locations":[{"start":{"line":98,"column":6},"end":{"line":100,"column":7}},{"start":{},"end":{}}],"line":98},"5":{"loc":{"start":{"line":106,"column":6},"end":{"line":108,"column":7}},"type":"if","locations":[{"start":{"line":106,"column":6},"end":{"line":108,"column":7}},{"start":{},"end":{}}],"line":106},"6":{"loc":{"start":{"line":146,"column":6},"end":{"line":148,"column":7}},"type":"if","locations":[{"start":{"line":146,"column":6},"end":{"line":148,"column":7}},{"start":{},"end":{}}],"line":146}},"s":{"0":4,"1":4,"2":4,"3":4,"4":1,"5":1,"6":1,"7":1,"8":1,"9":1,"10":0,"11":0,"12":0,"13":0,"14":0,"15":0,"16":1,"17":0,"18":0,"19":0,"20":0,"21":0,"22":0,"23":0,"24":0,"25":0,"26":0,"27":0,"28":0,"29":0,"30":0,"31":0,"32":0,"33":0,"34":0,"35":0,"36":0,"37":0,"38":0,"39":0,"40":0,"41":0,"42":0,"43":0,"44":0,"45":0,"46":0,"47":4},"f":{"0":1,"1":1,"2":0,"3":0,"4":0},"b":{"0":[1,0],"1":[0,0],"2":[0,0],"3":[0,0],"4":[0,0],"5":[0,0],"6":[0,0]},"_coverageSchema":"1a1c01bbd47fc00a2c39e90264f33305004495a9","hash":"811c3eead00ea5208cdeadc53565af0593a37a24"}
,"D:\\esignees-server\\server\\helpers\\bcrypt.js": {"path":"D:\\esignees-server\\server\\helpers\\bcrypt.js","statementMap":{"0":{"start":{"line":1,"column":15},"end":{"line":1,"column":34}},"1":{"start":{"line":3,"column":21},"end":{"line":6,"column":1}},"2":{"start":{"line":4,"column":15},"end":{"line":4,"column":43}},"3":{"start":{"line":5,"column":2},"end":{"line":5,"column":14}},"4":{"start":{"line":8,"column":24},"end":{"line":11,"column":1}},"5":{"start":{"line":9,"column":18},"end":{"line":9,"column":52}},"6":{"start":{"line":10,"column":2},"end":{"line":10,"column":17}},"7":{"start":{"line":13,"column":0},"end":{"line":13,"column":51}}},"fnMap":{"0":{"name":"(anonymous_0)","decl":{"start":{"line":3,"column":21},"end":{"line":3,"column":22}},"loc":{"start":{"line":3,"column":35},"end":{"line":6,"column":1}},"line":3},"1":{"name":"(anonymous_1)","decl":{"start":{"line":8,"column":24},"end":{"line":8,"column":25}},"loc":{"start":{"line":8,"column":44},"end":{"line":11,"column":1}},"line":8}},"branchMap":{},"s":{"0":4,"1":4,"2":18,"3":18,"4":4,"5":2,"6":2,"7":4},"f":{"0":18,"1":2},"b":{},"_coverageSchema":"1a1c01bbd47fc00a2c39e90264f33305004495a9","hash":"aee40b704ca1ebc12cae289eaf5fec9af1598275"}
,"D:\\esignees-server\\server\\helpers\\crypto.js": {"path":"D:\\esignees-server\\server\\helpers\\crypto.js","statementMap":{"0":{"start":{"line":1,"column":15},"end":{"line":1,"column":32}},"1":{"start":{"line":2,"column":11},"end":{"line":2,"column":24}},"2":{"start":{"line":4,"column":24},"end":{"line":21,"column":1}},"3":{"start":{"line":5,"column":36},"end":{"line":15,"column":4}},"4":{"start":{"line":17,"column":2},"end":{"line":17,"column":49}},"5":{"start":{"line":18,"column":2},"end":{"line":18,"column":51}},"6":{"start":{"line":20,"column":2},"end":{"line":20,"column":45}},"7":{"start":{"line":23,"column":25},"end":{"line":49,"column":1}},"8":{"start":{"line":24,"column":2},"end":{"line":48,"column":3}},"9":{"start":{"line":25,"column":23},"end":{"line":29,"column":6}},"10":{"start":{"line":31,"column":25},"end":{"line":34,"column":6}},"11":{"start":{"line":36,"column":22},"end":{"line":39,"column":6}},"12":{"start":{"line":41,"column":35},"end":{"line":41,"column":63}},"13":{"start":{"line":43,"column":19},"end":{"line":43,"column":76}},"14":{"start":{"line":45,"column":4},"end":{"line":45,"column":18}},"15":{"start":{"line":47,"column":4},"end":{"line":47,"column":17}},"16":{"start":{"line":51,"column":16},"end":{"line":64,"column":1}},"17":{"start":{"line":52,"column":21},"end":{"line":56,"column":4}},"18":{"start":{"line":57,"column":15},"end":{"line":57,"column":42}},"19":{"start":{"line":58,"column":21},"end":{"line":58,"column":45}},"20":{"start":{"line":59,"column":2},"end":{"line":59,"column":26}},"21":{"start":{"line":60,"column":2},"end":{"line":60,"column":13}},"22":{"start":{"line":62,"column":26},"end":{"line":62,"column":66}},"23":{"start":{"line":63,"column":2},"end":{"line":63,"column":25}},"24":{"start":{"line":66,"column":18},"end":{"line":85,"column":1}},"25":{"start":{"line":67,"column":20},"end":{"line":67,"column":44}},"26":{"start":{"line":69,"column":20},"end":{"line":73,"column":4}},"27":{"start":{"line":75,"column":17},"end":{"line":75,"column":46}},"28":{"start":{"line":76,"column":2},"end":{"line":76,"column":27}},"29":{"start":{"line":77,"column":2},"end":{"line":77,"column":15}},"30":{"start":{"line":79,"column":17},"end":{"line":82,"column":3}},"31":{"start":{"line":84,"column":2},"end":{"line":84,"column":16}},"32":{"start":{"line":87,"column":0},"end":{"line":92,"column":2}}},"fnMap":{"0":{"name":"(anonymous_0)","decl":{"start":{"line":4,"column":24},"end":{"line":4,"column":25}},"loc":{"start":{"line":4,"column":30},"end":{"line":21,"column":1}},"line":4},"1":{"name":"(anonymous_1)","decl":{"start":{"line":23,"column":25},"end":{"line":23,"column":26}},"loc":{"start":{"line":23,"column":70},"end":{"line":49,"column":1}},"line":23},"2":{"name":"(anonymous_2)","decl":{"start":{"line":51,"column":16},"end":{"line":51,"column":17}},"loc":{"start":{"line":51,"column":47},"end":{"line":64,"column":1}},"line":51},"3":{"name":"(anonymous_3)","decl":{"start":{"line":66,"column":18},"end":{"line":66,"column":19}},"loc":{"start":{"line":66,"column":65},"end":{"line":85,"column":1}},"line":66}},"branchMap":{"0":{"loc":{"start":{"line":43,"column":19},"end":{"line":43,"column":76}},"type":"cond-expr","locations":[{"start":{"line":43,"column":64},"end":{"line":43,"column":68}},{"start":{"line":43,"column":71},"end":{"line":43,"column":76}}],"line":43}},"s":{"0":4,"1":4,"2":4,"3":0,"4":0,"5":0,"6":0,"7":4,"8":0,"9":0,"10":0,"11":0,"12":0,"13":0,"14":0,"15":0,"16":4,"17":0,"18":0,"19":0,"20":0,"21":0,"22":0,"23":0,"24":4,"25":0,"26":0,"27":0,"28":0,"29":0,"30":0,"31":0,"32":4},"f":{"0":0,"1":0,"2":0,"3":0},"b":{"0":[0,0]},"_coverageSchema":"1a1c01bbd47fc00a2c39e90264f33305004495a9","hash":"8fd9872ec9479eaaead150b43fade3634588f614"}
,"D:\\esignees-server\\server\\helpers\\exiftool.js": {"path":"D:\\esignees-server\\server\\helpers\\exiftool.js","statementMap":{"0":{"start":{"line":1,"column":17},"end":{"line":1,"column":41}},"1":{"start":{"line":2,"column":20},"end":{"line":2,"column":44}},"2":{"start":{"line":3,"column":11},"end":{"line":3,"column":52}},"3":{"start":{"line":5,"column":22},"end":{"line":24,"column":1}},"4":{"start":{"line":6,"column":2},"end":{"line":23,"column":3}},"5":{"start":{"line":7,"column":4},"end":{"line":7,"column":20}},"6":{"start":{"line":8,"column":18},"end":{"line":16,"column":5}},"7":{"start":{"line":18,"column":4},"end":{"line":18,"column":23}},"8":{"start":{"line":19,"column":4},"end":{"line":19,"column":21}},"9":{"start":{"line":20,"column":4},"end":{"line":20,"column":37}},"10":{"start":{"line":22,"column":4},"end":{"line":22,"column":23}},"11":{"start":{"line":26,"column":0},"end":{"line":26,"column":31}}},"fnMap":{"0":{"name":"(anonymous_0)","decl":{"start":{"line":5,"column":22},"end":{"line":5,"column":23}},"loc":{"start":{"line":5,"column":65},"end":{"line":24,"column":1}},"line":5}},"branchMap":{},"s":{"0":4,"1":4,"2":4,"3":4,"4":0,"5":0,"6":0,"7":0,"8":0,"9":0,"10":0,"11":4},"f":{"0":0},"b":{},"_coverageSchema":"1a1c01bbd47fc00a2c39e90264f33305004495a9","hash":"f206ec6eb9217a4e2fdff1c2dab14222756d4ea2"}
,"D:\\esignees-server\\server\\helpers\\jwt.js": {"path":"D:\\esignees-server\\server\\helpers\\jwt.js","statementMap":{"0":{"start":{"line":1,"column":12},"end":{"line":1,"column":35}},"1":{"start":{"line":2,"column":15},"end":{"line":2,"column":24}},"2":{"start":{"line":4,"column":20},"end":{"line":6,"column":1}},"3":{"start":{"line":5,"column":2},"end":{"line":5,"column":35}},"4":{"start":{"line":8,"column":21},"end":{"line":10,"column":1}},"5":{"start":{"line":9,"column":2},"end":{"line":9,"column":35}},"6":{"start":{"line":12,"column":0},"end":{"line":12,"column":47}}},"fnMap":{"0":{"name":"(anonymous_0)","decl":{"start":{"line":4,"column":20},"end":{"line":4,"column":21}},"loc":{"start":{"line":4,"column":33},"end":{"line":6,"column":1}},"line":4},"1":{"name":"(anonymous_1)","decl":{"start":{"line":8,"column":21},"end":{"line":8,"column":22}},"loc":{"start":{"line":8,"column":32},"end":{"line":10,"column":1}},"line":8}},"branchMap":{},"s":{"0":4,"1":4,"2":4,"3":4,"4":4,"5":10,"6":4},"f":{"0":4,"1":10},"b":{},"_coverageSchema":"1a1c01bbd47fc00a2c39e90264f33305004495a9","hash":"88559a49f3daa7e6b5e7d883b411f64922b61058"}
,"D:\\esignees-server\\server\\helpers\\nodemailer.js": {"path":"D:\\esignees-server\\server\\helpers\\nodemailer.js","statementMap":{"0":{"start":{"line":1,"column":19},"end":{"line":1,"column":40}},"1":{"start":{"line":4,"column":20},"end":{"line":10,"column":4}},"2":{"start":{"line":12,"column":20},"end":{"line":280,"column":3}},"3":{"start":{"line":282,"column":2},"end":{"line":285,"column":5}},"4":{"start":{"line":283,"column":4},"end":{"line":283,"column":23}},"5":{"start":{"line":283,"column":13},"end":{"line":283,"column":23}},"6":{"start":{"line":284,"column":4},"end":{"line":284,"column":48}},"7":{"start":{"line":288,"column":0},"end":{"line":288,"column":31}}},"fnMap":{"0":{"name":"sendEmail","decl":{"start":{"line":3,"column":9},"end":{"line":3,"column":18}},"loc":{"start":{"line":3,"column":32},"end":{"line":286,"column":1}},"line":3},"1":{"name":"(anonymous_1)","decl":{"start":{"line":282,"column":36},"end":{"line":282,"column":37}},"loc":{"start":{"line":282,"column":51},"end":{"line":285,"column":3}},"line":282}},"branchMap":{"0":{"loc":{"start":{"line":283,"column":4},"end":{"line":283,"column":23}},"type":"if","locations":[{"start":{"line":283,"column":4},"end":{"line":283,"column":23}},{"start":{},"end":{}}],"line":283}},"s":{"0":4,"1":0,"2":0,"3":0,"4":0,"5":0,"6":0,"7":4},"f":{"0":0,"1":0},"b":{"0":[0,0]},"_coverageSchema":"1a1c01bbd47fc00a2c39e90264f33305004495a9","hash":"e082384f0b8c8301d385bd688f4126621d2f9d65"}
,"D:\\esignees-server\\server\\middlewares\\authetication.js": {"path":"D:\\esignees-server\\server\\middlewares\\authetication.js","statementMap":{"0":{"start":{"line":1,"column":24},"end":{"line":1,"column":50}},"1":{"start":{"line":2,"column":25},"end":{"line":2,"column":50}},"2":{"start":{"line":5,"column":2},"end":{"line":23,"column":3}},"3":{"start":{"line":6,"column":23},"end":{"line":6,"column":47}},"4":{"start":{"line":7,"column":4},"end":{"line":9,"column":5}},"5":{"start":{"line":8,"column":6},"end":{"line":8,"column":37}},"6":{"start":{"line":11,"column":18},"end":{"line":11,"column":44}},"7":{"start":{"line":12,"column":19},"end":{"line":14,"column":6}},"8":{"start":{"line":15,"column":4},"end":{"line":17,"column":5}},"9":{"start":{"line":16,"column":6},"end":{"line":16,"column":37}},"10":{"start":{"line":19,"column":4},"end":{"line":19,"column":87}},"11":{"start":{"line":20,"column":4},"end":{"line":20,"column":11}},"12":{"start":{"line":22,"column":4},"end":{"line":22,"column":16}},"13":{"start":{"line":27,"column":2},"end":{"line":43,"column":3}},"14":{"start":{"line":28,"column":23},"end":{"line":28,"column":47}},"15":{"start":{"line":29,"column":4},"end":{"line":31,"column":5}},"16":{"start":{"line":30,"column":6},"end":{"line":30,"column":42}},"17":{"start":{"line":33,"column":18},"end":{"line":33,"column":44}},"18":{"start":{"line":34,"column":19},"end":{"line":34,"column":51}},"19":{"start":{"line":35,"column":4},"end":{"line":37,"column":5}},"20":{"start":{"line":36,"column":6},"end":{"line":36,"column":42}},"21":{"start":{"line":39,"column":4},"end":{"line":39,"column":56}},"22":{"start":{"line":40,"column":4},"end":{"line":40,"column":11}},"23":{"start":{"line":42,"column":4},"end":{"line":42,"column":16}},"24":{"start":{"line":46,"column":0},"end":{"line":46,"column":50}}},"fnMap":{"0":{"name":"authetication","decl":{"start":{"line":4,"column":15},"end":{"line":4,"column":28}},"loc":{"start":{"line":4,"column":45},"end":{"line":24,"column":1}},"line":4},"1":{"name":"autheticationAdm","decl":{"start":{"line":26,"column":15},"end":{"line":26,"column":31}},"loc":{"start":{"line":26,"column":48},"end":{"line":44,"column":1}},"line":26}},"branchMap":{"0":{"loc":{"start":{"line":7,"column":4},"end":{"line":9,"column":5}},"type":"if","locations":[{"start":{"line":7,"column":4},"end":{"line":9,"column":5}},{"start":{},"end":{}}],"line":7},"1":{"loc":{"start":{"line":15,"column":4},"end":{"line":17,"column":5}},"type":"if","locations":[{"start":{"line":15,"column":4},"end":{"line":17,"column":5}},{"start":{},"end":{}}],"line":15},"2":{"loc":{"start":{"line":29,"column":4},"end":{"line":31,"column":5}},"type":"if","locations":[{"start":{"line":29,"column":4},"end":{"line":31,"column":5}},{"start":{},"end":{}}],"line":29},"3":{"loc":{"start":{"line":35,"column":4},"end":{"line":37,"column":5}},"type":"if","locations":[{"start":{"line":35,"column":4},"end":{"line":37,"column":5}},{"start":{},"end":{}}],"line":35}},"s":{"0":4,"1":4,"2":5,"3":5,"4":5,"5":0,"6":5,"7":5,"8":5,"9":0,"10":5,"11":1,"12":4,"13":7,"14":7,"15":7,"16":3,"17":4,"18":4,"19":4,"20":3,"21":1,"22":1,"23":6,"24":4},"f":{"0":5,"1":7},"b":{"0":[0,5],"1":[0,5],"2":[3,4],"3":[3,1]},"_coverageSchema":"1a1c01bbd47fc00a2c39e90264f33305004495a9","hash":"0888f1594699eb6524951942d0f69285e98f3bb7"}
,"D:\\esignees-server\\server\\middlewares\\authorization.js": {"path":"D:\\esignees-server\\server\\middlewares\\authorization.js","statementMap":{"0":{"start":{"line":1,"column":20},"end":{"line":1,"column":46}},"1":{"start":{"line":4,"column":2},"end":{"line":16,"column":3}},"2":{"start":{"line":5,"column":13},"end":{"line":5,"column":31}},"3":{"start":{"line":7,"column":18},"end":{"line":7,"column":44}},"4":{"start":{"line":9,"column":4},"end":{"line":11,"column":5}},"5":{"start":{"line":10,"column":6},"end":{"line":10,"column":29}},"6":{"start":{"line":13,"column":4},"end":{"line":13,"column":11}},"7":{"start":{"line":15,"column":4},"end":{"line":15,"column":16}},"8":{"start":{"line":20,"column":0},"end":{"line":20,"column":38}}},"fnMap":{"0":{"name":"authorizationStatus","decl":{"start":{"line":3,"column":15},"end":{"line":3,"column":34}},"loc":{"start":{"line":3,"column":51},"end":{"line":17,"column":1}},"line":3}},"branchMap":{"0":{"loc":{"start":{"line":9,"column":4},"end":{"line":11,"column":5}},"type":"if","locations":[{"start":{"line":9,"column":4},"end":{"line":11,"column":5}},{"start":{},"end":{}}],"line":9}},"s":{"0":4,"1":0,"2":0,"3":0,"4":0,"5":0,"6":0,"7":0,"8":4},"f":{"0":0},"b":{"0":[0,0]},"_coverageSchema":"1a1c01bbd47fc00a2c39e90264f33305004495a9","hash":"5cfb7841441a6ef1f55b4a3bd6d3231ac4720b85"}
,"D:\\esignees-server\\server\\middlewares\\errorHandler.js": {"path":"D:\\esignees-server\\server\\middlewares\\errorHandler.js","statementMap":{"0":{"start":{"line":1,"column":21},"end":{"line":55,"column":1}},"1":{"start":{"line":2,"column":2},"end":{"line":2,"column":21}},"2":{"start":{"line":3,"column":15},"end":{"line":3,"column":18}},"3":{"start":{"line":4,"column":16},"end":{"line":4,"column":39}},"4":{"start":{"line":6,"column":2},"end":{"line":52,"column":3}},"5":{"start":{"line":10,"column":4},"end":{"line":10,"column":17}},"6":{"start":{"line":11,"column":4},"end":{"line":11,"column":38}},"7":{"start":{"line":12,"column":9},"end":{"line":52,"column":3}},"8":{"start":{"line":13,"column":4},"end":{"line":13,"column":17}},"9":{"start":{"line":14,"column":4},"end":{"line":14,"column":46}},"10":{"start":{"line":15,"column":9},"end":{"line":52,"column":3}},"11":{"start":{"line":16,"column":4},"end":{"line":16,"column":17}},"12":{"start":{"line":17,"column":4},"end":{"line":17,"column":64}},"13":{"start":{"line":18,"column":9},"end":{"line":52,"column":3}},"14":{"start":{"line":22,"column":4},"end":{"line":22,"column":17}},"15":{"start":{"line":23,"column":4},"end":{"line":23,"column":32}},"16":{"start":{"line":24,"column":9},"end":{"line":52,"column":3}},"17":{"start":{"line":25,"column":4},"end":{"line":25,"column":17}},"18":{"start":{"line":26,"column":4},"end":{"line":26,"column":42}},"19":{"start":{"line":27,"column":9},"end":{"line":52,"column":3}},"20":{"start":{"line":28,"column":4},"end":{"line":28,"column":17}},"21":{"start":{"line":29,"column":4},"end":{"line":30,"column":105}},"22":{"start":{"line":31,"column":9},"end":{"line":52,"column":3}},"23":{"start":{"line":32,"column":4},"end":{"line":32,"column":17}},"24":{"start":{"line":33,"column":4},"end":{"line":33,"column":79}},"25":{"start":{"line":34,"column":9},"end":{"line":52,"column":3}},"26":{"start":{"line":35,"column":4},"end":{"line":35,"column":17}},"27":{"start":{"line":36,"column":4},"end":{"line":36,"column":31}},"28":{"start":{"line":37,"column":9},"end":{"line":52,"column":3}},"29":{"start":{"line":38,"column":4},"end":{"line":38,"column":17}},"30":{"start":{"line":39,"column":4},"end":{"line":39,"column":34}},"31":{"start":{"line":40,"column":9},"end":{"line":52,"column":3}},"32":{"start":{"line":41,"column":4},"end":{"line":41,"column":17}},"33":{"start":{"line":42,"column":4},"end":{"line":42,"column":34}},"34":{"start":{"line":43,"column":9},"end":{"line":52,"column":3}},"35":{"start":{"line":44,"column":4},"end":{"line":44,"column":17}},"36":{"start":{"line":45,"column":4},"end":{"line":45,"column":41}},"37":{"start":{"line":46,"column":9},"end":{"line":52,"column":3}},"38":{"start":{"line":47,"column":4},"end":{"line":47,"column":17}},"39":{"start":{"line":48,"column":4},"end":{"line":48,"column":28}},"40":{"start":{"line":49,"column":9},"end":{"line":52,"column":3}},"41":{"start":{"line":50,"column":4},"end":{"line":50,"column":17}},"42":{"start":{"line":51,"column":4},"end":{"line":51,"column":49}},"43":{"start":{"line":54,"column":2},"end":{"line":54,"column":46}},"44":{"start":{"line":57,"column":0},"end":{"line":57,"column":34}}},"fnMap":{"0":{"name":"(anonymous_0)","decl":{"start":{"line":1,"column":21},"end":{"line":1,"column":22}},"loc":{"start":{"line":1,"column":48},"end":{"line":55,"column":1}},"line":1}},"branchMap":{"0":{"loc":{"start":{"line":6,"column":2},"end":{"line":52,"column":3}},"type":"if","locations":[{"start":{"line":6,"column":2},"end":{"line":52,"column":3}},{"start":{"line":12,"column":9},"end":{"line":52,"column":3}}],"line":6},"1":{"loc":{"start":{"line":7,"column":4},"end":{"line":8,"column":51}},"type":"binary-expr","locations":[{"start":{"line":7,"column":4},"end":{"line":7,"column":45}},{"start":{"line":8,"column":4},"end":{"line":8,"column":51}}],"line":7},"2":{"loc":{"start":{"line":12,"column":9},"end":{"line":52,"column":3}},"type":"if","locations":[{"start":{"line":12,"column":9},"end":{"line":52,"column":3}},{"start":{"line":15,"column":9},"end":{"line":52,"column":3}}],"line":12},"3":{"loc":{"start":{"line":15,"column":9},"end":{"line":52,"column":3}},"type":"if","locations":[{"start":{"line":15,"column":9},"end":{"line":52,"column":3}},{"start":{"line":18,"column":9},"end":{"line":52,"column":3}}],"line":15},"4":{"loc":{"start":{"line":18,"column":9},"end":{"line":52,"column":3}},"type":"if","locations":[{"start":{"line":18,"column":9},"end":{"line":52,"column":3}},{"start":{"line":24,"column":9},"end":{"line":52,"column":3}}],"line":18},"5":{"loc":{"start":{"line":19,"column":4},"end":{"line":20,"column":38}},"type":"binary-expr","locations":[{"start":{"line":19,"column":4},"end":{"line":19,"column":33}},{"start":{"line":20,"column":4},"end":{"line":20,"column":38}}],"line":19},"6":{"loc":{"start":{"line":24,"column":9},"end":{"line":52,"column":3}},"type":"if","locations":[{"start":{"line":24,"column":9},"end":{"line":52,"column":3}},{"start":{"line":27,"column":9},"end":{"line":52,"column":3}}],"line":24},"7":{"loc":{"start":{"line":27,"column":9},"end":{"line":52,"column":3}},"type":"if","locations":[{"start":{"line":27,"column":9},"end":{"line":52,"column":3}},{"start":{"line":31,"column":9},"end":{"line":52,"column":3}}],"line":27},"8":{"loc":{"start":{"line":31,"column":9},"end":{"line":52,"column":3}},"type":"if","locations":[{"start":{"line":31,"column":9},"end":{"line":52,"column":3}},{"start":{"line":34,"column":9},"end":{"line":52,"column":3}}],"line":31},"9":{"loc":{"start":{"line":34,"column":9},"end":{"line":52,"column":3}},"type":"if","locations":[{"start":{"line":34,"column":9},"end":{"line":52,"column":3}},{"start":{"line":37,"column":9},"end":{"line":52,"column":3}}],"line":34},"10":{"loc":{"start":{"line":37,"column":9},"end":{"line":52,"column":3}},"type":"if","locations":[{"start":{"line":37,"column":9},"end":{"line":52,"column":3}},{"start":{"line":40,"column":9},"end":{"line":52,"column":3}}],"line":37},"11":{"loc":{"start":{"line":40,"column":9},"end":{"line":52,"column":3}},"type":"if","locations":[{"start":{"line":40,"column":9},"end":{"line":52,"column":3}},{"start":{"line":43,"column":9},"end":{"line":52,"column":3}}],"line":40},"12":{"loc":{"start":{"line":43,"column":9},"end":{"line":52,"column":3}},"type":"if","locations":[{"start":{"line":43,"column":9},"end":{"line":52,"column":3}},{"start":{"line":46,"column":9},"end":{"line":52,"column":3}}],"line":43},"13":{"loc":{"start":{"line":46,"column":9},"end":{"line":52,"column":3}},"type":"if","locations":[{"start":{"line":46,"column":9},"end":{"line":52,"column":3}},{"start":{"line":49,"column":9},"end":{"line":52,"column":3}}],"line":46},"14":{"loc":{"start":{"line":49,"column":9},"end":{"line":52,"column":3}},"type":"if","locations":[{"start":{"line":49,"column":9},"end":{"line":52,"column":3}},{"start":{},"end":{}}],"line":49}},"s":{"0":4,"1":20,"2":20,"3":20,"4":20,"5":7,"6":7,"7":13,"8":0,"9":0,"10":13,"11":0,"12":0,"13":13,"14":0,"15":0,"16":13,"17":2,"18":2,"19":11,"20":0,"21":0,"22":11,"23":0,"24":0,"25":11,"26":0,"27":0,"28":11,"29":0,"30":0,"31":11,"32":0,"33":0,"34":11,"35":0,"36":0,"37":11,"38":6,"39":6,"40":5,"41":0,"42":0,"43":20,"44":4},"f":{"0":20},"b":{"0":[7,13],"1":[20,15],"2":[0,13],"3":[0,13],"4":[0,13],"5":[13,13],"6":[2,11],"7":[0,11],"8":[0,11],"9":[0,11],"10":[0,11],"11":[0,11],"12":[0,11],"13":[6,5],"14":[0,5]},"_coverageSchema":"1a1c01bbd47fc00a2c39e90264f33305004495a9","hash":"e0d2645d5be233b527c9ee0aeff51f62f60a114d"}
,"D:\\esignees-server\\server\\models\\admin.js": {"path":"D:\\esignees-server\\server\\models\\admin.js","statementMap":{"0":{"start":{"line":4,"column":4},"end":{"line":4,"column":24}},"1":{"start":{"line":5,"column":0},"end":{"line":58,"column":2}},"2":{"start":{"line":16,"column":2},"end":{"line":56,"column":5}},"3":{"start":{"line":57,"column":2},"end":{"line":57,"column":15}}},"fnMap":{"0":{"name":"(anonymous_0)","decl":{"start":{"line":5,"column":17},"end":{"line":5,"column":18}},"loc":{"start":{"line":5,"column":43},"end":{"line":58,"column":1}},"line":5},"1":{"name":"(anonymous_1)","decl":{"start":{"line":12,"column":4},"end":{"line":12,"column":5}},"loc":{"start":{"line":12,"column":29},"end":{"line":14,"column":5}},"line":12}},"branchMap":{},"s":{"0":4,"1":4,"2":4,"3":4},"f":{"0":4,"1":4},"b":{},"_coverageSchema":"1a1c01bbd47fc00a2c39e90264f33305004495a9","hash":"766217e0aaa49d8a7cd04397ca0b0c2eaff5d735"}
,"D:\\esignees-server\\server\\models\\company.js": {"path":"D:\\esignees-server\\server\\models\\company.js","statementMap":{"0":{"start":{"line":4,"column":4},"end":{"line":4,"column":24}},"1":{"start":{"line":5,"column":0},"end":{"line":100,"column":2}},"2":{"start":{"line":14,"column":6},"end":{"line":14,"column":61}},"3":{"start":{"line":17,"column":2},"end":{"line":93,"column":5}},"4":{"start":{"line":94,"column":2},"end":{"line":98,"column":4}},"5":{"start":{"line":95,"column":4},"end":{"line":95,"column":87}},"6":{"start":{"line":96,"column":4},"end":{"line":96,"column":24}},"7":{"start":{"line":97,"column":4},"end":{"line":97,"column":15}},"8":{"start":{"line":99,"column":2},"end":{"line":99,"column":17}}},"fnMap":{"0":{"name":"(anonymous_0)","decl":{"start":{"line":5,"column":17},"end":{"line":5,"column":18}},"loc":{"start":{"line":5,"column":43},"end":{"line":100,"column":1}},"line":5},"1":{"name":"(anonymous_1)","decl":{"start":{"line":12,"column":4},"end":{"line":12,"column":5}},"loc":{"start":{"line":12,"column":29},"end":{"line":15,"column":5}},"line":12},"2":{"name":"(anonymous_2)","decl":{"start":{"line":94,"column":23},"end":{"line":94,"column":24}},"loc":{"start":{"line":94,"column":31},"end":{"line":98,"column":3}},"line":94}},"branchMap":{},"s":{"0":4,"1":4,"2":4,"3":4,"4":4,"5":1,"6":1,"7":1,"8":4},"f":{"0":4,"1":4,"2":1},"b":{},"_coverageSchema":"1a1c01bbd47fc00a2c39e90264f33305004495a9","hash":"1ac3df9965aca8448c78fe7a1fc8ac472d2a7f15"}
,"D:\\esignees-server\\server\\models\\contact.js": {"path":"D:\\esignees-server\\server\\models\\contact.js","statementMap":{"0":{"start":{"line":4,"column":4},"end":{"line":4,"column":24}},"1":{"start":{"line":5,"column":0},"end":{"line":37,"column":2}},"2":{"start":{"line":14,"column":6},"end":{"line":14,"column":65}},"3":{"start":{"line":15,"column":6},"end":{"line":15,"column":67}},"4":{"start":{"line":18,"column":2},"end":{"line":35,"column":5}},"5":{"start":{"line":36,"column":2},"end":{"line":36,"column":17}}},"fnMap":{"0":{"name":"(anonymous_0)","decl":{"start":{"line":5,"column":17},"end":{"line":5,"column":18}},"loc":{"start":{"line":5,"column":43},"end":{"line":37,"column":1}},"line":5},"1":{"name":"(anonymous_1)","decl":{"start":{"line":12,"column":4},"end":{"line":12,"column":5}},"loc":{"start":{"line":12,"column":29},"end":{"line":16,"column":5}},"line":12}},"branchMap":{},"s":{"0":4,"1":4,"2":4,"3":4,"4":4,"5":4},"f":{"0":4,"1":4},"b":{},"_coverageSchema":"1a1c01bbd47fc00a2c39e90264f33305004495a9","hash":"e86eb528f60fbb62401bd1d8c2ba3ae92ea08227"}
,"D:\\esignees-server\\server\\models\\document.js": {"path":"D:\\esignees-server\\server\\models\\document.js","statementMap":{"0":{"start":{"line":2,"column":18},"end":{"line":2,"column":38}},"1":{"start":{"line":3,"column":0},"end":{"line":31,"column":2}},"2":{"start":{"line":12,"column":6},"end":{"line":12,"column":38}},"3":{"start":{"line":13,"column":6},"end":{"line":13,"column":41}},"4":{"start":{"line":16,"column":2},"end":{"line":29,"column":4}},"5":{"start":{"line":30,"column":2},"end":{"line":30,"column":18}}},"fnMap":{"0":{"name":"(anonymous_0)","decl":{"start":{"line":3,"column":17},"end":{"line":3,"column":18}},"loc":{"start":{"line":3,"column":43},"end":{"line":31,"column":1}},"line":3},"1":{"name":"(anonymous_1)","decl":{"start":{"line":10,"column":4},"end":{"line":10,"column":5}},"loc":{"start":{"line":10,"column":29},"end":{"line":14,"column":5}},"line":10}},"branchMap":{},"s":{"0":4,"1":4,"2":4,"3":4,"4":4,"5":4},"f":{"0":4,"1":4},"b":{},"_coverageSchema":"1a1c01bbd47fc00a2c39e90264f33305004495a9","hash":"c2c7109b1e1df2dc8df0b69dab94f69d04af6f0d"}
,"D:\\esignees-server\\server\\models\\index.js": {"path":"D:\\esignees-server\\server\\models\\index.js","statementMap":{"0":{"start":{"line":3,"column":11},"end":{"line":3,"column":24}},"1":{"start":{"line":4,"column":13},"end":{"line":4,"column":28}},"2":{"start":{"line":5,"column":18},"end":{"line":5,"column":38}},"3":{"start":{"line":6,"column":16},"end":{"line":6,"column":34}},"4":{"start":{"line":7,"column":17},"end":{"line":7,"column":42}},"5":{"start":{"line":8,"column":12},"end":{"line":8,"column":49}},"6":{"start":{"line":9,"column":15},"end":{"line":9,"column":65}},"7":{"start":{"line":10,"column":11},"end":{"line":10,"column":13}},"8":{"start":{"line":13,"column":0},"end":{"line":17,"column":1}},"9":{"start":{"line":14,"column":2},"end":{"line":14,"column":74}},"10":{"start":{"line":16,"column":2},"end":{"line":16,"column":87}},"11":{"start":{"line":19,"column":0},"end":{"line":27,"column":5}},"12":{"start":{"line":22,"column":4},"end":{"line":22,"column":90}},"13":{"start":{"line":25,"column":18},"end":{"line":25,"column":85}},"14":{"start":{"line":26,"column":4},"end":{"line":26,"column":27}},"15":{"start":{"line":29,"column":0},"end":{"line":33,"column":3}},"16":{"start":{"line":30,"column":2},"end":{"line":32,"column":3}},"17":{"start":{"line":31,"column":4},"end":{"line":31,"column":32}},"18":{"start":{"line":35,"column":0},"end":{"line":35,"column":25}},"19":{"start":{"line":36,"column":0},"end":{"line":36,"column":25}},"20":{"start":{"line":38,"column":0},"end":{"line":38,"column":20}}},"fnMap":{"0":{"name":"(anonymous_0)","decl":{"start":{"line":21,"column":10},"end":{"line":21,"column":11}},"loc":{"start":{"line":21,"column":18},"end":{"line":23,"column":3}},"line":21},"1":{"name":"(anonymous_1)","decl":{"start":{"line":24,"column":11},"end":{"line":24,"column":12}},"loc":{"start":{"line":24,"column":19},"end":{"line":27,"column":3}},"line":24},"2":{"name":"(anonymous_2)","decl":{"start":{"line":29,"column":24},"end":{"line":29,"column":25}},"loc":{"start":{"line":29,"column":37},"end":{"line":33,"column":1}},"line":29}},"branchMap":{"0":{"loc":{"start":{"line":8,"column":12},"end":{"line":8,"column":49}},"type":"binary-expr","locations":[{"start":{"line":8,"column":12},"end":{"line":8,"column":32}},{"start":{"line":8,"column":36},"end":{"line":8,"column":49}}],"line":8},"1":{"loc":{"start":{"line":13,"column":0},"end":{"line":17,"column":1}},"type":"if","locations":[{"start":{"line":13,"column":0},"end":{"line":17,"column":1}},{"start":{"line":15,"column":7},"end":{"line":17,"column":1}}],"line":13},"2":{"loc":{"start":{"line":22,"column":11},"end":{"line":22,"column":89}},"type":"binary-expr","locations":[{"start":{"line":22,"column":12},"end":{"line":22,"column":35}},{"start":{"line":22,"column":41},"end":{"line":22,"column":58}},{"start":{"line":22,"column":64},"end":{"line":22,"column":88}}],"line":22},"3":{"loc":{"start":{"line":30,"column":2},"end":{"line":32,"column":3}},"type":"if","locations":[{"start":{"line":30,"column":2},"end":{"line":32,"column":3}},{"start":{},"end":{}}],"line":30}},"s":{"0":4,"1":4,"2":4,"3":4,"4":4,"5":4,"6":4,"7":4,"8":4,"9":0,"10":4,"11":4,"12":36,"13":32,"14":32,"15":4,"16":32,"17":32,"18":4,"19":4,"20":4},"f":{"0":36,"1":32,"2":32},"b":{"0":[4,0],"1":[0,4],"2":[36,36,32],"3":[32,0]},"_coverageSchema":"1a1c01bbd47fc00a2c39e90264f33305004495a9","hash":"1dbb52d657474284dc34b894e7884116b29c3387"}
,"D:\\esignees-server\\server\\models\\message.js": {"path":"D:\\esignees-server\\server\\models\\message.js","statementMap":{"0":{"start":{"line":2,"column":18},"end":{"line":2,"column":38}},"1":{"start":{"line":3,"column":0},"end":{"line":61,"column":2}},"2":{"start":{"line":12,"column":6},"end":{"line":15,"column":9}},"3":{"start":{"line":16,"column":6},"end":{"line":19,"column":9}},"4":{"start":{"line":20,"column":6},"end":{"line":20,"column":39}},"5":{"start":{"line":23,"column":2},"end":{"line":56,"column":4}},"6":{"start":{"line":60,"column":2},"end":{"line":60,"column":17}}},"fnMap":{"0":{"name":"(anonymous_0)","decl":{"start":{"line":3,"column":17},"end":{"line":3,"column":18}},"loc":{"start":{"line":3,"column":43},"end":{"line":61,"column":1}},"line":3},"1":{"name":"(anonymous_1)","decl":{"start":{"line":10,"column":4},"end":{"line":10,"column":5}},"loc":{"start":{"line":10,"column":29},"end":{"line":21,"column":5}},"line":10}},"branchMap":{},"s":{"0":4,"1":4,"2":4,"3":4,"4":4,"5":4,"6":4},"f":{"0":4,"1":4},"b":{},"_coverageSchema":"1a1c01bbd47fc00a2c39e90264f33305004495a9","hash":"555d943c3bc990b98c2aaff6db2d40679312ac36"}
,"D:\\esignees-server\\server\\models\\notification.js": {"path":"D:\\esignees-server\\server\\models\\notification.js","statementMap":{"0":{"start":{"line":4,"column":4},"end":{"line":4,"column":24}},"1":{"start":{"line":5,"column":0},"end":{"line":29,"column":2}},"2":{"start":{"line":14,"column":6},"end":{"line":14,"column":66}},"3":{"start":{"line":17,"column":2},"end":{"line":24,"column":5}},"4":{"start":{"line":25,"column":2},"end":{"line":27,"column":4}},"5":{"start":{"line":26,"column":4},"end":{"line":26,"column":33}},"6":{"start":{"line":28,"column":2},"end":{"line":28,"column":22}}},"fnMap":{"0":{"name":"(anonymous_0)","decl":{"start":{"line":5,"column":17},"end":{"line":5,"column":18}},"loc":{"start":{"line":5,"column":43},"end":{"line":29,"column":1}},"line":5},"1":{"name":"(anonymous_1)","decl":{"start":{"line":12,"column":4},"end":{"line":12,"column":5}},"loc":{"start":{"line":12,"column":29},"end":{"line":15,"column":5}},"line":12},"2":{"name":"(anonymous_2)","decl":{"start":{"line":25,"column":28},"end":{"line":25,"column":29}},"loc":{"start":{"line":25,"column":36},"end":{"line":27,"column":3}},"line":25}},"branchMap":{},"s":{"0":4,"1":4,"2":4,"3":4,"4":4,"5":0,"6":4},"f":{"0":4,"1":4,"2":0},"b":{},"_coverageSchema":"1a1c01bbd47fc00a2c39e90264f33305004495a9","hash":"800a8fd86db16e3f9ae4a669180d5ec9a0f414bc"}
,"D:\\esignees-server\\server\\models\\signature.js": {"path":"D:\\esignees-server\\server\\models\\signature.js","statementMap":{"0":{"start":{"line":2,"column":18},"end":{"line":2,"column":38}},"1":{"start":{"line":3,"column":0},"end":{"line":26,"column":2}},"2":{"start":{"line":12,"column":6},"end":{"line":12,"column":39}},"3":{"start":{"line":15,"column":2},"end":{"line":24,"column":4}},"4":{"start":{"line":25,"column":2},"end":{"line":25,"column":19}}},"fnMap":{"0":{"name":"(anonymous_0)","decl":{"start":{"line":3,"column":17},"end":{"line":3,"column":18}},"loc":{"start":{"line":3,"column":43},"end":{"line":26,"column":1}},"line":3},"1":{"name":"(anonymous_1)","decl":{"start":{"line":10,"column":4},"end":{"line":10,"column":5}},"loc":{"start":{"line":10,"column":29},"end":{"line":13,"column":5}},"line":10}},"branchMap":{},"s":{"0":4,"1":4,"2":4,"3":4,"4":4},"f":{"0":4,"1":4},"b":{},"_coverageSchema":"1a1c01bbd47fc00a2c39e90264f33305004495a9","hash":"9a6c3ca669629be5cc4a349fd8f5189bbf9b208f"}
,"D:\\esignees-server\\server\\models\\user.js": {"path":"D:\\esignees-server\\server\\models\\user.js","statementMap":{"0":{"start":{"line":2,"column":18},"end":{"line":2,"column":38}},"1":{"start":{"line":3,"column":25},"end":{"line":3,"column":53}},"2":{"start":{"line":4,"column":0},"end":{"line":137,"column":2}},"3":{"start":{"line":13,"column":6},"end":{"line":13,"column":66}},"4":{"start":{"line":14,"column":6},"end":{"line":14,"column":66}},"5":{"start":{"line":15,"column":6},"end":{"line":15,"column":68}},"6":{"start":{"line":16,"column":6},"end":{"line":16,"column":66}},"7":{"start":{"line":17,"column":6},"end":{"line":20,"column":9}},"8":{"start":{"line":21,"column":6},"end":{"line":23,"column":9}},"9":{"start":{"line":24,"column":6},"end":{"line":24,"column":36}},"10":{"start":{"line":25,"column":6},"end":{"line":25,"column":36}},"11":{"start":{"line":28,"column":2},"end":{"line":130,"column":4}},"12":{"start":{"line":131,"column":2},"end":{"line":135,"column":5}},"13":{"start":{"line":132,"column":4},"end":{"line":132,"column":48}},"14":{"start":{"line":133,"column":4},"end":{"line":133,"column":31}},"15":{"start":{"line":134,"column":4},"end":{"line":134,"column":16}},"16":{"start":{"line":136,"column":2},"end":{"line":136,"column":14}}},"fnMap":{"0":{"name":"(anonymous_0)","decl":{"start":{"line":4,"column":17},"end":{"line":4,"column":18}},"loc":{"start":{"line":4,"column":43},"end":{"line":137,"column":1}},"line":4},"1":{"name":"(anonymous_1)","decl":{"start":{"line":11,"column":4},"end":{"line":11,"column":5}},"loc":{"start":{"line":11,"column":29},"end":{"line":26,"column":5}},"line":11},"2":{"name":"(anonymous_2)","decl":{"start":{"line":131,"column":20},"end":{"line":131,"column":21}},"loc":{"start":{"line":131,"column":30},"end":{"line":135,"column":3}},"line":131}},"branchMap":{},"s":{"0":4,"1":4,"2":4,"3":4,"4":4,"5":4,"6":4,"7":4,"8":4,"9":4,"10":4,"11":4,"12":4,"13":6,"14":6,"15":6,"16":4},"f":{"0":4,"1":4,"2":6},"b":{},"_coverageSchema":"1a1c01bbd47fc00a2c39e90264f33305004495a9","hash":"8e68db630f145a8239e95c8b74b69b32167c351d"}
,"D:\\esignees-server\\server\\routers\\admin.js": {"path":"D:\\esignees-server\\server\\routers\\admin.js","statementMap":{"0":{"start":{"line":1,"column":16},"end":{"line":1,"column":34}},"1":{"start":{"line":2,"column":24},"end":{"line":2,"column":68}},"2":{"start":{"line":3,"column":27},"end":{"line":3,"column":66}},"3":{"start":{"line":4,"column":15},"end":{"line":4,"column":31}},"4":{"start":{"line":6,"column":0},"end":{"line":6,"column":49}},"5":{"start":{"line":7,"column":0},"end":{"line":7,"column":55}},"6":{"start":{"line":8,"column":0},"end":{"line":8,"column":65}},"7":{"start":{"line":9,"column":0},"end":{"line":9,"column":70}},"8":{"start":{"line":10,"column":0},"end":{"line":10,"column":73}},"9":{"start":{"line":11,"column":0},"end":{"line":11,"column":73}},"10":{"start":{"line":13,"column":0},"end":{"line":13,"column":23}}},"fnMap":{},"branchMap":{},"s":{"0":4,"1":4,"2":4,"3":4,"4":4,"5":4,"6":4,"7":4,"8":4,"9":4,"10":4},"f":{},"b":{},"_coverageSchema":"1a1c01bbd47fc00a2c39e90264f33305004495a9","hash":"13c12bfb04fc002f0f68cd92597b94b4d1878cef"}
,"D:\\esignees-server\\server\\routers\\company.js": {"path":"D:\\esignees-server\\server\\routers\\company.js","statementMap":{"0":{"start":{"line":1,"column":16},"end":{"line":1,"column":34}},"1":{"start":{"line":2,"column":15},"end":{"line":2,"column":31}},"2":{"start":{"line":3,"column":26},"end":{"line":3,"column":69}},"3":{"start":{"line":5,"column":0},"end":{"line":5,"column":47}},"4":{"start":{"line":6,"column":0},"end":{"line":6,"column":46}},"5":{"start":{"line":7,"column":0},"end":{"line":7,"column":49}},"6":{"start":{"line":8,"column":0},"end":{"line":8,"column":81}},"7":{"start":{"line":10,"column":0},"end":{"line":10,"column":23}}},"fnMap":{},"branchMap":{},"s":{"0":4,"1":4,"2":4,"3":4,"4":4,"5":4,"6":4,"7":4},"f":{},"b":{},"_coverageSchema":"1a1c01bbd47fc00a2c39e90264f33305004495a9","hash":"00e396e00ad5218f28f3d997c7652208e5b6d370"}
,"D:\\esignees-server\\server\\routers\\contact.js": {"path":"D:\\esignees-server\\server\\routers\\contact.js","statementMap":{"0":{"start":{"line":1,"column":16},"end":{"line":1,"column":34}},"1":{"start":{"line":2,"column":15},"end":{"line":2,"column":31}},"2":{"start":{"line":3,"column":26},"end":{"line":3,"column":69}},"3":{"start":{"line":5,"column":0},"end":{"line":5,"column":49}},"4":{"start":{"line":6,"column":0},"end":{"line":6,"column":49}},"5":{"start":{"line":7,"column":0},"end":{"line":7,"column":51}},"6":{"start":{"line":8,"column":0},"end":{"line":8,"column":54}},"7":{"start":{"line":10,"column":0},"end":{"line":10,"column":23}}},"fnMap":{},"branchMap":{},"s":{"0":4,"1":4,"2":4,"3":4,"4":4,"5":4,"6":4,"7":4},"f":{},"b":{},"_coverageSchema":"1a1c01bbd47fc00a2c39e90264f33305004495a9","hash":"0e397d5468b6816a1ad4a97b0bb5560152d21448"}
,"D:\\esignees-server\\server\\routers\\document.js": {"path":"D:\\esignees-server\\server\\routers\\document.js","statementMap":{"0":{"start":{"line":1,"column":16},"end":{"line":1,"column":34}},"1":{"start":{"line":2,"column":15},"end":{"line":2,"column":31}},"2":{"start":{"line":3,"column":27},"end":{"line":3,"column":71}},"3":{"start":{"line":5,"column":0},"end":{"line":5,"column":55}},"4":{"start":{"line":7,"column":0},"end":{"line":7,"column":24}}},"fnMap":{},"branchMap":{},"s":{"0":4,"1":4,"2":4,"3":4,"4":4},"f":{},"b":{},"_coverageSchema":"1a1c01bbd47fc00a2c39e90264f33305004495a9","hash":"eb99dde9463b3ee9c2fb7571a87d121977fda26f"}
,"D:\\esignees-server\\server\\routers\\index.js": {"path":"D:\\esignees-server\\server\\routers\\index.js","statementMap":{"0":{"start":{"line":1,"column":16},"end":{"line":1,"column":34}},"1":{"start":{"line":2,"column":15},"end":{"line":2,"column":31}},"2":{"start":{"line":3,"column":26},"end":{"line":3,"column":65}},"3":{"start":{"line":5,"column":13},"end":{"line":5,"column":30}},"4":{"start":{"line":6,"column":0},"end":{"line":6,"column":22}},"5":{"start":{"line":8,"column":14},"end":{"line":8,"column":32}},"6":{"start":{"line":9,"column":0},"end":{"line":9,"column":26}},"7":{"start":{"line":11,"column":0},"end":{"line":11,"column":26}},"8":{"start":{"line":13,"column":16},"end":{"line":13,"column":36}},"9":{"start":{"line":14,"column":0},"end":{"line":14,"column":33}},"10":{"start":{"line":16,"column":16},"end":{"line":16,"column":36}},"11":{"start":{"line":17,"column":0},"end":{"line":17,"column":34}},"12":{"start":{"line":19,"column":16},"end":{"line":19,"column":36}},"13":{"start":{"line":20,"column":0},"end":{"line":20,"column":30}},"14":{"start":{"line":22,"column":21},"end":{"line":22,"column":46}},"15":{"start":{"line":23,"column":0},"end":{"line":23,"column":43}},"16":{"start":{"line":25,"column":19},"end":{"line":25,"column":41}},"17":{"start":{"line":26,"column":0},"end":{"line":26,"column":38}},"18":{"start":{"line":28,"column":18},"end":{"line":28,"column":39}},"19":{"start":{"line":29,"column":0},"end":{"line":29,"column":36}},"20":{"start":{"line":31,"column":0},"end":{"line":31,"column":24}}},"fnMap":{},"branchMap":{},"s":{"0":4,"1":4,"2":4,"3":4,"4":4,"5":4,"6":4,"7":4,"8":4,"9":4,"10":4,"11":4,"12":4,"13":4,"14":4,"15":4,"16":4,"17":4,"18":4,"19":4,"20":4},"f":{},"b":{},"_coverageSchema":"1a1c01bbd47fc00a2c39e90264f33305004495a9","hash":"906a672d4314b3da6dde19272a9a8de4fdf5b448"}
,"D:\\esignees-server\\server\\routers\\message.js": {"path":"D:\\esignees-server\\server\\routers\\message.js","statementMap":{"0":{"start":{"line":1,"column":16},"end":{"line":1,"column":34}},"1":{"start":{"line":2,"column":15},"end":{"line":2,"column":31}},"2":{"start":{"line":3,"column":26},"end":{"line":3,"column":69}},"3":{"start":{"line":4,"column":15},"end":{"line":4,"column":32}},"4":{"start":{"line":5,"column":30},"end":{"line":5,"column":69}},"5":{"start":{"line":7,"column":16},"end":{"line":14,"column":2}},"6":{"start":{"line":9,"column":4},"end":{"line":9,"column":27}},"7":{"start":{"line":12,"column":4},"end":{"line":12,"column":60}},"8":{"start":{"line":15,"column":15},"end":{"line":15,"column":43}},"9":{"start":{"line":17,"column":0},"end":{"line":17,"column":92}},"10":{"start":{"line":18,"column":0},"end":{"line":18,"column":50}},"11":{"start":{"line":19,"column":0},"end":{"line":19,"column":50}},"12":{"start":{"line":20,"column":0},"end":{"line":20,"column":96}},"13":{"start":{"line":22,"column":0},"end":{"line":22,"column":24}}},"fnMap":{"0":{"name":"(anonymous_0)","decl":{"start":{"line":8,"column":15},"end":{"line":8,"column":16}},"loc":{"start":{"line":8,"column":34},"end":{"line":10,"column":3}},"line":8},"1":{"name":"(anonymous_1)","decl":{"start":{"line":11,"column":12},"end":{"line":11,"column":13}},"loc":{"start":{"line":11,"column":31},"end":{"line":13,"column":3}},"line":11}},"branchMap":{},"s":{"0":4,"1":4,"2":4,"3":4,"4":4,"5":4,"6":0,"7":0,"8":4,"9":4,"10":4,"11":4,"12":4,"13":4},"f":{"0":0,"1":0},"b":{},"_coverageSchema":"1a1c01bbd47fc00a2c39e90264f33305004495a9","hash":"0275813b1784fd967b8f1da9415aef56925b6727"}
,"D:\\esignees-server\\server\\routers\\notification.js": {"path":"D:\\esignees-server\\server\\routers\\notification.js","statementMap":{"0":{"start":{"line":1,"column":16},"end":{"line":1,"column":34}},"1":{"start":{"line":2,"column":15},"end":{"line":2,"column":31}},"2":{"start":{"line":3,"column":31},"end":{"line":3,"column":79}},"3":{"start":{"line":5,"column":0},"end":{"line":5,"column":59}},"4":{"start":{"line":6,"column":0},"end":{"line":6,"column":61}},"5":{"start":{"line":7,"column":0},"end":{"line":7,"column":59}},"6":{"start":{"line":9,"column":0},"end":{"line":9,"column":23}}},"fnMap":{},"branchMap":{},"s":{"0":4,"1":4,"2":4,"3":4,"4":4,"5":4,"6":4},"f":{},"b":{},"_coverageSchema":"1a1c01bbd47fc00a2c39e90264f33305004495a9","hash":"457451357c4fd1d1e32f6f7f4eaa76b4c2a17294"}
,"D:\\esignees-server\\server\\routers\\signature.js": {"path":"D:\\esignees-server\\server\\routers\\signature.js","statementMap":{"0":{"start":{"line":1,"column":16},"end":{"line":1,"column":34}},"1":{"start":{"line":2,"column":15},"end":{"line":2,"column":31}},"2":{"start":{"line":3,"column":28},"end":{"line":3,"column":73}},"3":{"start":{"line":5,"column":0},"end":{"line":5,"column":54}},"4":{"start":{"line":6,"column":0},"end":{"line":6,"column":50}},"5":{"start":{"line":7,"column":0},"end":{"line":7,"column":51}},"6":{"start":{"line":8,"column":0},"end":{"line":8,"column":56}},"7":{"start":{"line":10,"column":0},"end":{"line":10,"column":24}}},"fnMap":{},"branchMap":{},"s":{"0":4,"1":4,"2":4,"3":4,"4":4,"5":4,"6":4,"7":4},"f":{},"b":{},"_coverageSchema":"1a1c01bbd47fc00a2c39e90264f33305004495a9","hash":"4b2a0fc414c6933bffc88800d74afac08bae9c23"}
,"D:\\esignees-server\\server\\routers\\user.js": {"path":"D:\\esignees-server\\server\\routers\\user.js","statementMap":{"0":{"start":{"line":1,"column":16},"end":{"line":1,"column":34}},"1":{"start":{"line":2,"column":15},"end":{"line":2,"column":31}},"2":{"start":{"line":3,"column":23},"end":{"line":3,"column":63}},"3":{"start":{"line":4,"column":24},"end":{"line":4,"column":63}},"4":{"start":{"line":6,"column":0},"end":{"line":6,"column":56}},"5":{"start":{"line":7,"column":0},"end":{"line":7,"column":43}},"6":{"start":{"line":9,"column":0},"end":{"line":9,"column":68}},"7":{"start":{"line":10,"column":0},"end":{"line":10,"column":66}},"8":{"start":{"line":12,"column":0},"end":{"line":12,"column":23}}},"fnMap":{},"branchMap":{},"s":{"0":4,"1":4,"2":4,"3":4,"4":4,"5":4,"6":4,"7":4,"8":4},"f":{},"b":{},"_coverageSchema":"1a1c01bbd47fc00a2c39e90264f33305004495a9","hash":"45d67fc0b9cd410453b22a0a6425c15cde5bddb1"}
}
