TN:
SF:app.js
FNF:0
FNH:0
DA:1,8
DA:2,8
DA:4,8
DA:5,8
DA:6,8
DA:8,8
DA:14,8
DA:20,8
DA:22,8
DA:23,8
DA:25,8
DA:26,8
DA:27,8
DA:38,8
DA:39,8
DA:40,8
DA:41,8
DA:42,8
DA:48,8
LF:19
LH:19
BRDA:1,0,0,8
BRDA:1,0,1,0
BRF:2
BRH:1
end_of_record
TN:
SF:controllers\controllerCMSAdmin.js
FN:9,(anonymous_0)
FN:38,(anonymous_1)
FN:58,(anonymous_2)
FN:90,(anonymous_3)
FN:102,(anonymous_4)
FN:126,(anonymous_5)
FNF:6
FNH:6
FNDA:4,(anonymous_0)
FNDA:7,(anonymous_1)
FNDA:3,(anonymous_2)
FNDA:2,(anonymous_3)
FNDA:2,(anonymous_4)
FNDA:2,(anonymous_5)
DA:1,8
DA:2,8
DA:3,8
DA:4,8
DA:5,8
DA:6,8
DA:10,4
DA:11,4
DA:12,4
DA:13,1
DA:15,3
DA:16,3
DA:17,1
DA:20,2
DA:21,2
DA:22,1
DA:25,1
DA:30,1
DA:31,1
DA:33,3
DA:34,3
DA:39,7
DA:40,7
DA:41,7
DA:42,7
DA:48,1
DA:54,6
DA:59,3
DA:60,3
DA:61,3
DA:72,3
DA:73,2
DA:78,3
DA:79,3
DA:80,3
DA:81,2
DA:83,1
DA:86,2
DA:91,2
DA:92,2
DA:93,2
DA:96,1
DA:98,1
DA:103,2
DA:104,2
DA:105,2
DA:107,2
DA:108,1
DA:110,1
DA:117,1
DA:118,1
DA:122,1
DA:127,2
DA:128,2
DA:129,2
DA:131,2
DA:132,1
DA:135,1
DA:139,1
DA:143,1
DA:148,8
LF:61
LH:61
BRDA:12,0,0,1
BRDA:12,0,1,3
BRDA:12,1,0,4
BRDA:12,1,1,4
BRDA:16,2,0,1
BRDA:16,2,1,2
BRDA:21,3,0,1
BRDA:21,3,1,1
BRDA:72,4,0,2
BRDA:72,4,1,1
BRDA:80,5,0,2
BRDA:80,5,1,1
BRDA:131,6,0,1
BRDA:131,6,1,1
BRF:14
BRH:14
end_of_record
TN:
SF:controllers\controllerCompany.js
FN:5,(anonymous_0)
FN:16,(anonymous_1)
FN:49,(anonymous_2)
FN:63,(anonymous_3)
FNF:4
FNH:4
FNDA:2,(anonymous_0)
FNDA:1,(anonymous_1)
FNDA:2,(anonymous_2)
FNDA:2,(anonymous_3)
DA:1,8
DA:2,8
DA:6,2
DA:7,2
DA:8,2
DA:9,1
DA:11,1
DA:17,1
DA:18,1
DA:19,1
DA:20,1
DA:22,1
DA:27,1
DA:29,1
DA:41,1
DA:42,1
DA:44,0
DA:50,2
DA:51,2
DA:52,2
DA:53,2
DA:57,1
DA:59,1
DA:64,2
DA:65,2
DA:66,2
DA:68,1
DA:69,0
DA:73,0
DA:76,1
DA:81,8
LF:31
LH:28
BRDA:68,0,0,0
BRDA:68,0,1,1
BRF:2
BRH:1
end_of_record
TN:
SF:controllers\controllerContact.js
FN:5,(anonymous_0)
FN:26,(anonymous_1)
FN:40,(anonymous_2)
FN:60,(anonymous_3)
FNF:4
FNH:4
FNDA:2,(anonymous_0)
FNDA:1,(anonymous_1)
FNDA:2,(anonymous_2)
FNDA:2,(anonymous_3)
DA:1,8
DA:6,2
DA:7,2
DA:8,2
DA:9,2
DA:10,2
DA:11,2
DA:12,1
DA:14,1
DA:15,1
DA:19,1
DA:21,1
DA:27,1
DA:28,1
DA:29,1
DA:33,1
DA:35,0
DA:41,2
DA:42,2
DA:43,2
DA:44,2
DA:45,2
DA:46,1
DA:48,1
DA:53,1
DA:55,1
DA:61,2
DA:62,2
DA:63,2
DA:64,2
DA:65,1
DA:67,1
DA:68,1
DA:70,1
DA:75,8
LF:35
LH:34
BRDA:11,0,0,1
BRDA:11,0,1,1
BRDA:45,1,0,1
BRDA:45,1,1,1
BRDA:64,2,0,1
BRDA:64,2,1,1
BRF:6
BRH:6
end_of_record
TN:
SF:controllers\controllerDocument.js
FN:13,(anonymous_0)
FN:29,(anonymous_1)
FN:96,(anonymous_2)
FNF:3
FNH:3
FNDA:2,(anonymous_0)
FNDA:7,(anonymous_1)
FNDA:2,(anonymous_2)
DA:8,8
DA:9,8
DA:10,8
DA:14,2
DA:15,2
DA:17,2
DA:18,2
DA:19,1
DA:22,1
DA:24,1
DA:25,1
DA:30,7
DA:31,7
DA:32,6
DA:34,6
DA:35,1
DA:38,5
DA:52,5
DA:53,1
DA:56,4
DA:67,4
DA:72,3
DA:74,1
DA:79,4
DA:80,3
DA:82,3
DA:83,5
DA:89,5
DA:90,2
DA:93,3
DA:96,1
DA:97,2
DA:105,1
DA:111,1
DA:112,0
DA:115,1
DA:124,2
DA:126,5
DA:127,5
DA:132,8
LF:40
LH:39
BRDA:18,0,0,1
BRDA:18,0,1,1
BRDA:34,1,0,1
BRDA:34,1,1,5
BRDA:52,2,0,1
BRDA:52,2,1,4
BRDA:67,3,0,3
BRDA:67,3,1,1
BRDA:68,4,0,4
BRDA:68,4,1,4
BRDA:68,4,2,4
BRDA:79,5,0,3
BRDA:79,5,1,1
BRDA:89,6,0,2
BRDA:89,6,1,3
BRDA:111,7,0,0
BRDA:111,7,1,1
BRF:17
BRH:16
end_of_record
TN:
SF:controllers\controllerMessage.js
FN:110,(anonymous_0)
FN:148,(anonymous_1)
FN:190,(anonymous_2)
FN:216,(anonymous_3)
FN:250,(anonymous_4)
FN:303,(anonymous_5)
FN:345,(anonymous_6)
FNF:7
FNH:7
FNDA:5,(anonymous_0)
FNDA:2,(anonymous_1)
FNDA:3,(anonymous_2)
FNDA:1,(anonymous_3)
FNDA:2,(anonymous_4)
FNDA:2,(anonymous_5)
FNDA:2,(anonymous_6)
DA:8,8
DA:9,8
DA:10,8
DA:11,8
DA:12,8
DA:13,8
DA:18,8
DA:111,5
DA:115,5
DA:117,5
DA:118,5
DA:121,5
DA:122,5
DA:123,5
DA:125,4
DA:131,4
DA:132,4
DA:133,1
DA:136,3
DA:137,2
DA:138,2
DA:143,2
DA:144,1
DA:148,2
DA:150,2
DA:161,2
DA:162,2
DA:163,1
DA:164,1
DA:165,1
DA:168,2
DA:180,2
DA:182,2
DA:183,2
DA:185,3
DA:191,3
DA:192,3
DA:193,3
DA:197,3
DA:202,3
DA:203,3
DA:205,2
DA:207,2
DA:208,1
DA:211,1
DA:212,1
DA:213,1
DA:214,1
DA:216,1
DA:217,1
DA:230,1
DA:242,1
DA:243,1
DA:245,2
DA:246,2
DA:251,2
DA:252,2
DA:253,2
DA:255,2
DA:256,2
DA:258,1
DA:269,1
DA:270,1
DA:272,1
DA:273,1
DA:304,2
DA:305,2
DA:306,2
DA:322,1
DA:337,1
DA:338,1
DA:340,1
DA:346,2
DA:347,2
DA:349,2
DA:367,2
DA:371,1
DA:373,1
DA:404,8
LF:79
LH:79
BRDA:132,0,0,1
BRDA:132,0,1,3
BRDA:136,1,0,2
BRDA:136,1,1,1
BRDA:136,2,0,3
BRDA:136,2,1,1
BRDA:143,3,0,1
BRDA:143,3,1,1
BRDA:162,4,0,1
BRDA:162,4,1,1
BRDA:162,5,0,2
BRDA:162,5,1,1
BRDA:207,6,0,1
BRDA:207,6,1,1
BRF:14
BRH:14
end_of_record
TN:
SF:controllers\controllerNotification.js
FN:5,(anonymous_0)
FN:16,(anonymous_1)
FN:27,(anonymous_2)
FNF:3
FNH:3
FNDA:2,(anonymous_0)
FNDA:2,(anonymous_1)
FNDA:2,(anonymous_2)
DA:1,8
DA:6,2
DA:7,2
DA:8,2
DA:9,1
DA:11,1
DA:17,2
DA:18,2
DA:19,2
DA:20,1
DA:22,1
DA:28,2
DA:29,2
DA:30,2
DA:36,1
DA:38,1
DA:43,8
LF:17
LH:17
BRF:0
BRH:0
end_of_record
TN:
SF:controllers\controllerSignature.js
FN:12,(anonymous_0)
FN:42,(anonymous_1)
FN:66,(anonymous_2)
FN:101,(anonymous_3)
FN:127,(anonymous_4)
FNF:5
FNH:1
FNDA:1,(anonymous_0)
FNDA:0,(anonymous_1)
FNDA:0,(anonymous_2)
FNDA:0,(anonymous_3)
FNDA:0,(anonymous_4)
DA:1,8
DA:2,8
DA:3,8
DA:5,8
DA:13,1
DA:14,1
DA:15,1
DA:16,1
DA:17,1
DA:18,1
DA:19,0
DA:22,1
DA:27,0
DA:29,0
DA:34,0
DA:36,0
DA:38,1
DA:43,0
DA:44,0
DA:45,0
DA:46,0
DA:47,0
DA:48,0
DA:51,0
DA:59,0
DA:61,0
DA:62,0
DA:67,0
DA:68,0
DA:69,0
DA:70,0
DA:71,0
DA:72,0
DA:73,0
DA:76,0
DA:81,0
DA:83,0
DA:94,0
DA:96,0
DA:97,0
DA:102,0
DA:103,0
DA:105,0
DA:106,0
DA:107,0
DA:109,0
DA:110,0
DA:113,0
DA:118,0
DA:120,0
DA:122,0
DA:123,0
DA:128,0
DA:129,0
DA:130,0
DA:131,0
DA:132,0
DA:133,0
DA:136,0
DA:147,0
DA:149,0
DA:150,0
DA:155,8
LF:63
LH:13
BRDA:18,0,0,0
BRDA:18,0,1,1
BRDA:47,1,0,0
BRDA:47,1,1,0
BRDA:72,2,0,0
BRDA:72,2,1,0
BRDA:109,3,0,0
BRDA:109,3,1,0
BRDA:132,4,0,0
BRDA:132,4,1,0
BRF:10
BRH:1
end_of_record
TN:
SF:controllers\controllerUser.js
FN:8,(anonymous_0)
FN:30,(anonymous_1)
FN:95,(anonymous_2)
FN:128,(anonymous_3)
FN:157,(anonymous_4)
FNF:5
FNH:5
FNDA:8,(anonymous_0)
FNDA:5,(anonymous_1)
FNDA:4,(anonymous_2)
FNDA:1,(anonymous_3)
FNDA:2,(anonymous_4)
DA:1,8
DA:2,8
DA:3,8
DA:9,8
DA:25,8
DA:29,8
DA:30,5
DA:31,5
DA:43,3
DA:59,1
DA:65,3
DA:66,3
DA:67,1
DA:69,2
DA:81,1
DA:89,6
DA:90,6
DA:96,4
DA:97,4
DA:98,4
DA:99,1
DA:102,3
DA:103,3
DA:104,1
DA:110,2
DA:111,2
DA:112,1
DA:114,1
DA:118,1
DA:119,1
DA:123,3
DA:129,1
DA:130,1
DA:131,1
DA:132,1
DA:143,1
DA:152,0
DA:158,2
DA:159,2
DA:160,2
DA:161,2
DA:162,2
DA:166,2
DA:176,1
DA:180,1
DA:185,8
LF:46
LH:45
BRDA:29,0,0,5
BRDA:29,0,1,3
BRDA:66,1,0,1
BRDA:66,1,1,2
BRDA:98,2,0,1
BRDA:98,2,1,3
BRDA:98,3,0,4
BRDA:98,3,1,3
BRDA:103,4,0,1
BRDA:103,4,1,2
BRDA:111,5,0,1
BRDA:111,5,1,1
BRF:12
BRH:12
end_of_record
TN:
SF:helpers\bcrypt.js
FN:3,(anonymous_0)
FN:8,(anonymous_1)
FNF:2
FNH:2
FNDA:26,(anonymous_0)
FNDA:4,(anonymous_1)
DA:1,8
DA:3,8
DA:4,26
DA:5,26
DA:8,8
DA:9,4
DA:10,4
DA:13,8
LF:8
LH:8
BRF:0
BRH:0
end_of_record
TN:
SF:helpers\crypto.js
FN:4,(anonymous_0)
FN:23,(anonymous_1)
FN:51,(anonymous_2)
FN:66,(anonymous_3)
FNF:4
FNH:4
FNDA:4,(anonymous_0)
FNDA:4,(anonymous_1)
FNDA:4,(anonymous_2)
FNDA:6,(anonymous_3)
DA:1,8
DA:2,8
DA:4,8
DA:5,4
DA:17,4
DA:18,4
DA:20,4
DA:23,8
DA:24,4
DA:25,4
DA:31,2
DA:36,2
DA:41,2
DA:43,2
DA:45,2
DA:47,2
DA:51,8
DA:52,4
DA:57,4
DA:58,4
DA:59,4
DA:60,4
DA:62,4
DA:63,4
DA:66,8
DA:67,6
DA:69,6
DA:75,6
DA:76,6
DA:77,6
DA:79,6
DA:84,6
DA:87,8
LF:33
LH:33
BRDA:43,0,0,2
BRDA:43,0,1,0
BRF:2
BRH:1
end_of_record
TN:
SF:helpers\exiftool.js
FN:5,(anonymous_0)
FN:27,(anonymous_1)
FNF:2
FNH:2
FNDA:5,(anonymous_0)
FNDA:6,(anonymous_1)
DA:1,8
DA:2,8
DA:3,8
DA:5,8
DA:6,5
DA:7,5
DA:8,5
DA:18,5
DA:19,5
DA:20,5
DA:22,0
DA:23,0
DA:27,8
DA:28,6
DA:29,6
DA:30,6
DA:31,6
DA:32,6
DA:34,6
DA:36,0
DA:37,0
DA:41,8
LF:22
LH:18
BRF:0
BRH:0
end_of_record
TN:
SF:helpers\jwt.js
FN:4,(anonymous_0)
FN:8,(anonymous_1)
FNF:2
FNH:2
FNDA:15,(anonymous_0)
FNDA:80,(anonymous_1)
DA:1,8
DA:2,8
DA:4,8
DA:5,15
DA:8,8
DA:9,80
DA:12,8
LF:7
LH:7
BRF:0
BRH:0
end_of_record
TN:
SF:helpers\nodemailer.js
FN:3,sendEmail
FN:282,(anonymous_1)
FN:288,sendEmailToReceiver
FN:557,(anonymous_3)
FN:563,sendEmailToSender
FN:832,(anonymous_5)
FN:838,sendEmailRejected
FN:1107,(anonymous_7)
FNF:8
FNH:5
FNDA:1,sendEmail
FNDA:0,(anonymous_1)
FNDA:2,sendEmailToReceiver
FNDA:1,(anonymous_3)
FNDA:1,sendEmailToSender
FNDA:0,(anonymous_5)
FNDA:1,sendEmailRejected
FNDA:0,(anonymous_7)
DA:1,8
DA:4,1
DA:12,1
DA:282,1
DA:283,0
DA:284,0
DA:289,2
DA:297,2
DA:557,2
DA:558,1
DA:559,1
DA:564,1
DA:572,1
DA:832,1
DA:833,0
DA:834,0
DA:839,1
DA:847,1
DA:1107,1
DA:1108,0
DA:1109,0
DA:1113,8
LF:22
LH:16
BRDA:283,0,0,0
BRDA:283,0,1,0
BRDA:558,1,0,0
BRDA:558,1,1,1
BRDA:833,2,0,0
BRDA:833,2,1,0
BRDA:1108,3,0,0
BRDA:1108,3,1,0
BRF:8
BRH:1
end_of_record
TN:
SF:middlewares\authetication.js
FN:4,authetication
FN:32,autheticationAdm
FNF:2
FNH:2
FNDA:61,authetication
FNDA:24,autheticationAdm
DA:1,8
DA:2,8
DA:5,61
DA:6,61
DA:7,61
DA:8,5
DA:11,56
DA:12,49
DA:15,48
DA:16,6
DA:19,42
DA:26,42
DA:28,19
DA:33,24
DA:34,24
DA:35,24
DA:36,4
DA:39,20
DA:40,20
DA:41,20
DA:42,4
DA:45,16
DA:46,16
DA:48,8
DA:52,8
LF:25
LH:25
BRDA:7,0,0,5
BRDA:7,0,1,56
BRDA:15,1,0,6
BRDA:15,1,1,42
BRDA:35,2,0,4
BRDA:35,2,1,20
BRDA:41,3,0,4
BRDA:41,3,1,16
BRF:8
BRH:8
end_of_record
TN:
SF:middlewares\authorization.js
FN:3,authorizationStatus
FNF:1
FNH:1
FNDA:9,authorizationStatus
DA:1,8
DA:4,9
DA:5,9
DA:7,9
DA:9,9
DA:10,1
DA:13,8
DA:15,1
DA:19,8
LF:9
LH:9
BRDA:9,0,0,1
BRDA:9,0,1,8
BRF:2
BRH:2
end_of_record
TN:
SF:middlewares\errorHandler.js
FN:1,(anonymous_0)
FNF:1
FNH:1
FNDA:76,(anonymous_0)
DA:1,8
DA:2,76
DA:3,76
DA:4,76
DA:6,76
DA:10,12
DA:11,12
DA:12,64
DA:13,2
DA:14,2
DA:15,62
DA:16,2
DA:17,2
DA:18,60
DA:22,18
DA:23,18
DA:24,42
DA:25,4
DA:26,4
DA:27,38
DA:28,0
DA:29,0
DA:31,38
DA:32,0
DA:33,0
DA:34,38
DA:35,3
DA:36,3
DA:37,35
DA:38,1
DA:39,1
DA:40,34
DA:41,2
DA:42,2
DA:43,32
DA:44,1
DA:45,1
DA:46,31
DA:47,8
DA:48,8
DA:49,23
DA:50,2
DA:51,2
DA:52,21
DA:53,4
DA:54,4
DA:57,76
DA:60,8
LF:48
LH:44
BRDA:6,0,0,12
BRDA:6,0,1,64
BRDA:7,1,0,76
BRDA:7,1,1,67
BRDA:12,2,0,2
BRDA:12,2,1,62
BRDA:15,3,0,2
BRDA:15,3,1,60
BRDA:18,4,0,18
BRDA:18,4,1,42
BRDA:19,5,0,60
BRDA:19,5,1,49
BRDA:24,6,0,4
BRDA:24,6,1,38
BRDA:27,7,0,0
BRDA:27,7,1,38
BRDA:31,8,0,0
BRDA:31,8,1,38
BRDA:34,9,0,3
BRDA:34,9,1,35
BRDA:37,10,0,1
BRDA:37,10,1,34
BRDA:40,11,0,2
BRDA:40,11,1,32
BRDA:43,12,0,1
BRDA:43,12,1,31
BRDA:46,13,0,8
BRDA:46,13,1,23
BRDA:49,14,0,2
BRDA:49,14,1,21
BRDA:52,15,0,4
BRDA:52,15,1,17
BRF:32
BRH:30
end_of_record
TN:
SF:models\admin.js
FN:5,(anonymous_0)
FN:12,(anonymous_1)
FNF:2
FNH:2
FNDA:8,(anonymous_0)
FNDA:8,(anonymous_1)
DA:4,8
DA:5,8
DA:16,8
DA:57,8
LF:4
LH:4
BRF:0
BRH:0
end_of_record
TN:
SF:models\company.js
FN:3,(anonymous_0)
FN:10,(anonymous_1)
FN:95,(anonymous_2)
FNF:3
FNH:3
FNDA:8,(anonymous_0)
FNDA:8,(anonymous_1)
FNDA:9,(anonymous_2)
DA:2,8
DA:3,8
DA:12,8
DA:15,8
DA:95,8
DA:96,9
DA:98,9
DA:99,9
DA:101,8
LF:9
LH:9
BRF:0
BRH:0
end_of_record
TN:
SF:models\contact.js
FN:5,(anonymous_0)
FN:12,(anonymous_1)
FNF:2
FNH:2
FNDA:8,(anonymous_0)
FNDA:8,(anonymous_1)
DA:4,8
DA:5,8
DA:14,8
DA:15,8
DA:18,8
DA:36,8
LF:6
LH:6
BRF:0
BRH:0
end_of_record
TN:
SF:models\document.js
FN:3,(anonymous_0)
FN:10,(anonymous_1)
FNF:2
FNH:2
FNDA:8,(anonymous_0)
FNDA:8,(anonymous_1)
DA:2,8
DA:3,8
DA:12,8
DA:13,8
DA:16,8
DA:30,8
LF:6
LH:6
BRF:0
BRH:0
end_of_record
TN:
SF:models\index.js
FN:21,(anonymous_0)
FN:24,(anonymous_1)
FN:29,(anonymous_2)
FNF:3
FNH:3
FNDA:72,(anonymous_0)
FNDA:64,(anonymous_1)
FNDA:64,(anonymous_2)
DA:3,8
DA:4,8
DA:5,8
DA:6,8
DA:7,8
DA:8,8
DA:9,8
DA:10,8
DA:13,8
DA:14,0
DA:16,8
DA:19,8
DA:22,72
DA:25,64
DA:26,64
DA:29,8
DA:30,64
DA:31,64
DA:35,8
DA:36,8
DA:38,8
LF:21
LH:20
BRDA:8,0,0,8
BRDA:8,0,1,0
BRDA:13,1,0,0
BRDA:13,1,1,8
BRDA:22,2,0,72
BRDA:22,2,1,72
BRDA:22,2,2,64
BRDA:30,3,0,64
BRDA:30,3,1,0
BRF:9
BRH:6
end_of_record
TN:
SF:models\message.js
FN:3,(anonymous_0)
FN:10,(anonymous_1)
FNF:2
FNH:2
FNDA:8,(anonymous_0)
FNDA:8,(anonymous_1)
DA:2,8
DA:3,8
DA:12,8
DA:16,8
DA:20,8
DA:23,8
DA:60,8
LF:7
LH:7
BRF:0
BRH:0
end_of_record
TN:
SF:models\notification.js
FN:5,(anonymous_0)
FN:12,(anonymous_1)
FN:25,(anonymous_2)
FNF:3
FNH:3
FNDA:8,(anonymous_0)
FNDA:8,(anonymous_1)
FNDA:1,(anonymous_2)
DA:4,8
DA:5,8
DA:14,8
DA:17,8
DA:25,8
DA:26,1
DA:28,8
LF:7
LH:7
BRF:0
BRH:0
end_of_record
TN:
SF:models\signature.js
FN:3,(anonymous_0)
FN:10,(anonymous_1)
FNF:2
FNH:2
FNDA:8,(anonymous_0)
FNDA:8,(anonymous_1)
DA:2,8
DA:3,8
DA:12,8
DA:15,8
DA:25,8
LF:5
LH:5
BRF:0
BRH:0
end_of_record
TN:
SF:models\user.js
FN:4,(anonymous_0)
FN:11,(anonymous_1)
FN:131,(anonymous_2)
FNF:3
FNH:3
FNDA:8,(anonymous_0)
FNDA:8,(anonymous_1)
FNDA:16,(anonymous_2)
DA:2,8
DA:3,8
DA:4,8
DA:13,8
DA:14,8
DA:15,8
DA:16,8
DA:17,8
DA:21,8
DA:24,8
DA:25,8
DA:28,8
DA:131,8
DA:132,16
DA:133,16
DA:134,16
DA:136,8
LF:17
LH:17
BRF:0
BRH:0
end_of_record
TN:
SF:routers\admin.js
FNF:0
FNH:0
DA:1,8
DA:2,8
DA:3,8
DA:4,8
DA:9,8
DA:10,8
DA:11,8
DA:12,8
DA:13,8
DA:14,8
DA:17,8
LF:11
LH:11
BRF:0
BRH:0
end_of_record
TN:
SF:routers\company.js
FNF:0
FNH:0
DA:1,8
DA:2,8
DA:3,8
DA:5,8
DA:6,8
DA:7,8
DA:8,8
DA:10,8
LF:8
LH:8
BRF:0
BRH:0
end_of_record
TN:
SF:routers\contact.js
FNF:0
FNH:0
DA:1,8
DA:2,8
DA:3,8
DA:5,8
DA:6,8
DA:7,8
DA:8,8
DA:10,8
LF:8
LH:8
BRF:0
BRH:0
end_of_record
TN:
SF:routers\document.js
FNF:0
FNH:0
DA:1,8
DA:2,8
DA:3,8
DA:17,8
DA:19,8
LF:5
LH:5
BRF:0
BRH:0
end_of_record
TN:
SF:routers\index.js
FN:7,(anonymous_0)
FN:10,(anonymous_1)
FNF:2
FNH:2
FNDA:6,(anonymous_0)
FNDA:6,(anonymous_1)
DA:1,8
DA:2,8
DA:3,8
DA:4,8
DA:5,8
DA:6,8
DA:8,6
DA:11,6
DA:14,8
DA:16,8
DA:17,8
DA:19,8
DA:20,8
DA:22,8
DA:28,8
DA:30,8
DA:31,8
DA:33,8
DA:34,8
DA:36,8
DA:37,8
DA:39,8
DA:40,8
DA:42,8
DA:43,8
DA:45,8
DA:46,8
DA:48,8
LF:28
LH:28
BRF:0
BRH:0
end_of_record
TN:
SF:routers\message.js
FN:8,(anonymous_0)
FN:11,(anonymous_1)
FNF:2
FNH:2
FNDA:7,(anonymous_0)
FNDA:7,(anonymous_1)
DA:1,8
DA:2,8
DA:3,8
DA:4,8
DA:5,8
DA:7,8
DA:9,7
DA:12,7
DA:15,8
DA:17,8
DA:23,8
DA:24,8
DA:25,8
DA:31,8
DA:33,8
LF:15
LH:15
BRF:0
BRH:0
end_of_record
TN:
SF:routers\notification.js
FNF:0
FNH:0
DA:1,8
DA:2,8
DA:3,8
DA:5,8
DA:6,8
DA:7,8
DA:9,8
LF:7
LH:7
BRF:0
BRH:0
end_of_record
TN:
SF:routers\signature.js
FNF:0
FNH:0
DA:1,8
DA:2,8
DA:3,8
DA:4,8
DA:5,8
DA:6,8
DA:8,8
DA:14,8
DA:20,8
DA:22,8
DA:23,8
DA:28,8
DA:29,8
DA:30,8
DA:36,8
LF:15
LH:15
BRF:0
BRH:0
end_of_record
TN:
SF:routers\user.js
FNF:0
FNH:0
DA:1,8
DA:2,8
DA:3,8
DA:4,8
DA:5,8
DA:6,8
DA:7,8
DA:9,8
DA:15,8
DA:21,8
DA:23,8
DA:24,8
DA:26,8
DA:27,8
DA:29,8
LF:15
LH:15
BRF:0
BRH:0
end_of_record
