TN:
SF:app.js
FNF:0
FNH:0
DA:1,4
DA:2,4
DA:4,4
DA:5,4
DA:6,4
DA:8,4
DA:14,4
DA:20,4
DA:22,4
DA:23,4
DA:24,4
DA:25,4
DA:26,4
DA:27,4
DA:38,4
DA:39,4
DA:40,4
DA:41,4
DA:42,4
DA:48,4
DA:52,4
LF:21
LH:21
BRDA:1,0,0,4
BRDA:1,0,1,0
BRDA:24,1,0,4
BRDA:24,1,1,4
BRF:4
BRH:3
end_of_record
TN:
SF:controllers\controllerCMSAdmin.js
FN:9,(anonymous_0)
FN:38,(anonymous_1)
FN:58,(anonymous_2)
FN:85,(anonymous_3)
FN:97,(anonymous_4)
FN:121,(anonymous_5)
FNF:6
FNH:3
FNDA:3,(anonymous_0)
FNDA:7,(anonymous_1)
FNDA:1,(anonymous_2)
FNDA:0,(anonymous_3)
FNDA:0,(anonymous_4)
FNDA:0,(anonymous_5)
DA:1,4
DA:2,4
DA:3,4
DA:4,4
DA:5,4
DA:6,4
DA:10,3
DA:11,3
DA:12,3
DA:13,0
DA:15,3
DA:16,3
DA:17,1
DA:20,2
DA:21,2
DA:22,1
DA:25,1
DA:30,1
DA:31,1
DA:33,2
DA:34,2
DA:39,7
DA:40,7
DA:41,7
DA:42,7
DA:48,1
DA:54,6
DA:59,1
DA:60,1
DA:61,1
DA:72,1
DA:73,0
DA:78,1
DA:79,1
DA:81,0
DA:86,0
DA:87,0
DA:88,0
DA:91,0
DA:93,0
DA:98,0
DA:99,0
DA:100,0
DA:102,0
DA:103,0
DA:105,0
DA:112,0
DA:113,0
DA:117,0
DA:122,0
DA:123,0
DA:124,0
DA:126,0
DA:127,0
DA:130,0
DA:134,0
DA:138,0
DA:143,4
LF:58
LH:33
BRDA:12,0,0,0
BRDA:12,0,1,3
BRDA:12,1,0,3
BRDA:12,1,1,3
BRDA:16,2,0,1
BRDA:16,2,1,2
BRDA:21,3,0,1
BRDA:21,3,1,1
BRDA:72,4,0,0
BRDA:72,4,1,1
BRDA:126,5,0,0
BRDA:126,5,1,0
BRF:12
BRH:8
end_of_record
TN:
SF:controllers\controllerCompany.js
FN:5,(anonymous_0)
FN:16,(anonymous_1)
FN:49,(anonymous_2)
FN:63,(anonymous_3)
FNF:4
FNH:0
FNDA:0,(anonymous_0)
FNDA:0,(anonymous_1)
FNDA:0,(anonymous_2)
FNDA:0,(anonymous_3)
DA:1,4
DA:2,4
DA:6,0
DA:7,0
DA:8,0
DA:9,0
DA:11,0
DA:17,0
DA:18,0
DA:19,0
DA:20,0
DA:22,0
DA:27,0
DA:29,0
DA:41,0
DA:42,0
DA:44,0
DA:50,0
DA:51,0
DA:52,0
DA:53,0
DA:57,0
DA:59,0
DA:64,0
DA:65,0
DA:66,0
DA:67,0
DA:68,0
DA:72,0
DA:75,0
DA:80,4
LF:31
LH:3
BRDA:67,0,0,0
BRDA:67,0,1,0
BRF:2
BRH:0
end_of_record
TN:
SF:controllers\controllerContact.js
FN:6,(anonymous_0)
FN:26,(anonymous_1)
FN:41,(anonymous_2)
FN:61,(anonymous_3)
FNF:4
FNH:0
FNDA:0,(anonymous_0)
FNDA:0,(anonymous_1)
FNDA:0,(anonymous_2)
FNDA:0,(anonymous_3)
DA:1,4
DA:7,0
DA:8,0
DA:9,0
DA:10,0
DA:11,0
DA:12,0
DA:14,0
DA:15,0
DA:19,0
DA:21,0
DA:27,0
DA:28,0
DA:29,0
DA:30,0
DA:31,0
DA:32,0
DA:34,0
DA:36,0
DA:42,0
DA:43,0
DA:44,0
DA:45,0
DA:46,0
DA:47,0
DA:49,0
DA:50,0
DA:51,0
DA:52,0
DA:54,0
DA:56,0
DA:62,0
DA:63,0
DA:64,0
DA:65,0
DA:66,0
DA:68,0
DA:69,0
DA:71,0
DA:76,4
LF:40
LH:2
BRDA:11,0,0,0
BRDA:11,0,1,0
BRDA:30,1,0,0
BRDA:30,1,1,0
BRDA:46,2,0,0
BRDA:46,2,1,0
BRDA:50,3,0,0
BRDA:50,3,1,0
BRDA:65,4,0,0
BRDA:65,4,1,0
BRF:10
BRH:0
end_of_record
TN:
SF:controllers\controllerDocument.js
FN:11,(anonymous_0)
FNF:1
FNH:0
FNDA:0,(anonymous_0)
DA:8,4
DA:12,0
DA:13,0
DA:15,0
DA:17,0
DA:19,0
DA:20,0
DA:25,4
LF:8
LH:2
BRF:0
BRH:0
end_of_record
TN:
SF:controllers\controllerMessage.js
FN:105,(anonymous_0)
FN:121,(anonymous_1)
FN:134,(anonymous_2)
FN:135,(anonymous_3)
FN:161,(anonymous_4)
FN:203,(anonymous_5)
FN:227,(anonymous_6)
FN:287,(anonymous_7)
FN:329,(anonymous_8)
FNF:9
FNH:0
FNDA:0,(anonymous_0)
FNDA:0,(anonymous_1)
FNDA:0,(anonymous_2)
FNDA:0,(anonymous_3)
FNDA:0,(anonymous_4)
FNDA:0,(anonymous_5)
FNDA:0,(anonymous_6)
FNDA:0,(anonymous_7)
FNDA:0,(anonymous_8)
DA:8,4
DA:9,4
DA:10,4
DA:11,4
DA:12,4
DA:13,4
DA:106,0
DA:110,0
DA:112,0
DA:113,0
DA:116,0
DA:117,0
DA:119,0
DA:122,0
DA:134,0
DA:135,0
DA:138,0
DA:144,0
DA:145,0
DA:146,0
DA:149,0
DA:150,0
DA:151,0
DA:156,0
DA:157,0
DA:161,0
DA:163,0
DA:174,0
DA:175,0
DA:176,0
DA:177,0
DA:178,0
DA:181,0
DA:193,0
DA:196,0
DA:198,0
DA:204,0
DA:205,0
DA:206,0
DA:207,0
DA:208,0
DA:210,0
DA:216,0
DA:218,0
DA:219,0
DA:222,0
DA:223,0
DA:224,0
DA:225,0
DA:227,0
DA:228,0
DA:241,0
DA:254,0
DA:256,0
DA:257,0
DA:288,0
DA:289,0
DA:290,0
DA:306,0
DA:321,0
DA:322,0
DA:324,0
DA:330,0
DA:331,0
DA:332,0
DA:350,0
DA:354,0
DA:356,0
DA:387,4
LF:69
LH:7
BRDA:145,0,0,0
BRDA:145,0,1,0
BRDA:149,1,0,0
BRDA:149,1,1,0
BRDA:149,2,0,0
BRDA:149,2,1,0
BRDA:156,3,0,0
BRDA:156,3,1,0
BRDA:175,4,0,0
BRDA:175,4,1,0
BRDA:175,5,0,0
BRDA:175,5,1,0
BRDA:218,6,0,0
BRDA:218,6,1,0
BRF:14
BRH:0
end_of_record
TN:
SF:controllers\controllerNotification.js
FN:6,(anonymous_0)
FN:17,(anonymous_1)
FN:28,(anonymous_2)
FNF:3
FNH:0
FNDA:0,(anonymous_0)
FNDA:0,(anonymous_1)
FNDA:0,(anonymous_2)
DA:1,4
DA:7,0
DA:8,0
DA:9,0
DA:10,0
DA:12,0
DA:18,0
DA:19,0
DA:20,0
DA:21,0
DA:23,0
DA:29,0
DA:30,0
DA:31,0
DA:34,0
DA:36,0
DA:41,4
LF:17
LH:2
BRF:0
BRH:0
end_of_record
TN:
SF:controllers\controllerSignature.js
FN:12,(anonymous_0)
FN:42,(anonymous_1)
FN:66,(anonymous_2)
FN:68,(anonymous_3)
FNF:4
FNH:1
FNDA:1,(anonymous_0)
FNDA:0,(anonymous_1)
FNDA:0,(anonymous_2)
FNDA:0,(anonymous_3)
DA:1,4
DA:2,4
DA:3,4
DA:5,4
DA:13,1
DA:14,1
DA:15,1
DA:16,1
DA:17,1
DA:18,1
DA:19,0
DA:22,1
DA:27,0
DA:29,0
DA:34,0
DA:36,0
DA:38,1
DA:43,0
DA:44,0
DA:45,0
DA:46,0
DA:47,0
DA:48,0
DA:51,0
DA:59,0
DA:61,0
DA:62,0
DA:71,4
LF:28
LH:13
BRDA:18,0,0,0
BRDA:18,0,1,1
BRDA:47,1,0,0
BRDA:47,1,1,0
BRF:4
BRH:1
end_of_record
TN:
SF:controllers\controllerUser.js
FN:9,(anonymous_0)
FN:30,(anonymous_1)
FN:90,(anonymous_2)
FN:123,(anonymous_3)
FN:140,(anonymous_4)
FNF:5
FNH:2
FNDA:1,(anonymous_0)
FNDA:1,(anonymous_1)
FNDA:0,(anonymous_2)
FNDA:0,(anonymous_3)
FNDA:0,(anonymous_4)
DA:1,4
DA:2,4
DA:3,4
DA:4,4
DA:10,1
DA:27,1
DA:29,1
DA:30,1
DA:31,1
DA:43,1
DA:58,0
DA:63,0
DA:64,0
DA:65,0
DA:67,0
DA:78,0
DA:85,1
DA:91,0
DA:92,0
DA:93,0
DA:94,0
DA:97,0
DA:98,0
DA:99,0
DA:105,0
DA:106,0
DA:107,0
DA:109,0
DA:113,0
DA:114,0
DA:118,0
DA:124,0
DA:125,0
DA:126,0
DA:127,0
DA:128,0
DA:135,0
DA:141,0
DA:142,0
DA:143,0
DA:144,0
DA:145,0
DA:146,0
DA:147,0
DA:149,0
DA:159,0
DA:163,0
DA:170,4
LF:48
LH:12
BRDA:29,0,0,1
BRDA:29,0,1,0
BRDA:64,1,0,0
BRDA:64,1,1,0
BRDA:93,2,0,0
BRDA:93,2,1,0
BRDA:93,3,0,0
BRDA:93,3,1,0
BRDA:98,4,0,0
BRDA:98,4,1,0
BRDA:106,5,0,0
BRDA:106,5,1,0
BRDA:146,6,0,0
BRDA:146,6,1,0
BRF:14
BRH:1
end_of_record
TN:
SF:helpers\bcrypt.js
FN:3,(anonymous_0)
FN:8,(anonymous_1)
FNF:2
FNH:2
FNDA:18,(anonymous_0)
FNDA:2,(anonymous_1)
DA:1,4
DA:3,4
DA:4,18
DA:5,18
DA:8,4
DA:9,2
DA:10,2
DA:13,4
LF:8
LH:8
BRF:0
BRH:0
end_of_record
TN:
SF:helpers\crypto.js
FN:4,(anonymous_0)
FN:23,(anonymous_1)
FN:51,(anonymous_2)
FN:66,(anonymous_3)
FNF:4
FNH:0
FNDA:0,(anonymous_0)
FNDA:0,(anonymous_1)
FNDA:0,(anonymous_2)
FNDA:0,(anonymous_3)
DA:1,4
DA:2,4
DA:4,4
DA:5,0
DA:17,0
DA:18,0
DA:20,0
DA:23,4
DA:24,0
DA:25,0
DA:31,0
DA:36,0
DA:41,0
DA:43,0
DA:45,0
DA:47,0
DA:51,4
DA:52,0
DA:57,0
DA:58,0
DA:59,0
DA:60,0
DA:62,0
DA:63,0
DA:66,4
DA:67,0
DA:69,0
DA:75,0
DA:76,0
DA:77,0
DA:79,0
DA:84,0
DA:87,4
LF:33
LH:7
BRDA:43,0,0,0
BRDA:43,0,1,0
BRF:2
BRH:0
end_of_record
TN:
SF:helpers\exiftool.js
FN:5,(anonymous_0)
FNF:1
FNH:0
FNDA:0,(anonymous_0)
DA:1,4
DA:2,4
DA:3,4
DA:5,4
DA:6,0
DA:7,0
DA:8,0
DA:18,0
DA:19,0
DA:20,0
DA:22,0
DA:26,4
LF:12
LH:5
BRF:0
BRH:0
end_of_record
TN:
SF:helpers\jwt.js
FN:4,(anonymous_0)
FN:8,(anonymous_1)
FNF:2
FNH:2
FNDA:4,(anonymous_0)
FNDA:10,(anonymous_1)
DA:1,4
DA:2,4
DA:4,4
DA:5,4
DA:8,4
DA:9,10
DA:12,4
LF:7
LH:7
BRF:0
BRH:0
end_of_record
TN:
SF:helpers\nodemailer.js
FN:3,sendEmail
FN:282,(anonymous_1)
FNF:2
FNH:0
FNDA:0,sendEmail
FNDA:0,(anonymous_1)
DA:1,4
DA:4,0
DA:12,0
DA:282,0
DA:283,0
DA:284,0
DA:288,4
LF:7
LH:2
BRDA:283,0,0,0
BRDA:283,0,1,0
BRF:2
BRH:0
end_of_record
TN:
SF:middlewares\authetication.js
FN:4,authetication
FN:26,autheticationAdm
FNF:2
FNH:2
FNDA:5,authetication
FNDA:7,autheticationAdm
DA:1,4
DA:2,4
DA:5,5
DA:6,5
DA:7,5
DA:8,0
DA:11,5
DA:12,5
DA:15,5
DA:16,0
DA:19,5
DA:20,1
DA:22,4
DA:27,7
DA:28,7
DA:29,7
DA:30,3
DA:33,4
DA:34,4
DA:35,4
DA:36,3
DA:39,1
DA:40,1
DA:42,6
DA:46,4
LF:25
LH:23
BRDA:7,0,0,0
BRDA:7,0,1,5
BRDA:15,1,0,0
BRDA:15,1,1,5
BRDA:29,2,0,3
BRDA:29,2,1,4
BRDA:35,3,0,3
BRDA:35,3,1,1
BRF:8
BRH:6
end_of_record
TN:
SF:middlewares\authorization.js
FN:3,authorizationStatus
FNF:1
FNH:0
FNDA:0,authorizationStatus
DA:1,4
DA:4,0
DA:5,0
DA:7,0
DA:9,0
DA:10,0
DA:13,0
DA:15,0
DA:20,4
LF:9
LH:2
BRDA:9,0,0,0
BRDA:9,0,1,0
BRF:2
BRH:0
end_of_record
TN:
SF:middlewares\errorHandler.js
FN:1,(anonymous_0)
FNF:1
FNH:1
FNDA:20,(anonymous_0)
DA:1,4
DA:2,20
DA:3,20
DA:4,20
DA:6,20
DA:10,7
DA:11,7
DA:12,13
DA:13,0
DA:14,0
DA:15,13
DA:16,0
DA:17,0
DA:18,13
DA:22,0
DA:23,0
DA:24,13
DA:25,2
DA:26,2
DA:27,11
DA:28,0
DA:29,0
DA:31,11
DA:32,0
DA:33,0
DA:34,11
DA:35,0
DA:36,0
DA:37,11
DA:38,0
DA:39,0
DA:40,11
DA:41,0
DA:42,0
DA:43,11
DA:44,0
DA:45,0
DA:46,11
DA:47,6
DA:48,6
DA:49,5
DA:50,0
DA:51,0
DA:54,20
DA:57,4
LF:45
LH:25
BRDA:6,0,0,7
BRDA:6,0,1,13
BRDA:7,1,0,20
BRDA:7,1,1,15
BRDA:12,2,0,0
BRDA:12,2,1,13
BRDA:15,3,0,0
BRDA:15,3,1,13
BRDA:18,4,0,0
BRDA:18,4,1,13
BRDA:19,5,0,13
BRDA:19,5,1,13
BRDA:24,6,0,2
BRDA:24,6,1,11
BRDA:27,7,0,0
BRDA:27,7,1,11
BRDA:31,8,0,0
BRDA:31,8,1,11
BRDA:34,9,0,0
BRDA:34,9,1,11
BRDA:37,10,0,0
BRDA:37,10,1,11
BRDA:40,11,0,0
BRDA:40,11,1,11
BRDA:43,12,0,0
BRDA:43,12,1,11
BRDA:46,13,0,6
BRDA:46,13,1,5
BRDA:49,14,0,0
BRDA:49,14,1,5
BRF:30
BRH:20
end_of_record
TN:
SF:models\admin.js
FN:5,(anonymous_0)
FN:12,(anonymous_1)
FNF:2
FNH:2
FNDA:4,(anonymous_0)
FNDA:4,(anonymous_1)
DA:4,4
DA:5,4
DA:16,4
DA:57,4
LF:4
LH:4
BRF:0
BRH:0
end_of_record
TN:
SF:models\company.js
FN:5,(anonymous_0)
FN:12,(anonymous_1)
FN:94,(anonymous_2)
FNF:3
FNH:3
FNDA:4,(anonymous_0)
FNDA:4,(anonymous_1)
FNDA:1,(anonymous_2)
DA:4,4
DA:5,4
DA:14,4
DA:17,4
DA:94,4
DA:95,1
DA:96,1
DA:97,1
DA:99,4
LF:9
LH:9
BRF:0
BRH:0
end_of_record
TN:
SF:models\contact.js
FN:5,(anonymous_0)
FN:12,(anonymous_1)
FNF:2
FNH:2
FNDA:4,(anonymous_0)
FNDA:4,(anonymous_1)
DA:4,4
DA:5,4
DA:14,4
DA:15,4
DA:18,4
DA:36,4
LF:6
LH:6
BRF:0
BRH:0
end_of_record
TN:
SF:models\document.js
FN:3,(anonymous_0)
FN:10,(anonymous_1)
FNF:2
FNH:2
FNDA:4,(anonymous_0)
FNDA:4,(anonymous_1)
DA:2,4
DA:3,4
DA:12,4
DA:13,4
DA:16,4
DA:30,4
LF:6
LH:6
BRF:0
BRH:0
end_of_record
TN:
SF:models\index.js
FN:21,(anonymous_0)
FN:24,(anonymous_1)
FN:29,(anonymous_2)
FNF:3
FNH:3
FNDA:36,(anonymous_0)
FNDA:32,(anonymous_1)
FNDA:32,(anonymous_2)
DA:3,4
DA:4,4
DA:5,4
DA:6,4
DA:7,4
DA:8,4
DA:9,4
DA:10,4
DA:13,4
DA:14,0
DA:16,4
DA:19,4
DA:22,36
DA:25,32
DA:26,32
DA:29,4
DA:30,32
DA:31,32
DA:35,4
DA:36,4
DA:38,4
LF:21
LH:20
BRDA:8,0,0,4
BRDA:8,0,1,0
BRDA:13,1,0,0
BRDA:13,1,1,4
BRDA:22,2,0,36
BRDA:22,2,1,36
BRDA:22,2,2,32
BRDA:30,3,0,32
BRDA:30,3,1,0
BRF:9
BRH:6
end_of_record
TN:
SF:models\message.js
FN:3,(anonymous_0)
FN:10,(anonymous_1)
FNF:2
FNH:2
FNDA:4,(anonymous_0)
FNDA:4,(anonymous_1)
DA:2,4
DA:3,4
DA:12,4
DA:16,4
DA:20,4
DA:23,4
DA:60,4
LF:7
LH:7
BRF:0
BRH:0
end_of_record
TN:
SF:models\notification.js
FN:5,(anonymous_0)
FN:12,(anonymous_1)
FN:25,(anonymous_2)
FNF:3
FNH:2
FNDA:4,(anonymous_0)
FNDA:4,(anonymous_1)
FNDA:0,(anonymous_2)
DA:4,4
DA:5,4
DA:14,4
DA:17,4
DA:25,4
DA:26,0
DA:28,4
LF:7
LH:6
BRF:0
BRH:0
end_of_record
TN:
SF:models\signature.js
FN:3,(anonymous_0)
FN:10,(anonymous_1)
FNF:2
FNH:2
FNDA:4,(anonymous_0)
FNDA:4,(anonymous_1)
DA:2,4
DA:3,4
DA:12,4
DA:15,4
DA:25,4
LF:5
LH:5
BRF:0
BRH:0
end_of_record
TN:
SF:models\user.js
FN:4,(anonymous_0)
FN:11,(anonymous_1)
FN:131,(anonymous_2)
FNF:3
FNH:3
FNDA:4,(anonymous_0)
FNDA:4,(anonymous_1)
FNDA:6,(anonymous_2)
DA:2,4
DA:3,4
DA:4,4
DA:13,4
DA:14,4
DA:15,4
DA:16,4
DA:17,4
DA:21,4
DA:24,4
DA:25,4
DA:28,4
DA:131,4
DA:132,6
DA:133,6
DA:134,6
DA:136,4
LF:17
LH:17
BRF:0
BRH:0
end_of_record
TN:
SF:routers\admin.js
FNF:0
FNH:0
DA:1,4
DA:2,4
DA:3,4
DA:4,4
DA:6,4
DA:7,4
DA:8,4
DA:9,4
DA:10,4
DA:11,4
DA:13,4
LF:11
LH:11
BRF:0
BRH:0
end_of_record
TN:
SF:routers\company.js
FNF:0
FNH:0
DA:1,4
DA:2,4
DA:3,4
DA:5,4
DA:6,4
DA:7,4
DA:8,4
DA:10,4
LF:8
LH:8
BRF:0
BRH:0
end_of_record
TN:
SF:routers\contact.js
FNF:0
FNH:0
DA:1,4
DA:2,4
DA:3,4
DA:5,4
DA:6,4
DA:7,4
DA:8,4
DA:10,4
LF:8
LH:8
BRF:0
BRH:0
end_of_record
TN:
SF:routers\document.js
FNF:0
FNH:0
DA:1,4
DA:2,4
DA:3,4
DA:5,4
DA:7,4
LF:5
LH:5
BRF:0
BRH:0
end_of_record
TN:
SF:routers\index.js
FNF:0
FNH:0
DA:1,4
DA:2,4
DA:3,4
DA:5,4
DA:6,4
DA:8,4
DA:9,4
DA:11,4
DA:13,4
DA:14,4
DA:16,4
DA:17,4
DA:19,4
DA:20,4
DA:22,4
DA:23,4
DA:25,4
DA:26,4
DA:28,4
DA:29,4
DA:31,4
LF:21
LH:21
BRF:0
BRH:0
end_of_record
TN:
SF:routers\message.js
FN:8,(anonymous_0)
FN:11,(anonymous_1)
FNF:2
FNH:0
FNDA:0,(anonymous_0)
FNDA:0,(anonymous_1)
DA:1,4
DA:2,4
DA:3,4
DA:4,4
DA:5,4
DA:7,4
DA:9,0
DA:12,0
DA:15,4
DA:17,4
DA:18,4
DA:19,4
DA:20,4
DA:22,4
LF:14
LH:12
BRF:0
BRH:0
end_of_record
TN:
SF:routers\notification.js
FNF:0
FNH:0
DA:1,4
DA:2,4
DA:3,4
DA:5,4
DA:6,4
DA:7,4
DA:9,4
LF:7
LH:7
BRF:0
BRH:0
end_of_record
TN:
SF:routers\signature.js
FNF:0
FNH:0
DA:1,4
DA:2,4
DA:3,4
DA:5,4
DA:6,4
DA:7,4
DA:8,4
DA:10,4
LF:8
LH:8
BRF:0
BRH:0
end_of_record
TN:
SF:routers\user.js
FNF:0
FNH:0
DA:1,4
DA:2,4
DA:3,4
DA:4,4
DA:6,4
DA:7,4
DA:9,4
DA:10,4
DA:12,4
LF:9
LH:9
BRF:0
BRH:0
end_of_record
